00:28:20 DEBUG : Logs will be stored at 'C:/Users/willi/Documents/GitHub/ECE385/Lab6/Lab6.1/sdk/IDE.log'.
00:28:22 INFO  : Launching XSCT server: xsct.bat -n  -interactive C:\Users\willi\Documents\GitHub\ECE385\Lab6\Lab6.1\sdk\temp_xsdb_launch_script.tcl
00:28:22 INFO  : Platform repository initialization has completed.
00:28:23 INFO  : Registering command handlers for Vitis TCF services
00:28:27 INFO  : XSCT server has started successfully.
00:28:31 INFO  : Successfully done setting XSCT server connection channel  
00:28:31 INFO  : plnx-install-location is set to ''
00:28:31 INFO  : Successfully done query RDI_DATADIR 
00:28:31 INFO  : Successfully done setting workspace for the tool. 
00:29:17 INFO  : Result from executing command 'getProjects': mb_intro_top
00:29:17 INFO  : Result from executing command 'getPlatforms': 
00:29:17 WARN  : An unexpected exception occurred in the module 'platform project logging'
00:29:17 INFO  : Platform 'mb_intro_top' is added to custom repositories.
00:29:25 INFO  : Platform 'mb_intro_top' is added to custom repositories.
00:30:09 INFO  : Result from executing command 'getProjects': mb_intro_top
00:30:09 INFO  : Result from executing command 'getPlatforms': mb_intro_top|C:/Users/willi/Documents/GitHub/ECE385/Lab6/Lab6.1/sdk/mb_intro_top/export/mb_intro_top/mb_intro_top.xpfm
00:30:10 INFO  : Checking for BSP changes to sync application flags for project 'mb_blinky'...
00:30:51 INFO  : Connected to target on host '127.0.0.1' and port '3121'.
00:30:51 INFO  : Jtag cable 'RealDigital Boo 887100000001A' is selected.
00:30:51 INFO  : 'jtag frequency' command is executed.
00:30:51 INFO  : 'targets -set -filter {jtag_cable_name =~ "RealDigital Boo 887100000001A" && level==0 && jtag_device_ctx=="jsn1-0362f093-0"}' command is executed.
00:30:52 INFO  : Device configured successfully with "C:/Users/willi/Documents/GitHub/ECE385/Lab6/Lab6.1/sdk/mb_blinky/_ide/bitstream/mb_intro_top.bit"
00:30:52 INFO  : Context for processor 'microblaze_0' is selected.
00:30:52 INFO  : Hardware design and registers information is loaded from 'C:/Users/willi/Documents/GitHub/ECE385/Lab6/Lab6.1/sdk/mb_intro_top/export/mb_intro_top/hw/mb_intro_top.xsa'.
00:30:52 INFO  : 'configparams mdm-detect-bscan-mask 2' command is executed.
00:30:52 INFO  : Context for processor 'microblaze_0' is selected.
00:30:52 INFO  : System reset is completed.
00:30:55 INFO  : 'after 3000' command is executed.
00:30:55 INFO  : Context for processor 'microblaze_0' is selected.
00:30:55 ERROR : Cannot stop MicroBlaze. MicroBlaze is held in reset
00:30:55 INFO  : ----------------XSDB Script----------------
connect -url tcp:127.0.0.1:3121
targets -set -filter {jtag_cable_name =~ "RealDigital Boo 887100000001A" && level==0 && jtag_device_ctx=="jsn1-0362f093-0"}
fpga -file C:/Users/willi/Documents/GitHub/ECE385/Lab6/Lab6.1/sdk/mb_blinky/_ide/bitstream/mb_intro_top.bit
targets -set -nocase -filter {name =~ "*microblaze*#0" && bscan=="USER2" }
loadhw -hw C:/Users/willi/Documents/GitHub/ECE385/Lab6/Lab6.1/sdk/mb_intro_top/export/mb_intro_top/hw/mb_intro_top.xsa -regs
configparams mdm-detect-bscan-mask 2
targets -set -nocase -filter {name =~ "*microblaze*#0" && bscan=="USER2" }
rst -system
after 3000
targets -set -nocase -filter {name =~ "*microblaze*#0" && bscan=="USER2" }
dow C:/Users/willi/Documents/GitHub/ECE385/Lab6/Lab6.1/sdk/mb_blinky/Debug/mb_blinky.elf
----------------End of Script----------------

00:30:55 ERROR : Cannot stop MicroBlaze. MicroBlaze is held in reset
00:31:01 INFO  : Connected to target on host '127.0.0.1' and port '3121'.
00:31:01 INFO  : Jtag cable 'RealDigital Boo 887100000001A' is selected.
00:31:01 INFO  : 'jtag frequency' command is executed.
00:31:01 INFO  : 'targets -set -filter {jtag_cable_name =~ "RealDigital Boo 887100000001A" && level==0 && jtag_device_ctx=="jsn1-0362f093-0"}' command is executed.
00:31:02 INFO  : Device configured successfully with "C:/Users/willi/Documents/GitHub/ECE385/Lab6/Lab6.1/sdk/mb_blinky/_ide/bitstream/mb_intro_top.bit"
00:31:03 INFO  : Context for processor 'microblaze_0' is selected.
00:31:03 INFO  : Hardware design and registers information is loaded from 'C:/Users/willi/Documents/GitHub/ECE385/Lab6/Lab6.1/sdk/mb_intro_top/export/mb_intro_top/hw/mb_intro_top.xsa'.
00:31:03 INFO  : 'configparams mdm-detect-bscan-mask 2' command is executed.
00:31:03 INFO  : Context for processor 'microblaze_0' is selected.
00:31:03 INFO  : System reset is completed.
00:31:06 INFO  : 'after 3000' command is executed.
00:31:06 INFO  : Context for processor 'microblaze_0' is selected.
00:31:06 INFO  : The application 'C:/Users/willi/Documents/GitHub/ECE385/Lab6/Lab6.1/sdk/mb_blinky/Debug/mb_blinky.elf' is downloaded to processor 'microblaze_0'.
00:31:06 INFO  : ----------------XSDB Script----------------
connect -url tcp:127.0.0.1:3121
targets -set -filter {jtag_cable_name =~ "RealDigital Boo 887100000001A" && level==0 && jtag_device_ctx=="jsn1-0362f093-0"}
fpga -file C:/Users/willi/Documents/GitHub/ECE385/Lab6/Lab6.1/sdk/mb_blinky/_ide/bitstream/mb_intro_top.bit
targets -set -nocase -filter {name =~ "*microblaze*#0" && bscan=="USER2" }
loadhw -hw C:/Users/willi/Documents/GitHub/ECE385/Lab6/Lab6.1/sdk/mb_intro_top/export/mb_intro_top/hw/mb_intro_top.xsa -regs
configparams mdm-detect-bscan-mask 2
targets -set -nocase -filter {name =~ "*microblaze*#0" && bscan=="USER2" }
rst -system
after 3000
targets -set -nocase -filter {name =~ "*microblaze*#0" && bscan=="USER2" }
dow C:/Users/willi/Documents/GitHub/ECE385/Lab6/Lab6.1/sdk/mb_blinky/Debug/mb_blinky.elf
----------------End of Script----------------

00:31:06 INFO  : Context for processor 'microblaze_0' is selected.
00:31:06 INFO  : 'con' command is executed.
00:31:06 INFO  : ----------------XSDB Script (After Launch)----------------
targets -set -nocase -filter {name =~ "*microblaze*#0" && bscan=="USER2" }
con
----------------End of Script----------------

00:31:06 INFO  : Launch script is exported to file 'C:\Users\willi\Documents\GitHub\ECE385\Lab6\Lab6.1\sdk\mb_blinky_system\_ide\scripts\debugger_mb_blinky-default.tcl'
00:49:25 DEBUG : Logs will be stored at 'D:/ECE385/Lab6/Lab6.1/sdk/IDE.log'.
00:49:25 INFO  : Launching XSCT server: xsct.bat -n  -interactive D:\ECE385\Lab6\Lab6.1\sdk\temp_xsdb_launch_script.tcl
00:49:28 INFO  : XSCT server has started successfully.
00:49:28 INFO  : plnx-install-location is set to ''
00:49:28 INFO  : Successfully done setting XSCT server connection channel  
00:49:28 INFO  : Successfully done setting workspace for the tool. 
00:49:29 INFO  : Successfully done query RDI_DATADIR 
00:49:29 INFO  : Platform repository initialization has completed.
00:49:29 INFO  : Registering command handlers for Vitis TCF services
00:49:39 INFO  : Result from executing command 'getProjects': mb_intro_top
00:49:39 INFO  : Result from executing command 'getPlatforms': xilinx_zcu102_base_202220_1|D:/Xilinx/Vitis/2022.2/base_platforms/xilinx_zcu102_base_202220_1/xilinx_zcu102_base_202220_1.xpfm;xilinx_zcu102_base_dfx_202220_1|D:/Xilinx/Vitis/2022.2/base_platforms/xilinx_zcu102_base_dfx_202220_1/xilinx_zcu102_base_dfx_202220_1.xpfm;xilinx_zcu104_base_202220_1|D:/Xilinx/Vitis/2022.2/base_platforms/xilinx_zcu104_base_202220_1/xilinx_zcu104_base_202220_1.xpfm
00:49:39 INFO  : Checking for BSP changes to sync application flags for project 'mb_blinky'...
00:50:36 INFO  : Connected to target on host '127.0.0.1' and port '3121'.
00:50:37 INFO  : Jtag cable 'RealDigital Boo 887100000005A' is selected.
00:50:37 INFO  : 'jtag frequency' command is executed.
00:50:38 INFO  : 'targets -set -filter {jtag_cable_name =~ "RealDigital Boo 887100000005A" && level==0 && jtag_device_ctx=="jsn1-0362f093-0"}' command is executed.
00:50:39 INFO  : Device configured successfully with "D:/ECE385/Lab6/Lab6.1/sdk/mb_blinky/_ide/bitstream/mb_intro_top.bit"
00:50:39 INFO  : Context for processor 'microblaze_0' is selected.
00:50:39 INFO  : Hardware design and registers information is loaded from 'D:/ECE385/Lab6/Lab6.1/sdk/mb_intro_top/export/mb_intro_top/hw/mb_intro_top.xsa'.
00:50:39 INFO  : 'configparams mdm-detect-bscan-mask 2' command is executed.
00:50:39 INFO  : Context for processor 'microblaze_0' is selected.
00:50:39 INFO  : System reset is completed.
00:50:42 INFO  : 'after 3000' command is executed.
00:50:43 INFO  : Context for processor 'microblaze_0' is selected.
00:50:43 INFO  : The application 'D:/ECE385/Lab6/Lab6.1/sdk/mb_blinky/Debug/mb_blinky.elf' is downloaded to processor 'microblaze_0'.
00:50:43 INFO  : ----------------XSDB Script----------------
connect -url tcp:127.0.0.1:3121
targets -set -filter {jtag_cable_name =~ "RealDigital Boo 887100000005A" && level==0 && jtag_device_ctx=="jsn1-0362f093-0"}
fpga -file D:/ECE385/Lab6/Lab6.1/sdk/mb_blinky/_ide/bitstream/mb_intro_top.bit
targets -set -nocase -filter {name =~ "*microblaze*#0" && bscan=="USER2" }
loadhw -hw D:/ECE385/Lab6/Lab6.1/sdk/mb_intro_top/export/mb_intro_top/hw/mb_intro_top.xsa -regs
configparams mdm-detect-bscan-mask 2
targets -set -nocase -filter {name =~ "*microblaze*#0" && bscan=="USER2" }
rst -system
after 3000
targets -set -nocase -filter {name =~ "*microblaze*#0" && bscan=="USER2" }
dow D:/ECE385/Lab6/Lab6.1/sdk/mb_blinky/Debug/mb_blinky.elf
----------------End of Script----------------

00:50:43 INFO  : Context for processor 'microblaze_0' is selected.
00:50:43 INFO  : 'con' command is executed.
00:50:43 INFO  : ----------------XSDB Script (After Launch)----------------
targets -set -nocase -filter {name =~ "*microblaze*#0" && bscan=="USER2" }
con
----------------End of Script----------------

00:50:43 INFO  : Launch script is exported to file 'D:\ECE385\Lab6\Lab6.1\sdk\mb_blinky_system\_ide\scripts\debugger_mb_blinky-default.tcl'
