#-----------------------------------------------------------
# Vivado v2022.2 (64-bit)
# SW Build 3671981 on Fri Oct 14 05:00:03 MDT 2022
# IP Build 3669848 on Fri Oct 14 08:30:02 MDT 2022
# Start of session at: Fri Jan 30 00:12:28 2026
# Process ID: 20228
# Current directory: C:/Users/William Wei/Documents/ECE385/Lab 2/registerUnit
# Command line: vivado.exe -gui_launcher_event rodinguilauncherevent6900 C:\Users\William Wei\Documents\ECE385\Lab 2\registerUnit\registerUnit.xpr
# Log file: C:/Users/William Wei/Documents/ECE385/Lab 2/registerUnit/vivado.log
# Journal file: C:/Users/William Wei/Documents/ECE385/Lab 2/registerUnit\vivado.jou
# Running On: DESKTOP-DBM6BK3, OS: Windows, CPU Frequency: 3893 MHz, CPU Physical cores: 12, Host memory: 33408 MB
#-----------------------------------------------------------
start_gui
open_project {C:/Users/William Wei/Documents/ECE385/Lab 2/registerUnit/registerUnit.xpr}
WARNING: [Board 49-26] cannot add Board Part xilinx.com:ac701:part0:1.4 available at C:/Xilinx/Vivado/2022.2/data/xhub/boards/XilinxBoardStore/boards/Xilinx/ac701/1.4/board.xml as part xc7a200tfbg676-2 specified in board_part file is either invalid or not available
WARNING: [Board 49-26] cannot add Board Part xilinx.com:k26c:part0:1.2 available at C:/Xilinx/Vivado/2022.2/data/xhub/boards/XilinxBoardStore/boards/Xilinx/k26c/1.2/board.xml as part xck26-sfvc784-2lv-c specified in board_part file is either invalid or not available
WARNING: [Board 49-26] cannot add Board Part xilinx.com:k26c:part0:1.3 available at C:/Xilinx/Vivado/2022.2/data/xhub/boards/XilinxBoardStore/boards/Xilinx/k26c/1.3/board.xml as part xck26-sfvc784-2lv-c specified in board_part file is either invalid or not available
WARNING: [Board 49-26] cannot add Board Part xilinx.com:k26c:part0:1.4 available at C:/Xilinx/Vivado/2022.2/data/xhub/boards/XilinxBoardStore/boards/Xilinx/k26c/1.4/board.xml as part xck26-sfvc784-2lv-c specified in board_part file is either invalid or not available
WARNING: [Board 49-26] cannot add Board Part xilinx.com:k26i:part0:1.2 available at C:/Xilinx/Vivado/2022.2/data/xhub/boards/XilinxBoardStore/boards/Xilinx/k26i/1.2/board.xml as part xck26-sfvc784-2lvi-i specified in board_part file is either invalid or not available
WARNING: [Board 49-26] cannot add Board Part xilinx.com:k26i:part0:1.3 available at C:/Xilinx/Vivado/2022.2/data/xhub/boards/XilinxBoardStore/boards/Xilinx/k26i/1.3/board.xml as part xck26-sfvc784-2lvi-i specified in board_part file is either invalid or not available
WARNING: [Board 49-26] cannot add Board Part xilinx.com:k26i:part0:1.4 available at C:/Xilinx/Vivado/2022.2/data/xhub/boards/XilinxBoardStore/boards/Xilinx/k26i/1.4/board.xml as part xck26-sfvc784-2lvi-i specified in board_part file is either invalid or not available
WARNING: [Board 49-26] cannot add Board Part xilinx.com:kc705:part0:1.6 available at C:/Xilinx/Vivado/2022.2/data/xhub/boards/XilinxBoardStore/boards/Xilinx/kc705/1.6/board.xml as part xc7k325tffg900-2 specified in board_part file is either invalid or not available
WARNING: [Board 49-26] cannot add Board Part xilinx.com:kcu105:part0:1.6 available at C:/Xilinx/Vivado/2022.2/data/xhub/boards/XilinxBoardStore/boards/Xilinx/kcu105/1.6/board.xml as part xcku040-ffva1156-2-e specified in board_part file is either invalid or not available
WARNING: [Board 49-26] cannot add Board Part xilinx.com:kcu105:part0:1.7 available at C:/Xilinx/Vivado/2022.2/data/xhub/boards/XilinxBoardStore/boards/Xilinx/kcu105/1.7/board.xml as part xcku040-ffva1156-2-e specified in board_part file is either invalid or not available
WARNING: [Board 49-26] cannot add Board Part xilinx.com:kcu116:part0:1.4 available at C:/Xilinx/Vivado/2022.2/data/xhub/boards/XilinxBoardStore/boards/Xilinx/kcu116/1.4/board.xml as part xcku5p-ffvb676-2-e specified in board_part file is either invalid or not available
WARNING: [Board 49-26] cannot add Board Part xilinx.com:kcu116:part0:1.5 available at C:/Xilinx/Vivado/2022.2/data/xhub/boards/XilinxBoardStore/boards/Xilinx/kcu116/1.5/board.xml as part xcku5p-ffvb676-2-e specified in board_part file is either invalid or not available
WARNING: [Board 49-26] cannot add Board Part xilinx.com:kcu1500:part0:1.2 available at C:/Xilinx/Vivado/2022.2/data/xhub/boards/XilinxBoardStore/boards/Xilinx/kcu1500/1.2/board.xml as part xcku115-flvb2104-2-e specified in board_part file is either invalid or not available
WARNING: [Board 49-26] cannot add Board Part xilinx.com:kr260_som:part0:1.0 available at C:/Xilinx/Vivado/2022.2/data/xhub/boards/XilinxBoardStore/boards/Xilinx/kr260_som/1.0/board.xml as part xck26-sfvc784-2lv-c specified in board_part file is either invalid or not available
WARNING: [Board 49-26] cannot add Board Part xilinx.com:kr260_som:part0:1.1 available at C:/Xilinx/Vivado/2022.2/data/xhub/boards/XilinxBoardStore/boards/Xilinx/kr260_som/1.1/board.xml as part xck26-sfvc784-2lv-c specified in board_part file is either invalid or not available
WARNING: [Board 49-26] cannot add Board Part xilinx.com:kv260_som:part0:1.2 available at C:/Xilinx/Vivado/2022.2/data/xhub/boards/XilinxBoardStore/boards/Xilinx/kv260_som/1.2/board.xml as part xck26-sfvc784-2lv-c specified in board_part file is either invalid or not available
WARNING: [Board 49-26] cannot add Board Part xilinx.com:kv260_som:part0:1.3 available at C:/Xilinx/Vivado/2022.2/data/xhub/boards/XilinxBoardStore/boards/Xilinx/kv260_som/1.3/board.xml as part xck26-sfvc784-2lv-c specified in board_part file is either invalid or not available
WARNING: [Board 49-26] cannot add Board Part xilinx.com:kv260_som:part0:1.4 available at C:/Xilinx/Vivado/2022.2/data/xhub/boards/XilinxBoardStore/boards/Xilinx/kv260_som/1.4/board.xml as part xck26-sfvc784-2lv-c specified in board_part file is either invalid or not available
WARNING: [Board 49-26] cannot add Board Part xilinx.com:vc707:part0:1.4 available at C:/Xilinx/Vivado/2022.2/data/xhub/boards/XilinxBoardStore/boards/Xilinx/vc707/1.4/board.xml as part xc7vx485tffg1761-2 specified in board_part file is either invalid or not available
WARNING: [Board 49-26] cannot add Board Part xilinx.com:vc709:part0:1.8 available at C:/Xilinx/Vivado/2022.2/data/xhub/boards/XilinxBoardStore/boards/Xilinx/vc709/1.8/board.xml as part xc7vx690tffg1761-2 specified in board_part file is either invalid or not available
WARNING: [Board 49-26] cannot add Board Part xilinx.com:vck190:part0:2.2 available at C:/Xilinx/Vivado/2022.2/data/xhub/boards/XilinxBoardStore/boards/Xilinx/vck190/production/2.2/board.xml as part xcvc1902-vsva2197-2mp-e-s specified in board_part file is either invalid or not available
WARNING: [Board 49-26] cannot add Board Part xilinx.com:vck190:part0:3.0 available at C:/Xilinx/Vivado/2022.2/data/xhub/boards/XilinxBoardStore/boards/Xilinx/vck190/production/3.0/board.xml as part xcvc1902-vsva2197-2mp-e-s specified in board_part file is either invalid or not available
WARNING: [Board 49-26] cannot add Board Part xilinx.com:vck190:part0:3.1 available at C:/Xilinx/Vivado/2022.2/data/xhub/boards/XilinxBoardStore/boards/Xilinx/vck190/production/3.1/board.xml as part xcvc1902-vsva2197-2mp-e-s specified in board_part file is either invalid or not available
WARNING: [Board 49-26] cannot add Board Part xilinx.com:vck190_newl:part0:1.0 available at C:/Xilinx/Vivado/2022.2/data/xhub/boards/XilinxBoardStore/boards/Xilinx/vck190_newl/production/1.0/board.xml as part xcvc1902-vsva2197-2mp-e-s specified in board_part file is either invalid or not available
WARNING: [Board 49-26] cannot add Board Part xilinx.com:vcu108:part0:1.6 available at C:/Xilinx/Vivado/2022.2/data/xhub/boards/XilinxBoardStore/boards/Xilinx/vcu108/1.6/board.xml as part xcvu095-ffva2104-2-e specified in board_part file is either invalid or not available
WARNING: [Board 49-26] cannot add Board Part xilinx.com:vcu108:part0:1.7 available at C:/Xilinx/Vivado/2022.2/data/xhub/boards/XilinxBoardStore/boards/Xilinx/vcu108/1.7/board.xml as part xcvu095-ffva2104-2-e specified in board_part file is either invalid or not available
WARNING: [Board 49-26] cannot add Board Part xilinx.com:vcu110:part0:1.4 available at C:/Xilinx/Vivado/2022.2/data/xhub/boards/XilinxBoardStore/boards/Xilinx/vcu110/1.4/board.xml as part xcvu190-flgc2104-2-e specified in board_part file is either invalid or not available
WARNING: [Board 49-26] cannot add Board Part xilinx.com:vcu118:part0:2.0 available at C:/Xilinx/Vivado/2022.2/data/xhub/boards/XilinxBoardStore/boards/Xilinx/vcu118/2.0/board.xml as part xcvu9p-flga2104-2l-e specified in board_part file is either invalid or not available
WARNING: [Board 49-26] cannot add Board Part xilinx.com:vcu118:part0:2.3 available at C:/Xilinx/Vivado/2022.2/data/xhub/boards/XilinxBoardStore/boards/Xilinx/vcu118/2.3/board.xml as part xcvu9p-flga2104-2l-e specified in board_part file is either invalid or not available
WARNING: [Board 49-26] cannot add Board Part xilinx.com:vcu118:part0:2.4 available at C:/Xilinx/Vivado/2022.2/data/xhub/boards/XilinxBoardStore/boards/Xilinx/vcu118/2.4/board.xml as part xcvu9p-flga2104-2l-e specified in board_part file is either invalid or not available
WARNING: [Board 49-26] cannot add Board Part xilinx.com:vcu128:part0:1.0 available at C:/Xilinx/Vivado/2022.2/data/xhub/boards/XilinxBoardStore/boards/Xilinx/vcu128/production/1.0/board.xml as part xcvu37p-fsvh2892-2l-e specified in board_part file is either invalid or not available
WARNING: [Board 49-26] cannot add Board Part xilinx.com:vcu129:part0:1.0 available at C:/Xilinx/Vivado/2022.2/data/xhub/boards/XilinxBoardStore/boards/Xilinx/vcu129/production/1.0/board.xml as part xcvu29p-fsga2577-2l-e specified in board_part file is either invalid or not available
WARNING: [Board 49-26] cannot add Board Part xilinx.com:vcu1525:part0:1.3 available at C:/Xilinx/Vivado/2022.2/data/xhub/boards/XilinxBoardStore/boards/Xilinx/vcu1525/1.3/board.xml as part xcvu9p-fsgd2104-2l-e specified in board_part file is either invalid or not available
WARNING: [Board 49-26] cannot add Board Part xilinx.com:vek280_es:part0:1.0 available at C:/Xilinx/Vivado/2022.2/data/xhub/boards/XilinxBoardStore/boards/Xilinx/vek280/es/1.0/board.xml as part xcve2802-vsvh1760-2lp-e-s-es1 specified in board_part file is either invalid or not available
WARNING: [Board 49-26] cannot add Board Part xilinx.com:vermeo_t1_mpsoc:part0:1.0 available at C:/Xilinx/Vivado/2022.2/data/xhub/boards/XilinxBoardStore/boards/Xilinx/vermeo_t1_mpsoc/1.0/board.xml as part xczu19eg-ffvd1760-2l-e specified in board_part file is either invalid or not available
WARNING: [Board 49-26] cannot add Board Part xilinx.com:vermeo_t1_rfsoc:part0:1.0 available at C:/Xilinx/Vivado/2022.2/data/xhub/boards/XilinxBoardStore/boards/Xilinx/vermeo_t1_rfsoc/1.0/board.xml as part xczu21dr-ffvd1156-2l-e specified in board_part file is either invalid or not available
WARNING: [Board 49-26] cannot add Board Part xilinx.com:vhk158_es:part0:1.0 available at C:/Xilinx/Vivado/2022.2/data/xhub/boards/XilinxBoardStore/boards/Xilinx/vhk158/es/1.0/board.xml as part xcvh1582-vsva3697-2mp-e-s-es1 specified in board_part file is either invalid or not available
INFO: [Project 1-313] Project file moved from 'D:/385lab2/registerUnit' since last save.
WARNING: [Board 49-26] cannot add Board Part xilinx.com:vmk180:part0:2.2 available at C:/Xilinx/Vivado/2022.2/data/xhub/boards/XilinxBoardStore/boards/Xilinx/vmk180/production/2.2/board.xml as part xcvm1802-vsva2197-2mp-e-s specified in board_part file is either invalid or not available
WARNING: [Board 49-26] cannot add Board Part xilinx.com:vmk180:part0:3.0 available at C:/Xilinx/Vivado/2022.2/data/xhub/boards/XilinxBoardStore/boards/Xilinx/vmk180/production/3.0/board.xml as part xcvm1802-vsva2197-2mp-e-s specified in board_part file is either invalid or not available
WARNING: [Board 49-26] cannot add Board Part xilinx.com:vmk180:part0:3.1 available at C:/Xilinx/Vivado/2022.2/data/xhub/boards/XilinxBoardStore/boards/Xilinx/vmk180/production/3.1/board.xml as part xcvm1802-vsva2197-2mp-e-s specified in board_part file is either invalid or not available
WARNING: [Board 49-26] cannot add Board Part xilinx.com:vmk180_newl:part0:1.0 available at C:/Xilinx/Vivado/2022.2/data/xhub/boards/XilinxBoardStore/boards/Xilinx/vmk180_newl/production/1.0/board.xml as part xcvm1802-vsva2197-2mp-e-s specified in board_part file is either invalid or not available
WARNING: [Board 49-26] cannot add Board Part xilinx.com:vpk120:part0:1.0 available at C:/Xilinx/Vivado/2022.2/data/xhub/boards/XilinxBoardStore/boards/Xilinx/vpk120/production/1.0/board.xml as part xcvp1202-vsva2785-2mp-e-s specified in board_part file is either invalid or not available
WARNING: [Board 49-26] cannot add Board Part xilinx.com:vpk120_es:part0:1.2 available at C:/Xilinx/Vivado/2022.2/data/xhub/boards/XilinxBoardStore/boards/Xilinx/vpk120/es/1.2/board.xml as part xcvp1202-vsva2785-2mp-e-s-es1 specified in board_part file is either invalid or not available
WARNING: [Board 49-26] cannot add Board Part xilinx.com:vpk120_es_revb:part0:1.0 available at C:/Xilinx/Vivado/2022.2/data/xhub/boards/XilinxBoardStore/boards/Xilinx/vpk120_revb/es/1.0/board.xml as part xcvp1202-vsva2785-2mp-e-s-es1 specified in board_part file is either invalid or not available
WARNING: [Board 49-26] cannot add Board Part xilinx.com:vpk180_es:part0:1.0 available at C:/Xilinx/Vivado/2022.2/data/xhub/boards/XilinxBoardStore/boards/Xilinx/vpk180/es/1.0/board.xml as part xcvp1802-lsvc4072-2mp-e-s-es1 specified in board_part file is either invalid or not available
WARNING: [Board 49-26] cannot add Board Part xilinx.com:zc702:part0:1.4 available at C:/Xilinx/Vivado/2022.2/data/xhub/boards/XilinxBoardStore/boards/Xilinx/zc702/1.4/board.xml as part xc7z020clg484-1 specified in board_part file is either invalid or not available
WARNING: [Board 49-26] cannot add Board Part xilinx.com:zc706:part0:1.4 available at C:/Xilinx/Vivado/2022.2/data/xhub/boards/XilinxBoardStore/boards/Xilinx/zc706/1.4/board.xml as part xc7z045ffg900-2 specified in board_part file is either invalid or not available
WARNING: [Board 49-26] cannot add Board Part xilinx.com:zcu102:part0:3.3 available at C:/Xilinx/Vivado/2022.2/data/xhub/boards/XilinxBoardStore/boards/Xilinx/zcu102/3.3/board.xml as part xczu9eg-ffvb1156-2-e specified in board_part file is either invalid or not available
WARNING: [Board 49-26] cannot add Board Part xilinx.com:zcu102:part0:3.4 available at C:/Xilinx/Vivado/2022.2/data/xhub/boards/XilinxBoardStore/boards/Xilinx/zcu102/3.4/board.xml as part xczu9eg-ffvb1156-2-e specified in board_part file is either invalid or not available
WARNING: [Board 49-26] cannot add Board Part xilinx.com:zcu104:part0:1.1 available at C:/Xilinx/Vivado/2022.2/data/xhub/boards/XilinxBoardStore/boards/Xilinx/zcu104/1.1/board.xml as part xczu7ev-ffvc1156-2-e specified in board_part file is either invalid or not available
WARNING: [Board 49-26] cannot add Board Part xilinx.com:zcu106:part0:2.4 available at C:/Xilinx/Vivado/2022.2/data/xhub/boards/XilinxBoardStore/boards/Xilinx/zcu106/2.4/board.xml as part xczu7ev-ffvc1156-2-e specified in board_part file is either invalid or not available
WARNING: [Board 49-26] cannot add Board Part xilinx.com:zcu106:part0:2.5 available at C:/Xilinx/Vivado/2022.2/data/xhub/boards/XilinxBoardStore/boards/Xilinx/zcu106/2.5/board.xml as part xczu7ev-ffvc1156-2-e specified in board_part file is either invalid or not available
WARNING: [Board 49-26] cannot add Board Part xilinx.com:zcu106:part0:2.6 available at C:/Xilinx/Vivado/2022.2/data/xhub/boards/XilinxBoardStore/boards/Xilinx/zcu106/2.6/board.xml as part xczu7ev-ffvc1156-2-e specified in board_part file is either invalid or not available
WARNING: [Board 49-26] cannot add Board Part xilinx.com:zcu111:part0:1.2 available at C:/Xilinx/Vivado/2022.2/data/xhub/boards/XilinxBoardStore/boards/Xilinx/zcu111/1.2/board.xml as part xczu28dr-ffvg1517-2-e specified in board_part file is either invalid or not available
WARNING: [Board 49-26] cannot add Board Part xilinx.com:zcu111:part0:1.3 available at C:/Xilinx/Vivado/2022.2/data/xhub/boards/XilinxBoardStore/boards/Xilinx/zcu111/1.3/board.xml as part xczu28dr-ffvg1517-2-e specified in board_part file is either invalid or not available
WARNING: [Board 49-26] cannot add Board Part xilinx.com:zcu111:part0:1.4 available at C:/Xilinx/Vivado/2022.2/data/xhub/boards/XilinxBoardStore/boards/Xilinx/zcu111/1.4/board.xml as part xczu28dr-ffvg1517-2-e specified in board_part file is either invalid or not available
WARNING: [Board 49-26] cannot add Board Part xilinx.com:zcu1275:part0:1.0 available at C:/Xilinx/Vivado/2022.2/data/xhub/boards/XilinxBoardStore/boards/Xilinx/zcu1275/1.0/board.xml as part xczu29dr-ffvf1760-2-e specified in board_part file is either invalid or not available
WARNING: [Board 49-26] cannot add Board Part xilinx.com:zcu1285:part0:1.0 available at C:/Xilinx/Vivado/2022.2/data/xhub/boards/XilinxBoardStore/boards/Xilinx/zcu1285/1.0/board.xml as part xczu39dr-ffvf1760-2-i specified in board_part file is either invalid or not available
WARNING: [Board 49-26] cannot add Board Part xilinx.com:zcu208:part0:2.0 available at C:/Xilinx/Vivado/2022.2/data/xhub/boards/XilinxBoardStore/boards/Xilinx/zcu208/production/2.0/board.xml as part xczu48dr-fsvg1517-2-e specified in board_part file is either invalid or not available
WARNING: [Board 49-26] cannot add Board Part xilinx.com:zcu208ld:part0:2.0 available at C:/Xilinx/Vivado/2022.2/data/xhub/boards/XilinxBoardStore/boards/Xilinx/zcu208ld/production/2.0/board.xml as part xczu58dr-fsvg1517-2-i specified in board_part file is either invalid or not available
WARNING: [Board 49-26] cannot add Board Part xilinx.com:zcu216:part0:2.0 available at C:/Xilinx/Vivado/2022.2/data/xhub/boards/XilinxBoardStore/boards/Xilinx/zcu216/production/2.0/board.xml as part xczu49dr-ffvf1760-2-e specified in board_part file is either invalid or not available
WARNING: [Board 49-26] cannot add Board Part xilinx.com:zcu216ld:part0:2.0 available at C:/Xilinx/Vivado/2022.2/data/xhub/boards/XilinxBoardStore/boards/Xilinx/zcu216ld/production/2.0/board.xml as part xczu59dr-ffvf1760-2-i specified in board_part file is either invalid or not available
WARNING: [Board 49-26] cannot add Board Part xilinx.com:zcu670:part0:2.0 available at C:/Xilinx/Vivado/2022.2/data/xhub/boards/XilinxBoardStore/boards/Xilinx/zcu670/2.0/board.xml as part xczu67dr-fsve1156-2-i specified in board_part file is either invalid or not available
WARNING: [Board 49-26] cannot add Board Part xilinx.com:zcu670ld:part0:1.0 available at C:/Xilinx/Vivado/2022.2/data/xhub/boards/XilinxBoardStore/boards/Xilinx/zcu670ld/1.0/board.xml as part xczu57dr-fsve1156-2-i specified in board_part file is either invalid or not available
WARNING: [filemgmt 56-3] IP Repository Path: Could not find the directory 'C:/Users/eason/Downloads/ECE385-IP-main/ECE385-IP-main/ip'.
Scanning sources...
Finished scanning sources
INFO: [IP_Flow 19-234] Refreshing IP repositories
WARNING: [IP_Flow 19-2248] Failed to load user IP repository 'c:/Users/eason/Downloads/ECE385-IP-main/ECE385-IP-main/ip'; Can't find the specified path.
If this directory should no longer be in your list of user repositories, go to the IP Settings dialog and remove it.
INFO: [IP_Flow 19-2313] Loaded Vivado IP repository 'C:/Xilinx/Vivado/2022.2/data/ip'.
WARNING: [BD 41-1661] One or more IPs have been locked in the design 'routingUnit.bd'. Please run report_ip_status for more details and recommendations on how to fix this issue.
List of locked IPs:
routingUnit_ece385_74153_0_0
routingUnit_ece385_gnd_0_0

WARNING: [BD 41-1661] One or more IPs have been locked in the design 'registerUnit.bd'. Please run report_ip_status for more details and recommendations on how to fix this issue.
List of locked IPs:
registerUnit_ece385_74194_0_0
registerUnit_ece385_74194_0_1
registerUnit_ece385_vcc_0_0

WARNING: [BD 41-1661] One or more IPs have been locked in the design 'controlUnit.bd'. Please run report_ip_status for more details and recommendations on how to fix this issue.
List of locked IPs:
controlUnit_ece385_74161_0_0
controlUnit_ece385_7474_0_0
controlUnit_ece385_vcc_0_0
controlUnit_ece385_not_3_0
controlUnit_ece385_nand_2_1_1
controlUnit_ece385_nand_3_1_0
controlUnit_ece385_not_0_2
controlUnit_ece385_nand_2_1_0
controlUnit_ece385_nand_3_0_0
controlUnit_ece385_nand_2_0_0
controlUnit_ece385_not_0_1
controlUnit_ece385_nor_2_0_0
controlUnit_ece385_nor_2_0_1
controlUnit_ece385_not_4_0
controlUnit_ece385_not_5_0
controlUnit_ece385_not_4_1
controlUnit_ece385_not_6_0
controlUnit_ece385_not_8_0

WARNING: [BD 41-1661] One or more IPs have been locked in the design 'computationUnit.bd'. Please run report_ip_status for more details and recommendations on how to fix this issue.
List of locked IPs:
computationUnit_ece385_nand_2_0_0
computationUnit_ece385_74151_0_0
computationUnit_ece385_not_0_1
computationUnit_ece385_not_1_0
computationUnit_ece385_nor_2_0_0
computationUnit_ece385_gnd_0_0
computationUnit_ece385_not_0_2
computationUnit_ece385_vcc_0_0
computationUnit_ece385_xor_2_0_0

open_project: Time (s): cpu = 00:00:09 ; elapsed = 00:00:05 . Memory (MB): peak = 1101.953 ; gain = 339.883
open_bd_design {C:/Users/William Wei/Documents/ECE385/Lab 2/registerUnit/registerUnit.srcs/sources_1/bd/computationUnit/computationUnit.bd}
Reading block design file <C:/Users/William Wei/Documents/ECE385/Lab 2/registerUnit/registerUnit.srcs/sources_1/bd/computationUnit/computationUnit.bd>...
Adding component instance block -- ece.illinois.edu:user:ece385_74151:1.0 - ece385_74151_0
Adding component instance block -- ece.illinois.edu:ece385:ece385_nand_2:1.0 - ece385_nand_2_0
Adding component instance block -- ece.illinois.edu:ece385:ece385_not:1.0 - ece385_not_0
Adding component instance block -- ece.illinois.edu:ece385:ece385_nor_2:1.0 - ece385_nor_2_0
Adding component instance block -- ece.illinois.edu:ece385:ece385_not:1.0 - ece385_not_1
Adding component instance block -- ece.illinois.edu:ece385:ece385_xor_2:1.0 - ece385_xor_2_0
Adding component instance block -- ece.illinois.edu:ece385:ece385_not:1.0 - ece385_not_2
Adding component instance block -- ece.illinois.edu:ece385:ece385_vcc:1.0 - ece385_vcc_0
Adding component instance block -- ece.illinois.edu:ece385:ece385_gnd:1.0 - ece385_gnd_0
Successfully read diagram <computationUnit> from block design file <C:/Users/William Wei/Documents/ECE385/Lab 2/registerUnit/registerUnit.srcs/sources_1/bd/computationUnit/computationUnit.bd>
update_compile_order -fileset sources_1
report_ip_status -name ip_status 
set_property  ip_repo_paths  {} [current_project]
update_ip_catalog
INFO: [IP_Flow 19-234] Refreshing IP repositories
INFO: [IP_Flow 19-1704] No user IP repositories specified
set_property  ip_repo_paths  {{C:/Users/William Wei/Documents/ECE385/IP}} [current_project]
update_ip_catalog
INFO: [IP_Flow 19-234] Refreshing IP repositories
INFO: [IP_Flow 19-1700] Loaded user IP repository 'c:/Users/William Wei/Documents/ECE385/IP'.
report_ip_status -name ip_status 
open_bd_design {C:/Users/William Wei/Documents/ECE385/Lab 2/registerUnit/registerUnit.srcs/sources_1/bd/controlUnit/controlUnit.bd}
Reading block design file <C:/Users/William Wei/Documents/ECE385/Lab 2/registerUnit/registerUnit.srcs/sources_1/bd/controlUnit/controlUnit.bd>...
Adding component instance block -- ece.illinois.edu:ece385:ece385_74161:1.0 - ece385_74161_0
Adding component instance block -- ece.illinois.edu:ece385:ece385_7474:1.0 - ece385_7474_0
Adding component instance block -- ece.illinois.edu:ece385:ece385_vcc:1.0 - ece385_vcc_0
Adding component instance block -- ece.illinois.edu:ece385:ece385_nand_3:1.0 - ece385_nand_3_0
Adding component instance block -- ece.illinois.edu:ece385:ece385_nand_3:1.0 - ece385_nand_3_1
Adding component instance block -- ece.illinois.edu:ece385:ece385_not:1.0 - ece385_not_1
Adding component instance block -- ece.illinois.edu:ece385:ece385_not:1.0 - ece385_not_2
Adding component instance block -- ece.illinois.edu:ece385:ece385_nand_2:1.0 - ece385_nand_2_0
Adding component instance block -- ece.illinois.edu:ece385:ece385_not:1.0 - ece385_not_3
Adding component instance block -- ece.illinois.edu:ece385:ece385_nand_2:1.0 - ece385_nand_2_1
Adding component instance block -- ece.illinois.edu:ece385:ece385_nand_2:1.0 - ece385_nand_2_2
Adding component instance block -- ece.illinois.edu:ece385:ece385_nor_2:1.0 - ece385_nor_2_0
Adding component instance block -- ece.illinois.edu:ece385:ece385_nor_2:1.0 - ece385_nor_2_1
Adding component instance block -- ece.illinois.edu:ece385:ece385_not:1.0 - ece385_not_4
Adding component instance block -- ece.illinois.edu:ece385:ece385_not:1.0 - ece385_not_5
Adding component instance block -- ece.illinois.edu:ece385:ece385_not:1.0 - ece385_not_6
Adding component instance block -- ece.illinois.edu:ece385:ece385_not:1.0 - ece385_not_7
Adding component instance block -- ece.illinois.edu:ece385:ece385_not:1.0 - ece385_not_8
Successfully read diagram <controlUnit> from block design file <C:/Users/William Wei/Documents/ECE385/Lab 2/registerUnit/registerUnit.srcs/sources_1/bd/controlUnit/controlUnit.bd>
open_bd_design {C:/Users/William Wei/Documents/ECE385/Lab 2/registerUnit/registerUnit.srcs/sources_1/bd/computationUnit/computationUnit.bd}
set_property  ip_repo_paths  {{c:/Users/William Wei/Documents/ECE385/IP} {C:/Users/William Wei/Documents/ECE385/Lab 2/registerUnit/IP}} [current_project]
update_ip_catalog
INFO: [IP_Flow 19-234] Refreshing IP repositories
INFO: [IP_Flow 19-1700] Loaded user IP repository 'c:/Users/William Wei/Documents/ECE385/IP'.
INFO: [IP_Flow 19-1700] Loaded user IP repository 'c:/Users/William Wei/Documents/ECE385/Lab 2/registerUnit/IP'.
WARNING: [IP_Flow 19-1663] Duplicate IP found for 'ece.illinois.edu:user:ece385_74109:1.0'. The one found in IP location 'c:/Users/William Wei/Documents/ECE385/IP/ece385_74109' will take precedence over the same IP in location c:/Users/William Wei/Documents/ECE385/Lab 2/registerUnit/IP/ece385_74109
WARNING: [IP_Flow 19-1663] Duplicate IP found for 'ece.illinois.edu:user:ece385_74151:1.0'. The one found in IP location 'c:/Users/William Wei/Documents/ECE385/IP/ece385_74151' will take precedence over the same IP in location c:/Users/William Wei/Documents/ECE385/Lab 2/registerUnit/IP/ece385_74151
WARNING: [IP_Flow 19-1663] Duplicate IP found for 'ece.illinois.edu:ece385:ece385_74153:1.0'. The one found in IP location 'c:/Users/William Wei/Documents/ECE385/IP/ece385_74153' will take precedence over the same IP in location c:/Users/William Wei/Documents/ECE385/Lab 2/registerUnit/IP/ece385_74153
WARNING: [IP_Flow 19-1663] Duplicate IP found for 'ece.illinois.edu:ece385:ece385_74157:1.0'. The one found in IP location 'c:/Users/William Wei/Documents/ECE385/IP/ece385_74157' will take precedence over the same IP in location c:/Users/William Wei/Documents/ECE385/Lab 2/registerUnit/IP/ece385_74157
WARNING: [IP_Flow 19-1663] Duplicate IP found for 'ece.illinois.edu:ece385:ece385_74161:1.0'. The one found in IP location 'c:/Users/William Wei/Documents/ECE385/IP/ece385_74161' will take precedence over the same IP in location c:/Users/William Wei/Documents/ECE385/Lab 2/registerUnit/IP/ece385_74161
WARNING: [IP_Flow 19-1663] Duplicate IP found for 'ece.illinois.edu:ece385:ece385_74163:1.0'. The one found in IP location 'c:/Users/William Wei/Documents/ECE385/IP/ece385_74163' will take precedence over the same IP in location c:/Users/William Wei/Documents/ECE385/Lab 2/registerUnit/IP/ece385_74163
WARNING: [IP_Flow 19-1663] Duplicate IP found for 'ece.illinois.edu:ece385:ece385_74194:1.0'. The one found in IP location 'c:/Users/William Wei/Documents/ECE385/IP/ece385_74194' will take precedence over the same IP in location c:/Users/William Wei/Documents/ECE385/Lab 2/registerUnit/IP/ece385_74194
WARNING: [IP_Flow 19-1663] Duplicate IP found for 'ece.illinois.edu:ece385:ece385_74195:1.0'. The one found in IP location 'c:/Users/William Wei/Documents/ECE385/IP/ece385_74195' will take precedence over the same IP in location c:/Users/William Wei/Documents/ECE385/Lab 2/registerUnit/IP/ece385_74195
WARNING: [IP_Flow 19-1663] Duplicate IP found for 'ece.illinois.edu:ece385:ece385_7474:1.0'. The one found in IP location 'c:/Users/William Wei/Documents/ECE385/IP/ece385_7474' will take precedence over the same IP in location c:/Users/William Wei/Documents/ECE385/Lab 2/registerUnit/IP/ece385_7474
WARNING: [IP_Flow 19-1663] Duplicate IP found for 'ece.illinois.edu:ece385:ece385_7485:1.0'. The one found in IP location 'c:/Users/William Wei/Documents/ECE385/IP/ece385_7485' will take precedence over the same IP in location c:/Users/William Wei/Documents/ECE385/Lab 2/registerUnit/IP/ece385_7485
WARNING: [IP_Flow 19-1663] Duplicate IP found for 'ece.illinois.edu:ece385:ece385_gnd:1.0'. The one found in IP location 'c:/Users/William Wei/Documents/ECE385/IP/ece385_gnd' will take precedence over the same IP in location c:/Users/William Wei/Documents/ECE385/Lab 2/registerUnit/IP/ece385_gnd
WARNING: [IP_Flow 19-1663] Duplicate IP found for 'ece.illinois.edu:ece385:ece385_nand_2:1.0'. The one found in IP location 'c:/Users/William Wei/Documents/ECE385/IP/ece385_nand_2' will take precedence over the same IP in location c:/Users/William Wei/Documents/ECE385/Lab 2/registerUnit/IP/ece385_nand_2
WARNING: [IP_Flow 19-1663] Duplicate IP found for 'ece.illinois.edu:ece385:ece385_nand_3:1.0'. The one found in IP location 'c:/Users/William Wei/Documents/ECE385/IP/ece385_nand_3' will take precedence over the same IP in location c:/Users/William Wei/Documents/ECE385/Lab 2/registerUnit/IP/ece385_nand_3
WARNING: [IP_Flow 19-1663] Duplicate IP found for 'ece.illinois.edu:ece385:ece385_nand_4:1.0'. The one found in IP location 'c:/Users/William Wei/Documents/ECE385/IP/ece385_nand_4' will take precedence over the same IP in location c:/Users/William Wei/Documents/ECE385/Lab 2/registerUnit/IP/ece385_nand_4
WARNING: [IP_Flow 19-1663] Duplicate IP found for 'ece.illinois.edu:ece385:ece385_nor_2:1.0'. The one found in IP location 'c:/Users/William Wei/Documents/ECE385/IP/ece385_nor_2' will take precedence over the same IP in location c:/Users/William Wei/Documents/ECE385/Lab 2/registerUnit/IP/ece385_nor_2
WARNING: [IP_Flow 19-1663] Duplicate IP found for 'ece.illinois.edu:ece385:ece385_nor_3:1.0'. The one found in IP location 'c:/Users/William Wei/Documents/ECE385/IP/ece385_nor_3' will take precedence over the same IP in location c:/Users/William Wei/Documents/ECE385/Lab 2/registerUnit/IP/ece385_nor_3
WARNING: [IP_Flow 19-1663] Duplicate IP found for 'ece.illinois.edu:ece385:ece385_not:1.0'. The one found in IP location 'c:/Users/William Wei/Documents/ECE385/IP/ece385_not' will take precedence over the same IP in location c:/Users/William Wei/Documents/ECE385/Lab 2/registerUnit/IP/ece385_not
WARNING: [IP_Flow 19-1663] Duplicate IP found for 'ece.illinois.edu:ece385:ece385_vcc:1.0'. The one found in IP location 'c:/Users/William Wei/Documents/ECE385/IP/ece385_vcc' will take precedence over the same IP in location c:/Users/William Wei/Documents/ECE385/Lab 2/registerUnit/IP/ece385_vcc
WARNING: [IP_Flow 19-1663] Duplicate IP found for 'ece.illinois.edu:ece385:ece385_xor_2:1.0'. The one found in IP location 'c:/Users/William Wei/Documents/ECE385/IP/ece385_xor_2' will take precedence over the same IP in location c:/Users/William Wei/Documents/ECE385/Lab 2/registerUnit/IP/ece385_xor_2
set_property  ip_repo_paths  {{c:/Users/William Wei/Documents/ECE385/Lab 2/registerUnit/IP}} [current_project]
update_ip_catalog
INFO: [IP_Flow 19-234] Refreshing IP repositories
INFO: [IP_Flow 19-1700] Loaded user IP repository 'c:/Users/William Wei/Documents/ECE385/Lab 2/registerUnit/IP'.
set_property  ip_repo_paths  {} [current_project]
update_ip_catalog
INFO: [IP_Flow 19-234] Refreshing IP repositories
INFO: [IP_Flow 19-1704] No user IP repositories specified
set_property  ip_repo_paths  {{C:/Users/William Wei/Documents/ECE385/Lab 2/registerUnit/IP}} [current_project]
update_ip_catalog
INFO: [IP_Flow 19-234] Refreshing IP repositories
INFO: [IP_Flow 19-1700] Loaded user IP repository 'c:/Users/William Wei/Documents/ECE385/Lab 2/registerUnit/IP'.
report_ip_status -name ip_status 
open_bd_design {C:/Users/William Wei/Documents/ECE385/Lab 2/registerUnit/registerUnit.srcs/sources_1/bd/controlUnit/controlUnit.bd}
exit
INFO: [Common 17-206] Exiting Vivado at Fri Jan 30 00:17:08 2026...
