TRACE::2026-03-12.00:29:15::SCWPlatform::Trying to open the hw design at C:/Users/willi/Documents/GitHub/ECE385/Lab6/Lab6.1/sdk/mb_intro_top/hw/mb_intro_top.xsa
TRACE::2026-03-12.00:29:15::SCWPlatform::DSA given C:/Users/willi/Documents/GitHub/ECE385/Lab6/Lab6.1/sdk/mb_intro_top/hw/mb_intro_top.xsa
TRACE::2026-03-12.00:29:15::SCWPlatform::DSA absoulate path C:/Users/willi/Documents/GitHub/ECE385/Lab6/Lab6.1/sdk/mb_intro_top/hw/mb_intro_top.xsa
TRACE::2026-03-12.00:29:15::SCWPlatform::DSA directory C:/Users/willi/Documents/GitHub/ECE385/Lab6/Lab6.1/sdk/mb_intro_top/hw
TRACE::2026-03-12.00:29:15::SCWPlatform:: Platform Path C:/Users/willi/Documents/GitHub/ECE385/Lab6/Lab6.1/sdk/mb_intro_top/hw/mb_intro_top.xsa
TRACE::2026-03-12.00:29:15::SCWPlatform:: Unique name xilinx:::0.0
TRACE::2026-03-12.00:29:15::SCWPlatform::Do not have an existing db opened. 
TRACE::2026-03-12.00:29:15::SCWPlatform::Opened new HwDB with name mb_intro_top_0
TRACE::2026-03-12.00:29:15::SCWWriter::formatted JSON is {
	"platformName":	"mb_intro_top",
	"sprVersion":	"2.0",
	"mode":	"gui",
	"dsaType":	"Fixed",
	"platformDesc":	"mb_intro_top",
	"platHandOff":	"C:/Users/willi/Documents/GitHub/ECE385/Lab6/Lab6.1/mb_intro_top.xsa",
	"platIntHandOff":	"<platformDir>/hw/mb_intro_top.xsa",
	"deviceType":	"FPGA",
	"platIsPrebuiltAutogen":	"false",
	"platIsNoBootBsp":	"false",
	"hasFsblMakeHasChanges":	"false",
	"hasPmufwMakeHasChanges":	"false",
	"platPreBuiltFlag":	false,
	"platformSamplesDir":	""
}
TRACE::2026-03-12.00:29:15::SCWWriter::formatted JSON is {
	"platformName":	"mb_intro_top",
	"sprVersion":	"2.0",
	"mode":	"gui",
	"dsaType":	"Fixed",
	"platformDesc":	"mb_intro_top",
	"platHandOff":	"C:/Users/willi/Documents/GitHub/ECE385/Lab6/Lab6.1/mb_intro_top.xsa",
	"platIntHandOff":	"<platformDir>/hw/mb_intro_top.xsa",
	"deviceType":	"FPGA",
	"platIsPrebuiltAutogen":	"false",
	"platIsNoBootBsp":	"false",
	"hasFsblMakeHasChanges":	"false",
	"hasPmufwMakeHasChanges":	"false",
	"platPreBuiltFlag":	false,
	"platformSamplesDir":	"",
	"platActiveSys":	"mb_intro_top",
	"systems":	[{
			"systemName":	"mb_intro_top",
			"systemDesc":	"mb_intro_top",
			"sysIsBootAutoGen":	"true",
			"systemDispName":	"mb_intro_top"
		}]
}
TRACE::2026-03-12.00:29:15::SCWPlatform::Boot application domains not present, creating them
TRACE::2026-03-12.00:29:15::SCWPlatform::Pure FPGA device, no boot application will be created.
TRACE::2026-03-12.00:29:15::SCWWriter::formatted JSON is {
	"platformName":	"mb_intro_top",
	"sprVersion":	"2.0",
	"mode":	"gui",
	"dsaType":	"Fixed",
	"platformDesc":	"mb_intro_top",
	"platHandOff":	"C:/Users/willi/Documents/GitHub/ECE385/Lab6/Lab6.1/mb_intro_top.xsa",
	"platIntHandOff":	"<platformDir>/hw/mb_intro_top.xsa",
	"deviceType":	"FPGA",
	"platIsPrebuiltAutogen":	"false",
	"platIsNoBootBsp":	"false",
	"hasFsblMakeHasChanges":	"false",
	"hasPmufwMakeHasChanges":	"false",
	"platPreBuiltFlag":	false,
	"platformSamplesDir":	"",
	"platActiveSys":	"mb_intro_top",
	"systems":	[{
			"systemName":	"mb_intro_top",
			"systemDesc":	"mb_intro_top",
			"sysIsBootAutoGen":	"true",
			"systemDispName":	"mb_intro_top"
		}]
}
TRACE::2026-03-12.00:29:15::SCWWriter::formatted JSON is {
	"platformName":	"mb_intro_top",
	"sprVersion":	"2.0",
	"mode":	"gui",
	"dsaType":	"Fixed",
	"platformDesc":	"mb_intro_top",
	"platHandOff":	"C:/Users/willi/Documents/GitHub/ECE385/Lab6/Lab6.1/mb_intro_top.xsa",
	"platIntHandOff":	"<platformDir>/hw/mb_intro_top.xsa",
	"deviceType":	"FPGA",
	"platIsPrebuiltAutogen":	"false",
	"platIsNoBootBsp":	"false",
	"hasFsblMakeHasChanges":	"false",
	"hasPmufwMakeHasChanges":	"false",
	"platPreBuiltFlag":	false,
	"platformSamplesDir":	"",
	"platActiveSys":	"mb_intro_top",
	"systems":	[{
			"systemName":	"mb_intro_top",
			"systemDesc":	"mb_intro_top",
			"sysIsBootAutoGen":	"true",
			"systemDispName":	"mb_intro_top"
		}]
}
TRACE::2026-03-12.00:29:15::SCWPlatform::Trying to open the hw design at C:/Users/willi/Documents/GitHub/ECE385/Lab6/Lab6.1/sdk/mb_intro_top/hw/mb_intro_top.xsa
TRACE::2026-03-12.00:29:15::SCWPlatform::DSA given C:/Users/willi/Documents/GitHub/ECE385/Lab6/Lab6.1/sdk/mb_intro_top/hw/mb_intro_top.xsa
TRACE::2026-03-12.00:29:15::SCWPlatform::DSA absoulate path C:/Users/willi/Documents/GitHub/ECE385/Lab6/Lab6.1/sdk/mb_intro_top/hw/mb_intro_top.xsa
TRACE::2026-03-12.00:29:15::SCWPlatform::DSA directory C:/Users/willi/Documents/GitHub/ECE385/Lab6/Lab6.1/sdk/mb_intro_top/hw
TRACE::2026-03-12.00:29:15::SCWPlatform:: Platform Path C:/Users/willi/Documents/GitHub/ECE385/Lab6/Lab6.1/sdk/mb_intro_top/hw/mb_intro_top.xsa
TRACE::2026-03-12.00:29:15::SCWPlatform:: Unique name xilinx:::0.0
TRACE::2026-03-12.00:29:15::SCWPlatform::Trying to set the existing hwdb with name mb_intro_top_0
TRACE::2026-03-12.00:29:15::SCWPlatform::Opened existing hwdb mb_intro_top_0
TRACE::2026-03-12.00:29:15::SCWPlatform::Found the Hw Db part of the input DSA
TRACE::2026-03-12.00:29:15::SCWPlatform::Trying to open the hw design at C:/Users/willi/Documents/GitHub/ECE385/Lab6/Lab6.1/sdk/mb_intro_top/hw/mb_intro_top.xsa
TRACE::2026-03-12.00:29:15::SCWPlatform::DSA given C:/Users/willi/Documents/GitHub/ECE385/Lab6/Lab6.1/sdk/mb_intro_top/hw/mb_intro_top.xsa
TRACE::2026-03-12.00:29:15::SCWPlatform::DSA absoulate path C:/Users/willi/Documents/GitHub/ECE385/Lab6/Lab6.1/sdk/mb_intro_top/hw/mb_intro_top.xsa
TRACE::2026-03-12.00:29:15::SCWPlatform::DSA directory C:/Users/willi/Documents/GitHub/ECE385/Lab6/Lab6.1/sdk/mb_intro_top/hw
TRACE::2026-03-12.00:29:15::SCWPlatform:: Platform Path C:/Users/willi/Documents/GitHub/ECE385/Lab6/Lab6.1/sdk/mb_intro_top/hw/mb_intro_top.xsa
TRACE::2026-03-12.00:29:15::SCWPlatform:: Unique name xilinx:::0.0
TRACE::2026-03-12.00:29:15::SCWPlatform::Trying to set the existing hwdb with name mb_intro_top_0
TRACE::2026-03-12.00:29:15::SCWPlatform::Opened existing hwdb mb_intro_top_0
TRACE::2026-03-12.00:29:15::SCWPlatform::Found the Hw Db part of the input DSA
TRACE::2026-03-12.00:29:15::SCWDomain::checking for install qemu data   : 
TRACE::2026-03-12.00:29:15::SCWPlatform::Trying to open the hw design at C:/Users/willi/Documents/GitHub/ECE385/Lab6/Lab6.1/sdk/mb_intro_top/hw/mb_intro_top.xsa
TRACE::2026-03-12.00:29:15::SCWPlatform::DSA given C:/Users/willi/Documents/GitHub/ECE385/Lab6/Lab6.1/sdk/mb_intro_top/hw/mb_intro_top.xsa
TRACE::2026-03-12.00:29:15::SCWPlatform::DSA absoulate path C:/Users/willi/Documents/GitHub/ECE385/Lab6/Lab6.1/sdk/mb_intro_top/hw/mb_intro_top.xsa
TRACE::2026-03-12.00:29:15::SCWPlatform::DSA directory C:/Users/willi/Documents/GitHub/ECE385/Lab6/Lab6.1/sdk/mb_intro_top/hw
TRACE::2026-03-12.00:29:15::SCWPlatform:: Platform Path C:/Users/willi/Documents/GitHub/ECE385/Lab6/Lab6.1/sdk/mb_intro_top/hw/mb_intro_top.xsa
TRACE::2026-03-12.00:29:15::SCWPlatform:: Unique name xilinx:::0.0
TRACE::2026-03-12.00:29:15::SCWPlatform::Trying to set the existing hwdb with name mb_intro_top_0
TRACE::2026-03-12.00:29:15::SCWPlatform::Opened existing hwdb mb_intro_top_0
TRACE::2026-03-12.00:29:15::SCWPlatform::Found the Hw Db part of the input DSA
TRACE::2026-03-12.00:29:15::SCWPlatform::Trying to open the hw design at C:/Users/willi/Documents/GitHub/ECE385/Lab6/Lab6.1/sdk/mb_intro_top/hw/mb_intro_top.xsa
TRACE::2026-03-12.00:29:15::SCWPlatform::DSA given C:/Users/willi/Documents/GitHub/ECE385/Lab6/Lab6.1/sdk/mb_intro_top/hw/mb_intro_top.xsa
TRACE::2026-03-12.00:29:15::SCWPlatform::DSA absoulate path C:/Users/willi/Documents/GitHub/ECE385/Lab6/Lab6.1/sdk/mb_intro_top/hw/mb_intro_top.xsa
TRACE::2026-03-12.00:29:15::SCWPlatform::DSA directory C:/Users/willi/Documents/GitHub/ECE385/Lab6/Lab6.1/sdk/mb_intro_top/hw
TRACE::2026-03-12.00:29:15::SCWPlatform:: Platform Path C:/Users/willi/Documents/GitHub/ECE385/Lab6/Lab6.1/sdk/mb_intro_top/hw/mb_intro_top.xsa
TRACE::2026-03-12.00:29:15::SCWPlatform:: Unique name xilinx:::0.0
TRACE::2026-03-12.00:29:15::SCWPlatform::Trying to set the existing hwdb with name mb_intro_top_0
TRACE::2026-03-12.00:29:15::SCWPlatform::Opened existing hwdb mb_intro_top_0
TRACE::2026-03-12.00:29:15::SCWPlatform::Found the Hw Db part of the input DSA
TRACE::2026-03-12.00:29:15::SCWPlatform::Trying to open the hw design at C:/Users/willi/Documents/GitHub/ECE385/Lab6/Lab6.1/sdk/mb_intro_top/hw/mb_intro_top.xsa
TRACE::2026-03-12.00:29:15::SCWPlatform::DSA given C:/Users/willi/Documents/GitHub/ECE385/Lab6/Lab6.1/sdk/mb_intro_top/hw/mb_intro_top.xsa
TRACE::2026-03-12.00:29:15::SCWPlatform::DSA absoulate path C:/Users/willi/Documents/GitHub/ECE385/Lab6/Lab6.1/sdk/mb_intro_top/hw/mb_intro_top.xsa
TRACE::2026-03-12.00:29:15::SCWPlatform::DSA directory C:/Users/willi/Documents/GitHub/ECE385/Lab6/Lab6.1/sdk/mb_intro_top/hw
TRACE::2026-03-12.00:29:15::SCWPlatform:: Platform Path C:/Users/willi/Documents/GitHub/ECE385/Lab6/Lab6.1/sdk/mb_intro_top/hw/mb_intro_top.xsa
TRACE::2026-03-12.00:29:15::SCWPlatform:: Unique name xilinx:::0.0
TRACE::2026-03-12.00:29:15::SCWPlatform::Trying to set the existing hwdb with name mb_intro_top_0
TRACE::2026-03-12.00:29:15::SCWPlatform::Opened existing hwdb mb_intro_top_0
TRACE::2026-03-12.00:29:15::SCWPlatform::Found the Hw Db part of the input DSA
TRACE::2026-03-12.00:29:15::SCWMssOS::Checking the sw design at  C:/Users/willi/Documents/GitHub/ECE385/Lab6/Lab6.1/sdk/mb_intro_top/microblaze_0/standalone_microblaze_0/bsp/system.mss
TRACE::2026-03-12.00:29:15::SCWMssOS::DEBUG:  swdes dump  
TRACE::2026-03-12.00:29:15::SCWMssOS::No sw design opened at  C:/Users/willi/Documents/GitHub/ECE385/Lab6/Lab6.1/sdk/mb_intro_top/microblaze_0/standalone_microblaze_0/bsp/system.mss
TRACE::2026-03-12.00:29:15::SCWMssOS::mss does not exists at C:/Users/willi/Documents/GitHub/ECE385/Lab6/Lab6.1/sdk/mb_intro_top/microblaze_0/standalone_microblaze_0/bsp/system.mss
TRACE::2026-03-12.00:29:15::SCWMssOS::Creating sw design at  C:/Users/willi/Documents/GitHub/ECE385/Lab6/Lab6.1/sdk/mb_intro_top/microblaze_0/standalone_microblaze_0/bsp/system.mss
TRACE::2026-03-12.00:29:15::SCWMssOS::Adding the swdes entry, created swdb C:/Users/willi/Documents/GitHub/ECE385/Lab6/Lab6.1/sdk/mb_intro_top/microblaze_0/standalone_microblaze_0/bsp/system.mss with des name C:/Users/willi/Documents/GitHub/ECE385/Lab6/Lab6.1/sdk/mb_intro_top/microblaze_0/standalone_microblaze_0/bsp/system.mss
TRACE::2026-03-12.00:29:15::SCWMssOS::updating the scw layer changes to swdes at   C:/Users/willi/Documents/GitHub/ECE385/Lab6/Lab6.1/sdk/mb_intro_top/microblaze_0/standalone_microblaze_0/bsp/system.mss
TRACE::2026-03-12.00:29:15::SCWMssOS::Writing mss at C:/Users/willi/Documents/GitHub/ECE385/Lab6/Lab6.1/sdk/mb_intro_top/microblaze_0/standalone_microblaze_0/bsp/system.mss
TRACE::2026-03-12.00:29:15::SCWMssOS::Completed writing the mss file at C:/Users/willi/Documents/GitHub/ECE385/Lab6/Lab6.1/sdk/mb_intro_top/microblaze_0/standalone_microblaze_0/bsp
TRACE::2026-03-12.00:29:15::SCWMssOS::Picking up changes from newly written mss file into SCW Layer. 
TRACE::2026-03-12.00:29:15::SCWMssOS::Updated the changes from newly written mss file into SCW Layer. 
TRACE::2026-03-12.00:29:15::SCWMssOS::Completed writing the mss file at C:/Users/willi/Documents/GitHub/ECE385/Lab6/Lab6.1/sdk/mb_intro_top/microblaze_0/standalone_microblaze_0/bsp
TRACE::2026-03-12.00:29:15::SCWMssOS::Forcing BSP Sources regeneration.
TRACE::2026-03-12.00:29:17::SCWMssOS::Saving the mss changes C:/Users/willi/Documents/GitHub/ECE385/Lab6/Lab6.1/sdk/mb_intro_top/microblaze_0/standalone_microblaze_0/bsp/system.mss
TRACE::2026-03-12.00:29:17::SCWMssOS::Adding the swdes entry, mss present, able to open swdb C:/Users/willi/Documents/GitHub/ECE385/Lab6/Lab6.1/sdk/mb_intro_top/microblaze_0/standalone_microblaze_0/bsp/system.mss with des name system
TRACE::2026-03-12.00:29:17::SCWMssOS::Writing the mss file completed C:/Users/willi/Documents/GitHub/ECE385/Lab6/Lab6.1/sdk/mb_intro_top/microblaze_0/standalone_microblaze_0/bsp/system.mss
TRACE::2026-03-12.00:29:17::SCWMssOS::Commit changes completed.
TRACE::2026-03-12.00:29:17::SCWPlatform::Trying to open the hw design at C:/Users/willi/Documents/GitHub/ECE385/Lab6/Lab6.1/sdk/mb_intro_top/hw/mb_intro_top.xsa
TRACE::2026-03-12.00:29:17::SCWPlatform::DSA given C:/Users/willi/Documents/GitHub/ECE385/Lab6/Lab6.1/sdk/mb_intro_top/hw/mb_intro_top.xsa
TRACE::2026-03-12.00:29:17::SCWPlatform::DSA absoulate path C:/Users/willi/Documents/GitHub/ECE385/Lab6/Lab6.1/sdk/mb_intro_top/hw/mb_intro_top.xsa
TRACE::2026-03-12.00:29:17::SCWPlatform::DSA directory C:/Users/willi/Documents/GitHub/ECE385/Lab6/Lab6.1/sdk/mb_intro_top/hw
TRACE::2026-03-12.00:29:17::SCWPlatform:: Platform Path C:/Users/willi/Documents/GitHub/ECE385/Lab6/Lab6.1/sdk/mb_intro_top/hw/mb_intro_top.xsa
TRACE::2026-03-12.00:29:17::SCWPlatform:: Unique name xilinx:::0.0
TRACE::2026-03-12.00:29:17::SCWPlatform::Trying to set the existing hwdb with name mb_intro_top_0
TRACE::2026-03-12.00:29:17::SCWPlatform::Opened existing hwdb mb_intro_top_0
TRACE::2026-03-12.00:29:17::SCWPlatform::Found the Hw Db part of the input DSA
TRACE::2026-03-12.00:29:17::SCWMssOS::Checking the sw design at  C:/Users/willi/Documents/GitHub/ECE385/Lab6/Lab6.1/sdk/mb_intro_top/microblaze_0/standalone_microblaze_0/bsp/system.mss
TRACE::2026-03-12.00:29:17::SCWMssOS::DEBUG:  swdes dump  C:/Users/willi/Documents/GitHub/ECE385/Lab6/Lab6.1/sdk/mb_intro_top/microblaze_0/standalone_microblaze_0/bsp/system.mss|system||

TRACE::2026-03-12.00:29:17::SCWMssOS::Sw design exists and opened at  C:/Users/willi/Documents/GitHub/ECE385/Lab6/Lab6.1/sdk/mb_intro_top/microblaze_0/standalone_microblaze_0/bsp/system.mss
TRACE::2026-03-12.00:29:17::SCWPlatform::Trying to open the hw design at C:/Users/willi/Documents/GitHub/ECE385/Lab6/Lab6.1/sdk/mb_intro_top/hw/mb_intro_top.xsa
TRACE::2026-03-12.00:29:17::SCWPlatform::DSA given C:/Users/willi/Documents/GitHub/ECE385/Lab6/Lab6.1/sdk/mb_intro_top/hw/mb_intro_top.xsa
TRACE::2026-03-12.00:29:17::SCWPlatform::DSA absoulate path C:/Users/willi/Documents/GitHub/ECE385/Lab6/Lab6.1/sdk/mb_intro_top/hw/mb_intro_top.xsa
TRACE::2026-03-12.00:29:17::SCWPlatform::DSA directory C:/Users/willi/Documents/GitHub/ECE385/Lab6/Lab6.1/sdk/mb_intro_top/hw
TRACE::2026-03-12.00:29:17::SCWPlatform:: Platform Path C:/Users/willi/Documents/GitHub/ECE385/Lab6/Lab6.1/sdk/mb_intro_top/hw/mb_intro_top.xsa
TRACE::2026-03-12.00:29:17::SCWPlatform:: Unique name xilinx:::0.0
TRACE::2026-03-12.00:29:17::SCWPlatform::Trying to set the existing hwdb with name mb_intro_top_0
TRACE::2026-03-12.00:29:17::SCWPlatform::Opened existing hwdb mb_intro_top_0
TRACE::2026-03-12.00:29:17::SCWPlatform::Found the Hw Db part of the input DSA
TRACE::2026-03-12.00:29:17::SCWMssOS::Checking the sw design at  C:/Users/willi/Documents/GitHub/ECE385/Lab6/Lab6.1/sdk/mb_intro_top/microblaze_0/standalone_microblaze_0/bsp/system.mss
TRACE::2026-03-12.00:29:17::SCWMssOS::DEBUG:  swdes dump  C:/Users/willi/Documents/GitHub/ECE385/Lab6/Lab6.1/sdk/mb_intro_top/microblaze_0/standalone_microblaze_0/bsp/system.mss|system||

TRACE::2026-03-12.00:29:17::SCWMssOS::Sw design exists and opened at  C:/Users/willi/Documents/GitHub/ECE385/Lab6/Lab6.1/sdk/mb_intro_top/microblaze_0/standalone_microblaze_0/bsp/system.mss
TRACE::2026-03-12.00:29:17::SCWPlatform::Trying to open the hw design at C:/Users/willi/Documents/GitHub/ECE385/Lab6/Lab6.1/sdk/mb_intro_top/hw/mb_intro_top.xsa
TRACE::2026-03-12.00:29:17::SCWPlatform::DSA given C:/Users/willi/Documents/GitHub/ECE385/Lab6/Lab6.1/sdk/mb_intro_top/hw/mb_intro_top.xsa
TRACE::2026-03-12.00:29:17::SCWPlatform::DSA absoulate path C:/Users/willi/Documents/GitHub/ECE385/Lab6/Lab6.1/sdk/mb_intro_top/hw/mb_intro_top.xsa
TRACE::2026-03-12.00:29:17::SCWPlatform::DSA directory C:/Users/willi/Documents/GitHub/ECE385/Lab6/Lab6.1/sdk/mb_intro_top/hw
TRACE::2026-03-12.00:29:17::SCWPlatform:: Platform Path C:/Users/willi/Documents/GitHub/ECE385/Lab6/Lab6.1/sdk/mb_intro_top/hw/mb_intro_top.xsa
TRACE::2026-03-12.00:29:17::SCWPlatform:: Unique name xilinx:::0.0
TRACE::2026-03-12.00:29:17::SCWPlatform::Trying to set the existing hwdb with name mb_intro_top_0
TRACE::2026-03-12.00:29:17::SCWPlatform::Opened existing hwdb mb_intro_top_0
TRACE::2026-03-12.00:29:17::SCWPlatform::Found the Hw Db part of the input DSA
TRACE::2026-03-12.00:29:17::SCWMssOS::Checking the sw design at  C:/Users/willi/Documents/GitHub/ECE385/Lab6/Lab6.1/sdk/mb_intro_top/microblaze_0/standalone_microblaze_0/bsp/system.mss
TRACE::2026-03-12.00:29:17::SCWMssOS::DEBUG:  swdes dump  C:/Users/willi/Documents/GitHub/ECE385/Lab6/Lab6.1/sdk/mb_intro_top/microblaze_0/standalone_microblaze_0/bsp/system.mss|system||

TRACE::2026-03-12.00:29:17::SCWMssOS::Sw design exists and opened at  C:/Users/willi/Documents/GitHub/ECE385/Lab6/Lab6.1/sdk/mb_intro_top/microblaze_0/standalone_microblaze_0/bsp/system.mss
TRACE::2026-03-12.00:29:17::SCWWriter::formatted JSON is {
	"platformName":	"mb_intro_top",
	"sprVersion":	"2.0",
	"mode":	"gui",
	"dsaType":	"Fixed",
	"platformDesc":	"mb_intro_top",
	"platHandOff":	"C:/Users/willi/Documents/GitHub/ECE385/Lab6/Lab6.1/mb_intro_top.xsa",
	"platIntHandOff":	"<platformDir>/hw/mb_intro_top.xsa",
	"deviceType":	"FPGA",
	"platIsPrebuiltAutogen":	"false",
	"platIsNoBootBsp":	"false",
	"hasFsblMakeHasChanges":	"false",
	"hasPmufwMakeHasChanges":	"false",
	"platPreBuiltFlag":	false,
	"platformSamplesDir":	"",
	"platActiveSys":	"mb_intro_top",
	"systems":	[{
			"systemName":	"mb_intro_top",
			"systemDesc":	"mb_intro_top",
			"sysIsBootAutoGen":	"true",
			"systemDispName":	"mb_intro_top",
			"sysActiveDom":	"standalone_microblaze_0",
			"sysDefaultDom":	"standalone_microblaze_0",
			"domains":	[{
					"domainName":	"standalone_microblaze_0",
					"domainDispName":	"standalone_microblaze_0",
					"domainDesc":	"standalone_microblaze_0",
					"processors":	"microblaze_0",
					"os":	"standalone",
					"sdxOs":	"standalone",
					"debugEnable":	"False",
					"domRuntimes":	["cpp"],
					"swRepo":	"",
					"mssOsVer":	"8.0",
					"mssFile":	"",
					"md5Digest":	"c1850e17529c9e31e281c5dbe0d47e56",
					"compatibleApp":	"hello_world",
					"domType":	"mssDomain",
					"arch":	"32-bit",
					"appSettings":	{
						"appCompilerFlags":	"",
						"appLinkerFlags":	""
					},
					"addedLibs":	[],
					"libOptions":	{
						"libsContainingOptions":	[]
					},
					"prebuiltLibs":	{
						"prebuiltIncPath":	[],
						"prebuiltLibPath":	[]
					},
					"isolation":	{
					}
				}]
		}]
}
LOG::2026-03-12.00:29:17::SCWPlatform::Started generating the artifacts platform mb_intro_top
TRACE::2026-03-12.00:29:17::SCWPlatform::Sanity checking of platform is completed
LOG::2026-03-12.00:29:17::SCWPlatform::Started generating the artifacts for system configuration mb_intro_top
LOG::2026-03-12.00:29:17::SCWSystem::Checking the domain standalone_microblaze_0
LOG::2026-03-12.00:29:17::SCWSystem::Not a boot domain 
LOG::2026-03-12.00:29:17::SCWSystem::Started Processing the domain standalone_microblaze_0
TRACE::2026-03-12.00:29:17::SCWDomain::Generating domain artifcats
TRACE::2026-03-12.00:29:17::SCWMssOS::Generating standalone artifcats
TRACE::2026-03-12.00:29:17::SCWMssOS:: Copying the user libraries. 
TRACE::2026-03-12.00:29:17::SCWPlatform::Trying to open the hw design at C:/Users/willi/Documents/GitHub/ECE385/Lab6/Lab6.1/sdk/mb_intro_top/hw/mb_intro_top.xsa
TRACE::2026-03-12.00:29:17::SCWPlatform::DSA given C:/Users/willi/Documents/GitHub/ECE385/Lab6/Lab6.1/sdk/mb_intro_top/hw/mb_intro_top.xsa
TRACE::2026-03-12.00:29:17::SCWPlatform::DSA absoulate path C:/Users/willi/Documents/GitHub/ECE385/Lab6/Lab6.1/sdk/mb_intro_top/hw/mb_intro_top.xsa
TRACE::2026-03-12.00:29:17::SCWPlatform::DSA directory C:/Users/willi/Documents/GitHub/ECE385/Lab6/Lab6.1/sdk/mb_intro_top/hw
TRACE::2026-03-12.00:29:17::SCWPlatform:: Platform Path C:/Users/willi/Documents/GitHub/ECE385/Lab6/Lab6.1/sdk/mb_intro_top/hw/mb_intro_top.xsa
TRACE::2026-03-12.00:29:17::SCWPlatform:: Unique name xilinx:::0.0
TRACE::2026-03-12.00:29:17::SCWPlatform::Trying to set the existing hwdb with name mb_intro_top_0
TRACE::2026-03-12.00:29:17::SCWPlatform::Opened existing hwdb mb_intro_top_0
TRACE::2026-03-12.00:29:17::SCWPlatform::Found the Hw Db part of the input DSA
TRACE::2026-03-12.00:29:17::SCWMssOS::Checking the sw design at  C:/Users/willi/Documents/GitHub/ECE385/Lab6/Lab6.1/sdk/mb_intro_top/microblaze_0/standalone_microblaze_0/bsp/system.mss
TRACE::2026-03-12.00:29:17::SCWMssOS::DEBUG:  swdes dump  C:/Users/willi/Documents/GitHub/ECE385/Lab6/Lab6.1/sdk/mb_intro_top/microblaze_0/standalone_microblaze_0/bsp/system.mss|system||

TRACE::2026-03-12.00:29:17::SCWMssOS::Sw design exists and opened at  C:/Users/willi/Documents/GitHub/ECE385/Lab6/Lab6.1/sdk/mb_intro_top/microblaze_0/standalone_microblaze_0/bsp/system.mss
TRACE::2026-03-12.00:29:17::SCWMssOS::Completed writing the mss file at C:/Users/willi/Documents/GitHub/ECE385/Lab6/Lab6.1/sdk/mb_intro_top/microblaze_0/standalone_microblaze_0/bsp
TRACE::2026-03-12.00:29:17::SCWMssOS::Mss edits present, copying mssfile into export location C:/Users/willi/Documents/GitHub/ECE385/Lab6/Lab6.1/sdk/mb_intro_top/microblaze_0/standalone_microblaze_0/bsp/system.mss
TRACE::2026-03-12.00:29:17::SCWMssOS::bsp generated is upto date with the mss file. Skipping bsp generation.
TRACE::2026-03-12.00:29:17::SCWMssOS::BSP is already built. skipping the bsp build ... 
TRACE::2026-03-12.00:29:17::SCWDomain::Skipping the build for domain :  standalone_microblaze_0
TRACE::2026-03-12.00:29:17::SCWMssOS::skipping the bsp build ... 
TRACE::2026-03-12.00:29:17::SCWMssOS::Copying to export directory.
TRACE::2026-03-12.00:29:17::SCWMssOS:: Checking if to create the Supporting Applications
TRACE::2026-03-12.00:29:17::SCWMssOS:: No Linux domain exists, trying to generate FSBL 
LOG::2026-03-12.00:29:17::SCWSystem::Completed Processing the domain standalone_microblaze_0
LOG::2026-03-12.00:29:17::SCWSystem::Completed Processing the sysconfig mb_intro_top
LOG::2026-03-12.00:29:17::SCWPlatform::Completed generating the artifacts for system configuration mb_intro_top
TRACE::2026-03-12.00:29:17::SCWPlatform::Started preparing the platform 
TRACE::2026-03-12.00:29:17::SCWSystem::Writing the bif file for system config mb_intro_top
TRACE::2026-03-12.00:29:17::SCWSystem::dir created 
TRACE::2026-03-12.00:29:17::SCWSystem::Writing the bif 
TRACE::2026-03-12.00:29:17::SCWPlatform::Started writing the spfm file 
TRACE::2026-03-12.00:29:17::SCWPlatform::Started writing the xpfm file 
TRACE::2026-03-12.00:29:17::SCWPlatform::Completed generating the platform
TRACE::2026-03-12.00:29:17::SCWMssOS::Saving the mss changes C:/Users/willi/Documents/GitHub/ECE385/Lab6/Lab6.1/sdk/mb_intro_top/microblaze_0/standalone_microblaze_0/bsp/system.mss
TRACE::2026-03-12.00:29:17::SCWMssOS::Found a swdesign opened with the mssfile.
TRACE::2026-03-12.00:29:17::SCWMssOS::Completed writemss as part of save.
TRACE::2026-03-12.00:29:17::SCWMssOS::Commit changes completed.
TRACE::2026-03-12.00:29:17::SCWPlatform::Trying to open the hw design at C:/Users/willi/Documents/GitHub/ECE385/Lab6/Lab6.1/sdk/mb_intro_top/hw/mb_intro_top.xsa
TRACE::2026-03-12.00:29:17::SCWPlatform::DSA given C:/Users/willi/Documents/GitHub/ECE385/Lab6/Lab6.1/sdk/mb_intro_top/hw/mb_intro_top.xsa
TRACE::2026-03-12.00:29:17::SCWPlatform::DSA absoulate path C:/Users/willi/Documents/GitHub/ECE385/Lab6/Lab6.1/sdk/mb_intro_top/hw/mb_intro_top.xsa
TRACE::2026-03-12.00:29:17::SCWPlatform::DSA directory C:/Users/willi/Documents/GitHub/ECE385/Lab6/Lab6.1/sdk/mb_intro_top/hw
TRACE::2026-03-12.00:29:17::SCWPlatform:: Platform Path C:/Users/willi/Documents/GitHub/ECE385/Lab6/Lab6.1/sdk/mb_intro_top/hw/mb_intro_top.xsa
TRACE::2026-03-12.00:29:17::SCWPlatform:: Unique name xilinx:::0.0
TRACE::2026-03-12.00:29:17::SCWPlatform::Trying to set the existing hwdb with name mb_intro_top_0
TRACE::2026-03-12.00:29:17::SCWPlatform::Opened existing hwdb mb_intro_top_0
TRACE::2026-03-12.00:29:17::SCWPlatform::Found the Hw Db part of the input DSA
TRACE::2026-03-12.00:29:17::SCWMssOS::Checking the sw design at  C:/Users/willi/Documents/GitHub/ECE385/Lab6/Lab6.1/sdk/mb_intro_top/microblaze_0/standalone_microblaze_0/bsp/system.mss
TRACE::2026-03-12.00:29:17::SCWMssOS::DEBUG:  swdes dump  C:/Users/willi/Documents/GitHub/ECE385/Lab6/Lab6.1/sdk/mb_intro_top/microblaze_0/standalone_microblaze_0/bsp/system.mss|system||

TRACE::2026-03-12.00:29:17::SCWMssOS::Sw design exists and opened at  C:/Users/willi/Documents/GitHub/ECE385/Lab6/Lab6.1/sdk/mb_intro_top/microblaze_0/standalone_microblaze_0/bsp/system.mss
TRACE::2026-03-12.00:29:17::SCWPlatform::Trying to open the hw design at C:/Users/willi/Documents/GitHub/ECE385/Lab6/Lab6.1/sdk/mb_intro_top/hw/mb_intro_top.xsa
TRACE::2026-03-12.00:29:17::SCWPlatform::DSA given C:/Users/willi/Documents/GitHub/ECE385/Lab6/Lab6.1/sdk/mb_intro_top/hw/mb_intro_top.xsa
TRACE::2026-03-12.00:29:17::SCWPlatform::DSA absoulate path C:/Users/willi/Documents/GitHub/ECE385/Lab6/Lab6.1/sdk/mb_intro_top/hw/mb_intro_top.xsa
TRACE::2026-03-12.00:29:17::SCWPlatform::DSA directory C:/Users/willi/Documents/GitHub/ECE385/Lab6/Lab6.1/sdk/mb_intro_top/hw
TRACE::2026-03-12.00:29:17::SCWPlatform:: Platform Path C:/Users/willi/Documents/GitHub/ECE385/Lab6/Lab6.1/sdk/mb_intro_top/hw/mb_intro_top.xsa
TRACE::2026-03-12.00:29:17::SCWPlatform:: Unique name xilinx:::0.0
TRACE::2026-03-12.00:29:17::SCWPlatform::Trying to set the existing hwdb with name mb_intro_top_0
TRACE::2026-03-12.00:29:17::SCWPlatform::Opened existing hwdb mb_intro_top_0
TRACE::2026-03-12.00:29:17::SCWPlatform::Found the Hw Db part of the input DSA
TRACE::2026-03-12.00:29:17::SCWMssOS::Checking the sw design at  C:/Users/willi/Documents/GitHub/ECE385/Lab6/Lab6.1/sdk/mb_intro_top/microblaze_0/standalone_microblaze_0/bsp/system.mss
TRACE::2026-03-12.00:29:17::SCWMssOS::DEBUG:  swdes dump  C:/Users/willi/Documents/GitHub/ECE385/Lab6/Lab6.1/sdk/mb_intro_top/microblaze_0/standalone_microblaze_0/bsp/system.mss|system||

TRACE::2026-03-12.00:29:17::SCWMssOS::Sw design exists and opened at  C:/Users/willi/Documents/GitHub/ECE385/Lab6/Lab6.1/sdk/mb_intro_top/microblaze_0/standalone_microblaze_0/bsp/system.mss
TRACE::2026-03-12.00:29:17::SCWPlatform::Trying to open the hw design at C:/Users/willi/Documents/GitHub/ECE385/Lab6/Lab6.1/sdk/mb_intro_top/hw/mb_intro_top.xsa
TRACE::2026-03-12.00:29:17::SCWPlatform::DSA given C:/Users/willi/Documents/GitHub/ECE385/Lab6/Lab6.1/sdk/mb_intro_top/hw/mb_intro_top.xsa
TRACE::2026-03-12.00:29:17::SCWPlatform::DSA absoulate path C:/Users/willi/Documents/GitHub/ECE385/Lab6/Lab6.1/sdk/mb_intro_top/hw/mb_intro_top.xsa
TRACE::2026-03-12.00:29:17::SCWPlatform::DSA directory C:/Users/willi/Documents/GitHub/ECE385/Lab6/Lab6.1/sdk/mb_intro_top/hw
TRACE::2026-03-12.00:29:17::SCWPlatform:: Platform Path C:/Users/willi/Documents/GitHub/ECE385/Lab6/Lab6.1/sdk/mb_intro_top/hw/mb_intro_top.xsa
TRACE::2026-03-12.00:29:17::SCWPlatform:: Unique name xilinx:::0.0
TRACE::2026-03-12.00:29:17::SCWPlatform::Trying to set the existing hwdb with name mb_intro_top_0
TRACE::2026-03-12.00:29:17::SCWPlatform::Opened existing hwdb mb_intro_top_0
TRACE::2026-03-12.00:29:17::SCWPlatform::Found the Hw Db part of the input DSA
TRACE::2026-03-12.00:29:17::SCWMssOS::Checking the sw design at  C:/Users/willi/Documents/GitHub/ECE385/Lab6/Lab6.1/sdk/mb_intro_top/microblaze_0/standalone_microblaze_0/bsp/system.mss
TRACE::2026-03-12.00:29:17::SCWMssOS::DEBUG:  swdes dump  C:/Users/willi/Documents/GitHub/ECE385/Lab6/Lab6.1/sdk/mb_intro_top/microblaze_0/standalone_microblaze_0/bsp/system.mss|system||

TRACE::2026-03-12.00:29:17::SCWMssOS::Sw design exists and opened at  C:/Users/willi/Documents/GitHub/ECE385/Lab6/Lab6.1/sdk/mb_intro_top/microblaze_0/standalone_microblaze_0/bsp/system.mss
TRACE::2026-03-12.00:29:17::SCWWriter::formatted JSON is {
	"platformName":	"mb_intro_top",
	"sprVersion":	"2.0",
	"mode":	"gui",
	"dsaType":	"Fixed",
	"platformDesc":	"mb_intro_top",
	"platHandOff":	"C:/Users/willi/Documents/GitHub/ECE385/Lab6/Lab6.1/mb_intro_top.xsa",
	"platIntHandOff":	"<platformDir>/hw/mb_intro_top.xsa",
	"deviceType":	"FPGA",
	"platIsPrebuiltAutogen":	"false",
	"platIsNoBootBsp":	"false",
	"hasFsblMakeHasChanges":	"false",
	"hasPmufwMakeHasChanges":	"false",
	"platPreBuiltFlag":	false,
	"platformSamplesDir":	"",
	"platActiveSys":	"mb_intro_top",
	"systems":	[{
			"systemName":	"mb_intro_top",
			"systemDesc":	"mb_intro_top",
			"sysIsBootAutoGen":	"true",
			"systemDispName":	"mb_intro_top",
			"sysActiveDom":	"standalone_microblaze_0",
			"sysDefaultDom":	"standalone_microblaze_0",
			"domains":	[{
					"domainName":	"standalone_microblaze_0",
					"domainDispName":	"standalone_microblaze_0",
					"domainDesc":	"standalone_microblaze_0",
					"processors":	"microblaze_0",
					"os":	"standalone",
					"sdxOs":	"standalone",
					"debugEnable":	"False",
					"domRuntimes":	["cpp"],
					"swRepo":	"",
					"mssOsVer":	"8.0",
					"mssFile":	"",
					"md5Digest":	"c1850e17529c9e31e281c5dbe0d47e56",
					"compatibleApp":	"hello_world",
					"domType":	"mssDomain",
					"arch":	"32-bit",
					"appSettings":	{
						"appCompilerFlags":	"",
						"appLinkerFlags":	""
					},
					"addedLibs":	[],
					"libOptions":	{
						"libsContainingOptions":	[]
					},
					"prebuiltLibs":	{
						"prebuiltIncPath":	[],
						"prebuiltLibPath":	[]
					},
					"isolation":	{
					}
				}]
		}]
}
KEYINFO::2026-03-12.00:29:17::SCWPlatform::updated the xpfm file.
TRACE::2026-03-12.00:29:17::SCWPlatform::Trying to open the hw design at C:/Users/willi/Documents/GitHub/ECE385/Lab6/Lab6.1/sdk/mb_intro_top/hw/mb_intro_top.xsa
TRACE::2026-03-12.00:29:17::SCWPlatform::DSA given C:/Users/willi/Documents/GitHub/ECE385/Lab6/Lab6.1/sdk/mb_intro_top/hw/mb_intro_top.xsa
TRACE::2026-03-12.00:29:17::SCWPlatform::DSA absoulate path C:/Users/willi/Documents/GitHub/ECE385/Lab6/Lab6.1/sdk/mb_intro_top/hw/mb_intro_top.xsa
TRACE::2026-03-12.00:29:17::SCWPlatform::DSA directory C:/Users/willi/Documents/GitHub/ECE385/Lab6/Lab6.1/sdk/mb_intro_top/hw
TRACE::2026-03-12.00:29:17::SCWPlatform:: Platform Path C:/Users/willi/Documents/GitHub/ECE385/Lab6/Lab6.1/sdk/mb_intro_top/hw/mb_intro_top.xsa
TRACE::2026-03-12.00:29:17::SCWPlatform:: Unique name xilinx:::0.0
TRACE::2026-03-12.00:29:17::SCWPlatform::Trying to set the existing hwdb with name mb_intro_top_0
TRACE::2026-03-12.00:29:17::SCWPlatform::Opened existing hwdb mb_intro_top_0
TRACE::2026-03-12.00:29:17::SCWPlatform::Found the Hw Db part of the input DSA
TRACE::2026-03-12.00:29:17::SCWMssOS::Checking the sw design at  C:/Users/willi/Documents/GitHub/ECE385/Lab6/Lab6.1/sdk/mb_intro_top/microblaze_0/standalone_microblaze_0/bsp/system.mss
TRACE::2026-03-12.00:29:17::SCWMssOS::DEBUG:  swdes dump  C:/Users/willi/Documents/GitHub/ECE385/Lab6/Lab6.1/sdk/mb_intro_top/microblaze_0/standalone_microblaze_0/bsp/system.mss|system||

TRACE::2026-03-12.00:29:17::SCWMssOS::Sw design exists and opened at  C:/Users/willi/Documents/GitHub/ECE385/Lab6/Lab6.1/sdk/mb_intro_top/microblaze_0/standalone_microblaze_0/bsp/system.mss
TRACE::2026-03-12.00:29:17::SCWMssOS::Saving the mss changes C:/Users/willi/Documents/GitHub/ECE385/Lab6/Lab6.1/sdk/mb_intro_top/microblaze_0/standalone_microblaze_0/bsp/system.mss
TRACE::2026-03-12.00:29:17::SCWMssOS::Found a swdesign opened with the mssfile.
TRACE::2026-03-12.00:29:17::SCWMssOS::Completed writemss as part of save.
TRACE::2026-03-12.00:29:17::SCWMssOS::Commit changes completed.
TRACE::2026-03-12.00:29:17::SCWPlatform::Trying to open the hw design at C:/Users/willi/Documents/GitHub/ECE385/Lab6/Lab6.1/sdk/mb_intro_top/hw/mb_intro_top.xsa
TRACE::2026-03-12.00:29:17::SCWPlatform::DSA given C:/Users/willi/Documents/GitHub/ECE385/Lab6/Lab6.1/sdk/mb_intro_top/hw/mb_intro_top.xsa
TRACE::2026-03-12.00:29:17::SCWPlatform::DSA absoulate path C:/Users/willi/Documents/GitHub/ECE385/Lab6/Lab6.1/sdk/mb_intro_top/hw/mb_intro_top.xsa
TRACE::2026-03-12.00:29:17::SCWPlatform::DSA directory C:/Users/willi/Documents/GitHub/ECE385/Lab6/Lab6.1/sdk/mb_intro_top/hw
TRACE::2026-03-12.00:29:17::SCWPlatform:: Platform Path C:/Users/willi/Documents/GitHub/ECE385/Lab6/Lab6.1/sdk/mb_intro_top/hw/mb_intro_top.xsa
TRACE::2026-03-12.00:29:17::SCWPlatform:: Unique name xilinx:::0.0
TRACE::2026-03-12.00:29:17::SCWPlatform::Trying to set the existing hwdb with name mb_intro_top_0
TRACE::2026-03-12.00:29:17::SCWPlatform::Opened existing hwdb mb_intro_top_0
TRACE::2026-03-12.00:29:17::SCWPlatform::Found the Hw Db part of the input DSA
TRACE::2026-03-12.00:29:17::SCWMssOS::Checking the sw design at  C:/Users/willi/Documents/GitHub/ECE385/Lab6/Lab6.1/sdk/mb_intro_top/microblaze_0/standalone_microblaze_0/bsp/system.mss
TRACE::2026-03-12.00:29:17::SCWMssOS::DEBUG:  swdes dump  C:/Users/willi/Documents/GitHub/ECE385/Lab6/Lab6.1/sdk/mb_intro_top/microblaze_0/standalone_microblaze_0/bsp/system.mss|system||

TRACE::2026-03-12.00:29:17::SCWMssOS::Sw design exists and opened at  C:/Users/willi/Documents/GitHub/ECE385/Lab6/Lab6.1/sdk/mb_intro_top/microblaze_0/standalone_microblaze_0/bsp/system.mss
TRACE::2026-03-12.00:29:17::SCWPlatform::Trying to open the hw design at C:/Users/willi/Documents/GitHub/ECE385/Lab6/Lab6.1/sdk/mb_intro_top/hw/mb_intro_top.xsa
TRACE::2026-03-12.00:29:17::SCWPlatform::DSA given C:/Users/willi/Documents/GitHub/ECE385/Lab6/Lab6.1/sdk/mb_intro_top/hw/mb_intro_top.xsa
TRACE::2026-03-12.00:29:17::SCWPlatform::DSA absoulate path C:/Users/willi/Documents/GitHub/ECE385/Lab6/Lab6.1/sdk/mb_intro_top/hw/mb_intro_top.xsa
TRACE::2026-03-12.00:29:17::SCWPlatform::DSA directory C:/Users/willi/Documents/GitHub/ECE385/Lab6/Lab6.1/sdk/mb_intro_top/hw
TRACE::2026-03-12.00:29:17::SCWPlatform:: Platform Path C:/Users/willi/Documents/GitHub/ECE385/Lab6/Lab6.1/sdk/mb_intro_top/hw/mb_intro_top.xsa
TRACE::2026-03-12.00:29:17::SCWPlatform:: Unique name xilinx:::0.0
TRACE::2026-03-12.00:29:17::SCWPlatform::Trying to set the existing hwdb with name mb_intro_top_0
TRACE::2026-03-12.00:29:17::SCWPlatform::Opened existing hwdb mb_intro_top_0
TRACE::2026-03-12.00:29:17::SCWPlatform::Found the Hw Db part of the input DSA
TRACE::2026-03-12.00:29:17::SCWMssOS::Checking the sw design at  C:/Users/willi/Documents/GitHub/ECE385/Lab6/Lab6.1/sdk/mb_intro_top/microblaze_0/standalone_microblaze_0/bsp/system.mss
TRACE::2026-03-12.00:29:17::SCWMssOS::DEBUG:  swdes dump  C:/Users/willi/Documents/GitHub/ECE385/Lab6/Lab6.1/sdk/mb_intro_top/microblaze_0/standalone_microblaze_0/bsp/system.mss|system||

TRACE::2026-03-12.00:29:17::SCWMssOS::Sw design exists and opened at  C:/Users/willi/Documents/GitHub/ECE385/Lab6/Lab6.1/sdk/mb_intro_top/microblaze_0/standalone_microblaze_0/bsp/system.mss
TRACE::2026-03-12.00:29:17::SCWPlatform::Trying to open the hw design at C:/Users/willi/Documents/GitHub/ECE385/Lab6/Lab6.1/sdk/mb_intro_top/hw/mb_intro_top.xsa
TRACE::2026-03-12.00:29:17::SCWPlatform::DSA given C:/Users/willi/Documents/GitHub/ECE385/Lab6/Lab6.1/sdk/mb_intro_top/hw/mb_intro_top.xsa
TRACE::2026-03-12.00:29:17::SCWPlatform::DSA absoulate path C:/Users/willi/Documents/GitHub/ECE385/Lab6/Lab6.1/sdk/mb_intro_top/hw/mb_intro_top.xsa
TRACE::2026-03-12.00:29:17::SCWPlatform::DSA directory C:/Users/willi/Documents/GitHub/ECE385/Lab6/Lab6.1/sdk/mb_intro_top/hw
TRACE::2026-03-12.00:29:17::SCWPlatform:: Platform Path C:/Users/willi/Documents/GitHub/ECE385/Lab6/Lab6.1/sdk/mb_intro_top/hw/mb_intro_top.xsa
TRACE::2026-03-12.00:29:17::SCWPlatform:: Unique name xilinx:::0.0
TRACE::2026-03-12.00:29:17::SCWPlatform::Trying to set the existing hwdb with name mb_intro_top_0
TRACE::2026-03-12.00:29:17::SCWPlatform::Opened existing hwdb mb_intro_top_0
TRACE::2026-03-12.00:29:17::SCWPlatform::Found the Hw Db part of the input DSA
TRACE::2026-03-12.00:29:17::SCWMssOS::Checking the sw design at  C:/Users/willi/Documents/GitHub/ECE385/Lab6/Lab6.1/sdk/mb_intro_top/microblaze_0/standalone_microblaze_0/bsp/system.mss
TRACE::2026-03-12.00:29:17::SCWMssOS::DEBUG:  swdes dump  C:/Users/willi/Documents/GitHub/ECE385/Lab6/Lab6.1/sdk/mb_intro_top/microblaze_0/standalone_microblaze_0/bsp/system.mss|system||

TRACE::2026-03-12.00:29:17::SCWMssOS::Sw design exists and opened at  C:/Users/willi/Documents/GitHub/ECE385/Lab6/Lab6.1/sdk/mb_intro_top/microblaze_0/standalone_microblaze_0/bsp/system.mss
TRACE::2026-03-12.00:29:17::SCWWriter::formatted JSON is {
	"platformName":	"mb_intro_top",
	"sprVersion":	"2.0",
	"mode":	"gui",
	"dsaType":	"Fixed",
	"platformDesc":	"mb_intro_top",
	"platHandOff":	"C:/Users/willi/Documents/GitHub/ECE385/Lab6/Lab6.1/mb_intro_top.xsa",
	"platIntHandOff":	"<platformDir>/hw/mb_intro_top.xsa",
	"deviceType":	"FPGA",
	"platIsPrebuiltAutogen":	"false",
	"platIsNoBootBsp":	"false",
	"hasFsblMakeHasChanges":	"false",
	"hasPmufwMakeHasChanges":	"false",
	"platPreBuiltFlag":	false,
	"platformSamplesDir":	"",
	"platActiveSys":	"mb_intro_top",
	"systems":	[{
			"systemName":	"mb_intro_top",
			"systemDesc":	"mb_intro_top",
			"sysIsBootAutoGen":	"true",
			"systemDispName":	"mb_intro_top",
			"sysActiveDom":	"standalone_microblaze_0",
			"sysDefaultDom":	"standalone_microblaze_0",
			"domains":	[{
					"domainName":	"standalone_microblaze_0",
					"domainDispName":	"standalone_microblaze_0",
					"domainDesc":	"standalone_microblaze_0",
					"processors":	"microblaze_0",
					"os":	"standalone",
					"sdxOs":	"standalone",
					"debugEnable":	"False",
					"domRuntimes":	["cpp"],
					"swRepo":	"",
					"mssOsVer":	"8.0",
					"mssFile":	"",
					"md5Digest":	"c1850e17529c9e31e281c5dbe0d47e56",
					"compatibleApp":	"hello_world",
					"domType":	"mssDomain",
					"arch":	"32-bit",
					"appSettings":	{
						"appCompilerFlags":	"",
						"appLinkerFlags":	""
					},
					"addedLibs":	[],
					"libOptions":	{
						"libsContainingOptions":	[]
					},
					"prebuiltLibs":	{
						"prebuiltIncPath":	[],
						"prebuiltLibPath":	[]
					},
					"isolation":	{
					}
				}]
		}]
}
TRACE::2026-03-12.00:29:17::SCWPlatform::Trying to open the hw design at C:/Users/willi/Documents/GitHub/ECE385/Lab6/Lab6.1/sdk/mb_intro_top/hw/mb_intro_top.xsa
TRACE::2026-03-12.00:29:17::SCWPlatform::DSA given C:/Users/willi/Documents/GitHub/ECE385/Lab6/Lab6.1/sdk/mb_intro_top/hw/mb_intro_top.xsa
TRACE::2026-03-12.00:29:17::SCWPlatform::DSA absoulate path C:/Users/willi/Documents/GitHub/ECE385/Lab6/Lab6.1/sdk/mb_intro_top/hw/mb_intro_top.xsa
TRACE::2026-03-12.00:29:17::SCWPlatform::DSA directory C:/Users/willi/Documents/GitHub/ECE385/Lab6/Lab6.1/sdk/mb_intro_top/hw
TRACE::2026-03-12.00:29:17::SCWPlatform:: Platform Path C:/Users/willi/Documents/GitHub/ECE385/Lab6/Lab6.1/sdk/mb_intro_top/hw/mb_intro_top.xsa
TRACE::2026-03-12.00:29:17::SCWPlatform:: Unique name xilinx:::0.0
TRACE::2026-03-12.00:29:17::SCWPlatform::Trying to set the existing hwdb with name mb_intro_top_0
TRACE::2026-03-12.00:29:17::SCWPlatform::Opened existing hwdb mb_intro_top_0
TRACE::2026-03-12.00:29:17::SCWPlatform::Found the Hw Db part of the input DSA
TRACE::2026-03-12.00:29:17::SCWMssOS::Checking the sw design at  C:/Users/willi/Documents/GitHub/ECE385/Lab6/Lab6.1/sdk/mb_intro_top/microblaze_0/standalone_microblaze_0/bsp/system.mss
TRACE::2026-03-12.00:29:17::SCWMssOS::DEBUG:  swdes dump  C:/Users/willi/Documents/GitHub/ECE385/Lab6/Lab6.1/sdk/mb_intro_top/microblaze_0/standalone_microblaze_0/bsp/system.mss|system||

TRACE::2026-03-12.00:29:17::SCWMssOS::Sw design exists and opened at  C:/Users/willi/Documents/GitHub/ECE385/Lab6/Lab6.1/sdk/mb_intro_top/microblaze_0/standalone_microblaze_0/bsp/system.mss
TRACE::2026-03-12.00:29:17::SCWPlatform::Trying to open the hw design at C:/Users/willi/Documents/GitHub/ECE385/Lab6/Lab6.1/sdk/mb_intro_top/hw/mb_intro_top.xsa
TRACE::2026-03-12.00:29:17::SCWPlatform::DSA given C:/Users/willi/Documents/GitHub/ECE385/Lab6/Lab6.1/sdk/mb_intro_top/hw/mb_intro_top.xsa
TRACE::2026-03-12.00:29:17::SCWPlatform::DSA absoulate path C:/Users/willi/Documents/GitHub/ECE385/Lab6/Lab6.1/sdk/mb_intro_top/hw/mb_intro_top.xsa
TRACE::2026-03-12.00:29:17::SCWPlatform::DSA directory C:/Users/willi/Documents/GitHub/ECE385/Lab6/Lab6.1/sdk/mb_intro_top/hw
TRACE::2026-03-12.00:29:17::SCWPlatform:: Platform Path C:/Users/willi/Documents/GitHub/ECE385/Lab6/Lab6.1/sdk/mb_intro_top/hw/mb_intro_top.xsa
TRACE::2026-03-12.00:29:17::SCWPlatform:: Unique name xilinx:::0.0
TRACE::2026-03-12.00:29:17::SCWPlatform::Trying to set the existing hwdb with name mb_intro_top_0
TRACE::2026-03-12.00:29:17::SCWPlatform::Opened existing hwdb mb_intro_top_0
TRACE::2026-03-12.00:29:17::SCWPlatform::Found the Hw Db part of the input DSA
TRACE::2026-03-12.00:29:17::SCWMssOS::Checking the sw design at  C:/Users/willi/Documents/GitHub/ECE385/Lab6/Lab6.1/sdk/mb_intro_top/microblaze_0/standalone_microblaze_0/bsp/system.mss
TRACE::2026-03-12.00:29:17::SCWMssOS::DEBUG:  swdes dump  C:/Users/willi/Documents/GitHub/ECE385/Lab6/Lab6.1/sdk/mb_intro_top/microblaze_0/standalone_microblaze_0/bsp/system.mss|system||

TRACE::2026-03-12.00:29:17::SCWMssOS::Sw design exists and opened at  C:/Users/willi/Documents/GitHub/ECE385/Lab6/Lab6.1/sdk/mb_intro_top/microblaze_0/standalone_microblaze_0/bsp/system.mss
TRACE::2026-03-12.00:29:17::SCWMssOS::Saving the mss changes C:/Users/willi/Documents/GitHub/ECE385/Lab6/Lab6.1/sdk/mb_intro_top/microblaze_0/standalone_microblaze_0/bsp/system.mss
TRACE::2026-03-12.00:29:17::SCWMssOS::Found a swdesign opened with the mssfile.
TRACE::2026-03-12.00:29:17::SCWMssOS::Completed writemss as part of save.
TRACE::2026-03-12.00:29:17::SCWMssOS::Commit changes completed.
TRACE::2026-03-12.00:29:17::SCWPlatform::Trying to open the hw design at C:/Users/willi/Documents/GitHub/ECE385/Lab6/Lab6.1/sdk/mb_intro_top/hw/mb_intro_top.xsa
TRACE::2026-03-12.00:29:17::SCWPlatform::DSA given C:/Users/willi/Documents/GitHub/ECE385/Lab6/Lab6.1/sdk/mb_intro_top/hw/mb_intro_top.xsa
TRACE::2026-03-12.00:29:17::SCWPlatform::DSA absoulate path C:/Users/willi/Documents/GitHub/ECE385/Lab6/Lab6.1/sdk/mb_intro_top/hw/mb_intro_top.xsa
TRACE::2026-03-12.00:29:17::SCWPlatform::DSA directory C:/Users/willi/Documents/GitHub/ECE385/Lab6/Lab6.1/sdk/mb_intro_top/hw
TRACE::2026-03-12.00:29:17::SCWPlatform:: Platform Path C:/Users/willi/Documents/GitHub/ECE385/Lab6/Lab6.1/sdk/mb_intro_top/hw/mb_intro_top.xsa
TRACE::2026-03-12.00:29:17::SCWPlatform:: Unique name xilinx:::0.0
TRACE::2026-03-12.00:29:17::SCWPlatform::Trying to set the existing hwdb with name mb_intro_top_0
TRACE::2026-03-12.00:29:17::SCWPlatform::Opened existing hwdb mb_intro_top_0
TRACE::2026-03-12.00:29:17::SCWPlatform::Found the Hw Db part of the input DSA
TRACE::2026-03-12.00:29:17::SCWMssOS::Checking the sw design at  C:/Users/willi/Documents/GitHub/ECE385/Lab6/Lab6.1/sdk/mb_intro_top/microblaze_0/standalone_microblaze_0/bsp/system.mss
TRACE::2026-03-12.00:29:17::SCWMssOS::DEBUG:  swdes dump  C:/Users/willi/Documents/GitHub/ECE385/Lab6/Lab6.1/sdk/mb_intro_top/microblaze_0/standalone_microblaze_0/bsp/system.mss|system||

TRACE::2026-03-12.00:29:17::SCWMssOS::Sw design exists and opened at  C:/Users/willi/Documents/GitHub/ECE385/Lab6/Lab6.1/sdk/mb_intro_top/microblaze_0/standalone_microblaze_0/bsp/system.mss
TRACE::2026-03-12.00:29:17::SCWPlatform::Trying to open the hw design at C:/Users/willi/Documents/GitHub/ECE385/Lab6/Lab6.1/sdk/mb_intro_top/hw/mb_intro_top.xsa
TRACE::2026-03-12.00:29:17::SCWPlatform::DSA given C:/Users/willi/Documents/GitHub/ECE385/Lab6/Lab6.1/sdk/mb_intro_top/hw/mb_intro_top.xsa
TRACE::2026-03-12.00:29:17::SCWPlatform::DSA absoulate path C:/Users/willi/Documents/GitHub/ECE385/Lab6/Lab6.1/sdk/mb_intro_top/hw/mb_intro_top.xsa
TRACE::2026-03-12.00:29:17::SCWPlatform::DSA directory C:/Users/willi/Documents/GitHub/ECE385/Lab6/Lab6.1/sdk/mb_intro_top/hw
TRACE::2026-03-12.00:29:17::SCWPlatform:: Platform Path C:/Users/willi/Documents/GitHub/ECE385/Lab6/Lab6.1/sdk/mb_intro_top/hw/mb_intro_top.xsa
TRACE::2026-03-12.00:29:17::SCWPlatform:: Unique name xilinx:::0.0
TRACE::2026-03-12.00:29:17::SCWPlatform::Trying to set the existing hwdb with name mb_intro_top_0
TRACE::2026-03-12.00:29:17::SCWPlatform::Opened existing hwdb mb_intro_top_0
TRACE::2026-03-12.00:29:17::SCWPlatform::Found the Hw Db part of the input DSA
TRACE::2026-03-12.00:29:17::SCWMssOS::Checking the sw design at  C:/Users/willi/Documents/GitHub/ECE385/Lab6/Lab6.1/sdk/mb_intro_top/microblaze_0/standalone_microblaze_0/bsp/system.mss
TRACE::2026-03-12.00:29:17::SCWMssOS::DEBUG:  swdes dump  C:/Users/willi/Documents/GitHub/ECE385/Lab6/Lab6.1/sdk/mb_intro_top/microblaze_0/standalone_microblaze_0/bsp/system.mss|system||

TRACE::2026-03-12.00:29:17::SCWMssOS::Sw design exists and opened at  C:/Users/willi/Documents/GitHub/ECE385/Lab6/Lab6.1/sdk/mb_intro_top/microblaze_0/standalone_microblaze_0/bsp/system.mss
TRACE::2026-03-12.00:29:17::SCWPlatform::Trying to open the hw design at C:/Users/willi/Documents/GitHub/ECE385/Lab6/Lab6.1/sdk/mb_intro_top/hw/mb_intro_top.xsa
TRACE::2026-03-12.00:29:17::SCWPlatform::DSA given C:/Users/willi/Documents/GitHub/ECE385/Lab6/Lab6.1/sdk/mb_intro_top/hw/mb_intro_top.xsa
TRACE::2026-03-12.00:29:17::SCWPlatform::DSA absoulate path C:/Users/willi/Documents/GitHub/ECE385/Lab6/Lab6.1/sdk/mb_intro_top/hw/mb_intro_top.xsa
TRACE::2026-03-12.00:29:17::SCWPlatform::DSA directory C:/Users/willi/Documents/GitHub/ECE385/Lab6/Lab6.1/sdk/mb_intro_top/hw
TRACE::2026-03-12.00:29:17::SCWPlatform:: Platform Path C:/Users/willi/Documents/GitHub/ECE385/Lab6/Lab6.1/sdk/mb_intro_top/hw/mb_intro_top.xsa
TRACE::2026-03-12.00:29:17::SCWPlatform:: Unique name xilinx:::0.0
TRACE::2026-03-12.00:29:17::SCWPlatform::Trying to set the existing hwdb with name mb_intro_top_0
TRACE::2026-03-12.00:29:17::SCWPlatform::Opened existing hwdb mb_intro_top_0
TRACE::2026-03-12.00:29:17::SCWPlatform::Found the Hw Db part of the input DSA
TRACE::2026-03-12.00:29:17::SCWMssOS::Checking the sw design at  C:/Users/willi/Documents/GitHub/ECE385/Lab6/Lab6.1/sdk/mb_intro_top/microblaze_0/standalone_microblaze_0/bsp/system.mss
TRACE::2026-03-12.00:29:17::SCWMssOS::DEBUG:  swdes dump  C:/Users/willi/Documents/GitHub/ECE385/Lab6/Lab6.1/sdk/mb_intro_top/microblaze_0/standalone_microblaze_0/bsp/system.mss|system||

TRACE::2026-03-12.00:29:17::SCWMssOS::Sw design exists and opened at  C:/Users/willi/Documents/GitHub/ECE385/Lab6/Lab6.1/sdk/mb_intro_top/microblaze_0/standalone_microblaze_0/bsp/system.mss
TRACE::2026-03-12.00:29:17::SCWWriter::formatted JSON is {
	"platformName":	"mb_intro_top",
	"sprVersion":	"2.0",
	"mode":	"gui",
	"dsaType":	"Fixed",
	"platformDesc":	"mb_intro_top",
	"platHandOff":	"C:/Users/willi/Documents/GitHub/ECE385/Lab6/Lab6.1/mb_intro_top.xsa",
	"platIntHandOff":	"<platformDir>/hw/mb_intro_top.xsa",
	"deviceType":	"FPGA",
	"platIsPrebuiltAutogen":	"false",
	"platIsNoBootBsp":	"false",
	"hasFsblMakeHasChanges":	"false",
	"hasPmufwMakeHasChanges":	"false",
	"platPreBuiltFlag":	false,
	"platformSamplesDir":	"",
	"platActiveSys":	"mb_intro_top",
	"systems":	[{
			"systemName":	"mb_intro_top",
			"systemDesc":	"mb_intro_top",
			"sysIsBootAutoGen":	"true",
			"systemDispName":	"mb_intro_top",
			"sysActiveDom":	"standalone_microblaze_0",
			"sysDefaultDom":	"standalone_microblaze_0",
			"domains":	[{
					"domainName":	"standalone_microblaze_0",
					"domainDispName":	"standalone_microblaze_0",
					"domainDesc":	"standalone_microblaze_0",
					"processors":	"microblaze_0",
					"os":	"standalone",
					"sdxOs":	"standalone",
					"debugEnable":	"False",
					"domRuntimes":	["cpp"],
					"swRepo":	"",
					"mssOsVer":	"8.0",
					"mssFile":	"",
					"md5Digest":	"c1850e17529c9e31e281c5dbe0d47e56",
					"compatibleApp":	"hello_world",
					"domType":	"mssDomain",
					"arch":	"32-bit",
					"appSettings":	{
						"appCompilerFlags":	"",
						"appLinkerFlags":	""
					},
					"addedLibs":	[],
					"libOptions":	{
						"libsContainingOptions":	[]
					},
					"prebuiltLibs":	{
						"prebuiltIncPath":	[],
						"prebuiltLibPath":	[]
					},
					"isolation":	{
					}
				}]
		}]
}
LOG::2026-03-12.00:29:17::SCWPlatform::Started generating the artifacts platform mb_intro_top
TRACE::2026-03-12.00:29:17::SCWPlatform::Sanity checking of platform is completed
LOG::2026-03-12.00:29:17::SCWPlatform::Started generating the artifacts for system configuration mb_intro_top
LOG::2026-03-12.00:29:17::SCWSystem::Started Processing the domain standalone_microblaze_0
TRACE::2026-03-12.00:29:17::SCWDomain::Generating domain artifcats
TRACE::2026-03-12.00:29:17::SCWMssOS::Generating standalone artifcats
TRACE::2026-03-12.00:29:17::SCWMssOS:: Copying the user libraries. 
TRACE::2026-03-12.00:29:17::SCWPlatform::Trying to open the hw design at C:/Users/willi/Documents/GitHub/ECE385/Lab6/Lab6.1/sdk/mb_intro_top/hw/mb_intro_top.xsa
TRACE::2026-03-12.00:29:17::SCWPlatform::DSA given C:/Users/willi/Documents/GitHub/ECE385/Lab6/Lab6.1/sdk/mb_intro_top/hw/mb_intro_top.xsa
TRACE::2026-03-12.00:29:17::SCWPlatform::DSA absoulate path C:/Users/willi/Documents/GitHub/ECE385/Lab6/Lab6.1/sdk/mb_intro_top/hw/mb_intro_top.xsa
TRACE::2026-03-12.00:29:17::SCWPlatform::DSA directory C:/Users/willi/Documents/GitHub/ECE385/Lab6/Lab6.1/sdk/mb_intro_top/hw
TRACE::2026-03-12.00:29:17::SCWPlatform:: Platform Path C:/Users/willi/Documents/GitHub/ECE385/Lab6/Lab6.1/sdk/mb_intro_top/hw/mb_intro_top.xsa
TRACE::2026-03-12.00:29:17::SCWPlatform:: Unique name xilinx:::0.0
TRACE::2026-03-12.00:29:17::SCWPlatform::Trying to set the existing hwdb with name mb_intro_top_0
TRACE::2026-03-12.00:29:17::SCWPlatform::Opened existing hwdb mb_intro_top_0
TRACE::2026-03-12.00:29:17::SCWPlatform::Found the Hw Db part of the input DSA
TRACE::2026-03-12.00:29:17::SCWMssOS::Checking the sw design at  C:/Users/willi/Documents/GitHub/ECE385/Lab6/Lab6.1/sdk/mb_intro_top/microblaze_0/standalone_microblaze_0/bsp/system.mss
TRACE::2026-03-12.00:29:17::SCWMssOS::DEBUG:  swdes dump  C:/Users/willi/Documents/GitHub/ECE385/Lab6/Lab6.1/sdk/mb_intro_top/microblaze_0/standalone_microblaze_0/bsp/system.mss|system||

TRACE::2026-03-12.00:29:17::SCWMssOS::Sw design exists and opened at  C:/Users/willi/Documents/GitHub/ECE385/Lab6/Lab6.1/sdk/mb_intro_top/microblaze_0/standalone_microblaze_0/bsp/system.mss
TRACE::2026-03-12.00:29:17::SCWMssOS::Completed writing the mss file at C:/Users/willi/Documents/GitHub/ECE385/Lab6/Lab6.1/sdk/mb_intro_top/microblaze_0/standalone_microblaze_0/bsp
TRACE::2026-03-12.00:29:17::SCWMssOS::Mss edits present, copying mssfile into export location C:/Users/willi/Documents/GitHub/ECE385/Lab6/Lab6.1/sdk/mb_intro_top/microblaze_0/standalone_microblaze_0/bsp/system.mss
TRACE::2026-03-12.00:29:17::SCWMssOS::bsp generated is upto date with the mss file. Skipping bsp generation.
TRACE::2026-03-12.00:29:17::SCWMssOS::BSP is already built. skipping the bsp build ... 
TRACE::2026-03-12.00:29:17::SCWDomain::Building the domain as part of full build :  standalone_microblaze_0
TRACE::2026-03-12.00:29:17::SCWMssOS::skipping the bsp build ... 
TRACE::2026-03-12.00:29:17::SCWMssOS::Copying to export directory.
TRACE::2026-03-12.00:29:17::SCWMssOS:: Checking if to create the Supporting Applications
TRACE::2026-03-12.00:29:17::SCWMssOS:: No Linux domain exists, trying to generate FSBL 
LOG::2026-03-12.00:29:17::SCWSystem::Completed Processing the domain standalone_microblaze_0
LOG::2026-03-12.00:29:17::SCWSystem::Completed Processing the sysconfig mb_intro_top
LOG::2026-03-12.00:29:17::SCWPlatform::Completed generating the artifacts for system configuration mb_intro_top
TRACE::2026-03-12.00:29:17::SCWPlatform::Started preparing the platform 
TRACE::2026-03-12.00:29:17::SCWSystem::Writing the bif file for system config mb_intro_top
TRACE::2026-03-12.00:29:17::SCWSystem::dir created 
TRACE::2026-03-12.00:29:17::SCWSystem::Writing the bif 
TRACE::2026-03-12.00:29:17::SCWPlatform::Started writing the spfm file 
TRACE::2026-03-12.00:29:17::SCWPlatform::Started writing the xpfm file 
TRACE::2026-03-12.00:29:17::SCWPlatform::Completed generating the platform
TRACE::2026-03-12.00:29:17::SCWMssOS::Saving the mss changes C:/Users/willi/Documents/GitHub/ECE385/Lab6/Lab6.1/sdk/mb_intro_top/microblaze_0/standalone_microblaze_0/bsp/system.mss
TRACE::2026-03-12.00:29:17::SCWMssOS::Found a swdesign opened with the mssfile.
TRACE::2026-03-12.00:29:17::SCWMssOS::Completed writemss as part of save.
TRACE::2026-03-12.00:29:17::SCWMssOS::Commit changes completed.
TRACE::2026-03-12.00:29:17::SCWPlatform::Trying to open the hw design at C:/Users/willi/Documents/GitHub/ECE385/Lab6/Lab6.1/sdk/mb_intro_top/hw/mb_intro_top.xsa
TRACE::2026-03-12.00:29:17::SCWPlatform::DSA given C:/Users/willi/Documents/GitHub/ECE385/Lab6/Lab6.1/sdk/mb_intro_top/hw/mb_intro_top.xsa
TRACE::2026-03-12.00:29:17::SCWPlatform::DSA absoulate path C:/Users/willi/Documents/GitHub/ECE385/Lab6/Lab6.1/sdk/mb_intro_top/hw/mb_intro_top.xsa
TRACE::2026-03-12.00:29:17::SCWPlatform::DSA directory C:/Users/willi/Documents/GitHub/ECE385/Lab6/Lab6.1/sdk/mb_intro_top/hw
TRACE::2026-03-12.00:29:17::SCWPlatform:: Platform Path C:/Users/willi/Documents/GitHub/ECE385/Lab6/Lab6.1/sdk/mb_intro_top/hw/mb_intro_top.xsa
TRACE::2026-03-12.00:29:17::SCWPlatform:: Unique name xilinx:::0.0
TRACE::2026-03-12.00:29:17::SCWPlatform::Trying to set the existing hwdb with name mb_intro_top_0
TRACE::2026-03-12.00:29:17::SCWPlatform::Opened existing hwdb mb_intro_top_0
TRACE::2026-03-12.00:29:17::SCWPlatform::Found the Hw Db part of the input DSA
TRACE::2026-03-12.00:29:17::SCWMssOS::Checking the sw design at  C:/Users/willi/Documents/GitHub/ECE385/Lab6/Lab6.1/sdk/mb_intro_top/microblaze_0/standalone_microblaze_0/bsp/system.mss
TRACE::2026-03-12.00:29:17::SCWMssOS::DEBUG:  swdes dump  C:/Users/willi/Documents/GitHub/ECE385/Lab6/Lab6.1/sdk/mb_intro_top/microblaze_0/standalone_microblaze_0/bsp/system.mss|system||

TRACE::2026-03-12.00:29:17::SCWMssOS::Sw design exists and opened at  C:/Users/willi/Documents/GitHub/ECE385/Lab6/Lab6.1/sdk/mb_intro_top/microblaze_0/standalone_microblaze_0/bsp/system.mss
TRACE::2026-03-12.00:29:17::SCWPlatform::Trying to open the hw design at C:/Users/willi/Documents/GitHub/ECE385/Lab6/Lab6.1/sdk/mb_intro_top/hw/mb_intro_top.xsa
TRACE::2026-03-12.00:29:17::SCWPlatform::DSA given C:/Users/willi/Documents/GitHub/ECE385/Lab6/Lab6.1/sdk/mb_intro_top/hw/mb_intro_top.xsa
TRACE::2026-03-12.00:29:17::SCWPlatform::DSA absoulate path C:/Users/willi/Documents/GitHub/ECE385/Lab6/Lab6.1/sdk/mb_intro_top/hw/mb_intro_top.xsa
TRACE::2026-03-12.00:29:17::SCWPlatform::DSA directory C:/Users/willi/Documents/GitHub/ECE385/Lab6/Lab6.1/sdk/mb_intro_top/hw
TRACE::2026-03-12.00:29:17::SCWPlatform:: Platform Path C:/Users/willi/Documents/GitHub/ECE385/Lab6/Lab6.1/sdk/mb_intro_top/hw/mb_intro_top.xsa
TRACE::2026-03-12.00:29:17::SCWPlatform:: Unique name xilinx:::0.0
TRACE::2026-03-12.00:29:17::SCWPlatform::Trying to set the existing hwdb with name mb_intro_top_0
TRACE::2026-03-12.00:29:17::SCWPlatform::Opened existing hwdb mb_intro_top_0
TRACE::2026-03-12.00:29:17::SCWPlatform::Found the Hw Db part of the input DSA
TRACE::2026-03-12.00:29:17::SCWMssOS::Checking the sw design at  C:/Users/willi/Documents/GitHub/ECE385/Lab6/Lab6.1/sdk/mb_intro_top/microblaze_0/standalone_microblaze_0/bsp/system.mss
TRACE::2026-03-12.00:29:17::SCWMssOS::DEBUG:  swdes dump  C:/Users/willi/Documents/GitHub/ECE385/Lab6/Lab6.1/sdk/mb_intro_top/microblaze_0/standalone_microblaze_0/bsp/system.mss|system||

TRACE::2026-03-12.00:29:17::SCWMssOS::Sw design exists and opened at  C:/Users/willi/Documents/GitHub/ECE385/Lab6/Lab6.1/sdk/mb_intro_top/microblaze_0/standalone_microblaze_0/bsp/system.mss
TRACE::2026-03-12.00:29:17::SCWPlatform::Trying to open the hw design at C:/Users/willi/Documents/GitHub/ECE385/Lab6/Lab6.1/sdk/mb_intro_top/hw/mb_intro_top.xsa
TRACE::2026-03-12.00:29:17::SCWPlatform::DSA given C:/Users/willi/Documents/GitHub/ECE385/Lab6/Lab6.1/sdk/mb_intro_top/hw/mb_intro_top.xsa
TRACE::2026-03-12.00:29:17::SCWPlatform::DSA absoulate path C:/Users/willi/Documents/GitHub/ECE385/Lab6/Lab6.1/sdk/mb_intro_top/hw/mb_intro_top.xsa
TRACE::2026-03-12.00:29:17::SCWPlatform::DSA directory C:/Users/willi/Documents/GitHub/ECE385/Lab6/Lab6.1/sdk/mb_intro_top/hw
TRACE::2026-03-12.00:29:17::SCWPlatform:: Platform Path C:/Users/willi/Documents/GitHub/ECE385/Lab6/Lab6.1/sdk/mb_intro_top/hw/mb_intro_top.xsa
TRACE::2026-03-12.00:29:17::SCWPlatform:: Unique name xilinx:::0.0
TRACE::2026-03-12.00:29:17::SCWPlatform::Trying to set the existing hwdb with name mb_intro_top_0
TRACE::2026-03-12.00:29:17::SCWPlatform::Opened existing hwdb mb_intro_top_0
TRACE::2026-03-12.00:29:17::SCWPlatform::Found the Hw Db part of the input DSA
TRACE::2026-03-12.00:29:17::SCWMssOS::Checking the sw design at  C:/Users/willi/Documents/GitHub/ECE385/Lab6/Lab6.1/sdk/mb_intro_top/microblaze_0/standalone_microblaze_0/bsp/system.mss
TRACE::2026-03-12.00:29:17::SCWMssOS::DEBUG:  swdes dump  C:/Users/willi/Documents/GitHub/ECE385/Lab6/Lab6.1/sdk/mb_intro_top/microblaze_0/standalone_microblaze_0/bsp/system.mss|system||

TRACE::2026-03-12.00:29:17::SCWMssOS::Sw design exists and opened at  C:/Users/willi/Documents/GitHub/ECE385/Lab6/Lab6.1/sdk/mb_intro_top/microblaze_0/standalone_microblaze_0/bsp/system.mss
TRACE::2026-03-12.00:29:17::SCWWriter::formatted JSON is {
	"platformName":	"mb_intro_top",
	"sprVersion":	"2.0",
	"mode":	"gui",
	"dsaType":	"Fixed",
	"platformDesc":	"mb_intro_top",
	"platHandOff":	"C:/Users/willi/Documents/GitHub/ECE385/Lab6/Lab6.1/mb_intro_top.xsa",
	"platIntHandOff":	"<platformDir>/hw/mb_intro_top.xsa",
	"deviceType":	"FPGA",
	"platIsPrebuiltAutogen":	"false",
	"platIsNoBootBsp":	"false",
	"hasFsblMakeHasChanges":	"false",
	"hasPmufwMakeHasChanges":	"false",
	"platPreBuiltFlag":	false,
	"platformSamplesDir":	"",
	"platActiveSys":	"mb_intro_top",
	"systems":	[{
			"systemName":	"mb_intro_top",
			"systemDesc":	"mb_intro_top",
			"sysIsBootAutoGen":	"true",
			"systemDispName":	"mb_intro_top",
			"sysActiveDom":	"standalone_microblaze_0",
			"sysDefaultDom":	"standalone_microblaze_0",
			"domains":	[{
					"domainName":	"standalone_microblaze_0",
					"domainDispName":	"standalone_microblaze_0",
					"domainDesc":	"standalone_microblaze_0",
					"processors":	"microblaze_0",
					"os":	"standalone",
					"sdxOs":	"standalone",
					"debugEnable":	"False",
					"domRuntimes":	["cpp"],
					"swRepo":	"",
					"mssOsVer":	"8.0",
					"mssFile":	"",
					"md5Digest":	"c1850e17529c9e31e281c5dbe0d47e56",
					"compatibleApp":	"hello_world",
					"domType":	"mssDomain",
					"arch":	"32-bit",
					"appSettings":	{
						"appCompilerFlags":	"",
						"appLinkerFlags":	""
					},
					"addedLibs":	[],
					"libOptions":	{
						"libsContainingOptions":	[]
					},
					"prebuiltLibs":	{
						"prebuiltIncPath":	[],
						"prebuiltLibPath":	[]
					},
					"isolation":	{
					}
				}]
		}]
}
KEYINFO::2026-03-12.00:29:17::SCWPlatform::updated the xpfm file.
TRACE::2026-03-12.00:29:25::SCWPlatform::Clearing the existing platform
TRACE::2026-03-12.00:29:25::SCWSystem::Clearing the existing sysconfig
TRACE::2026-03-12.00:29:25::SCWMssOS::Removing the swdes entry for  C:/Users/willi/Documents/GitHub/ECE385/Lab6/Lab6.1/sdk/mb_intro_top/microblaze_0/standalone_microblaze_0/bsp/system.mss
TRACE::2026-03-12.00:29:25::SCWSystem::Clearing the domains completed.
TRACE::2026-03-12.00:29:25::SCWPlatform::Clearing the opened hw db.
TRACE::2026-03-12.00:29:25::SCWPlatform::DSA given C:/Users/willi/Documents/GitHub/ECE385/Lab6/Lab6.1/sdk/mb_intro_top/hw/mb_intro_top.xsa
TRACE::2026-03-12.00:29:25::SCWPlatform::DSA absoulate path C:/Users/willi/Documents/GitHub/ECE385/Lab6/Lab6.1/sdk/mb_intro_top/hw/mb_intro_top.xsa
TRACE::2026-03-12.00:29:25::SCWPlatform:: Platform location is C:/Users/willi/Documents/GitHub/ECE385/Lab6/Lab6.1/sdk/mb_intro_top/hw
TRACE::2026-03-12.00:29:25::SCWPlatform:: Platform Path C:/Users/willi/Documents/GitHub/ECE385/Lab6/Lab6.1/sdk/mb_intro_top/hw/mb_intro_top.xsa
TRACE::2026-03-12.00:29:25::SCWPlatform:: Unique name xilinx:::0.0
TRACE::2026-03-12.00:29:25::SCWPlatform::Removing the HwDB with name C:/Users/willi/Documents/GitHub/ECE385/Lab6/Lab6.1/sdk/mb_intro_top/hw/mb_intro_top.xsa
TRACE::2026-03-12.00:29:25::SCWPlatform::Trying to open the hw design at C:/Users/willi/Documents/GitHub/ECE385/Lab6/Lab6.1/sdk/mb_intro_top/hw/mb_intro_top.xsa
TRACE::2026-03-12.00:29:25::SCWPlatform::DSA given C:/Users/willi/Documents/GitHub/ECE385/Lab6/Lab6.1/sdk/mb_intro_top/hw/mb_intro_top.xsa
TRACE::2026-03-12.00:29:25::SCWPlatform::DSA absoulate path C:/Users/willi/Documents/GitHub/ECE385/Lab6/Lab6.1/sdk/mb_intro_top/hw/mb_intro_top.xsa
TRACE::2026-03-12.00:29:25::SCWPlatform::DSA directory C:/Users/willi/Documents/GitHub/ECE385/Lab6/Lab6.1/sdk/mb_intro_top/hw
TRACE::2026-03-12.00:29:25::SCWPlatform:: Platform Path C:/Users/willi/Documents/GitHub/ECE385/Lab6/Lab6.1/sdk/mb_intro_top/hw/mb_intro_top.xsa
TRACE::2026-03-12.00:29:25::SCWPlatform:: Unique name xilinx:::0.0
TRACE::2026-03-12.00:29:25::SCWPlatform::Do not have an existing db opened. 
TRACE::2026-03-12.00:29:26::SCWPlatform::Opened new HwDB with name mb_intro_top_2
TRACE::2026-03-12.00:29:26::SCWReader::Active system found as  mb_intro_top
TRACE::2026-03-12.00:29:26::SCWReader::Handling sysconfig mb_intro_top
TRACE::2026-03-12.00:29:26::SCWDomain::checking for install qemu data   : 
TRACE::2026-03-12.00:29:26::SCWPlatform::Trying to open the hw design at C:/Users/willi/Documents/GitHub/ECE385/Lab6/Lab6.1/sdk/mb_intro_top/hw/mb_intro_top.xsa
TRACE::2026-03-12.00:29:26::SCWPlatform::DSA given C:/Users/willi/Documents/GitHub/ECE385/Lab6/Lab6.1/sdk/mb_intro_top/hw/mb_intro_top.xsa
TRACE::2026-03-12.00:29:26::SCWPlatform::DSA absoulate path C:/Users/willi/Documents/GitHub/ECE385/Lab6/Lab6.1/sdk/mb_intro_top/hw/mb_intro_top.xsa
TRACE::2026-03-12.00:29:26::SCWPlatform::DSA directory C:/Users/willi/Documents/GitHub/ECE385/Lab6/Lab6.1/sdk/mb_intro_top/hw
TRACE::2026-03-12.00:29:26::SCWPlatform:: Platform Path C:/Users/willi/Documents/GitHub/ECE385/Lab6/Lab6.1/sdk/mb_intro_top/hw/mb_intro_top.xsa
TRACE::2026-03-12.00:29:26::SCWPlatform:: Unique name xilinx:::0.0
TRACE::2026-03-12.00:29:26::SCWPlatform::Trying to set the existing hwdb with name mb_intro_top_2
TRACE::2026-03-12.00:29:26::SCWPlatform::Opened existing hwdb mb_intro_top_2
TRACE::2026-03-12.00:29:26::SCWPlatform::Found the Hw Db part of the input DSA
TRACE::2026-03-12.00:29:26::SCWPlatform::Trying to open the hw design at C:/Users/willi/Documents/GitHub/ECE385/Lab6/Lab6.1/sdk/mb_intro_top/hw/mb_intro_top.xsa
TRACE::2026-03-12.00:29:26::SCWPlatform::DSA given C:/Users/willi/Documents/GitHub/ECE385/Lab6/Lab6.1/sdk/mb_intro_top/hw/mb_intro_top.xsa
TRACE::2026-03-12.00:29:26::SCWPlatform::DSA absoulate path C:/Users/willi/Documents/GitHub/ECE385/Lab6/Lab6.1/sdk/mb_intro_top/hw/mb_intro_top.xsa
TRACE::2026-03-12.00:29:26::SCWPlatform::DSA directory C:/Users/willi/Documents/GitHub/ECE385/Lab6/Lab6.1/sdk/mb_intro_top/hw
TRACE::2026-03-12.00:29:26::SCWPlatform:: Platform Path C:/Users/willi/Documents/GitHub/ECE385/Lab6/Lab6.1/sdk/mb_intro_top/hw/mb_intro_top.xsa
TRACE::2026-03-12.00:29:26::SCWPlatform:: Unique name xilinx:::0.0
TRACE::2026-03-12.00:29:26::SCWPlatform::Trying to set the existing hwdb with name mb_intro_top_2
TRACE::2026-03-12.00:29:26::SCWPlatform::Opened existing hwdb mb_intro_top_2
TRACE::2026-03-12.00:29:26::SCWPlatform::Found the Hw Db part of the input DSA
TRACE::2026-03-12.00:29:26::SCWPlatform::Trying to open the hw design at C:/Users/willi/Documents/GitHub/ECE385/Lab6/Lab6.1/sdk/mb_intro_top/hw/mb_intro_top.xsa
TRACE::2026-03-12.00:29:26::SCWPlatform::DSA given C:/Users/willi/Documents/GitHub/ECE385/Lab6/Lab6.1/sdk/mb_intro_top/hw/mb_intro_top.xsa
TRACE::2026-03-12.00:29:26::SCWPlatform::DSA absoulate path C:/Users/willi/Documents/GitHub/ECE385/Lab6/Lab6.1/sdk/mb_intro_top/hw/mb_intro_top.xsa
TRACE::2026-03-12.00:29:26::SCWPlatform::DSA directory C:/Users/willi/Documents/GitHub/ECE385/Lab6/Lab6.1/sdk/mb_intro_top/hw
TRACE::2026-03-12.00:29:26::SCWPlatform:: Platform Path C:/Users/willi/Documents/GitHub/ECE385/Lab6/Lab6.1/sdk/mb_intro_top/hw/mb_intro_top.xsa
TRACE::2026-03-12.00:29:26::SCWPlatform:: Unique name xilinx:::0.0
TRACE::2026-03-12.00:29:26::SCWPlatform::Trying to set the existing hwdb with name mb_intro_top_2
TRACE::2026-03-12.00:29:26::SCWPlatform::Opened existing hwdb mb_intro_top_2
TRACE::2026-03-12.00:29:26::SCWPlatform::Found the Hw Db part of the input DSA
TRACE::2026-03-12.00:29:26::SCWPlatform::Trying to open the hw design at C:/Users/willi/Documents/GitHub/ECE385/Lab6/Lab6.1/sdk/mb_intro_top/hw/mb_intro_top.xsa
TRACE::2026-03-12.00:29:26::SCWPlatform::DSA given C:/Users/willi/Documents/GitHub/ECE385/Lab6/Lab6.1/sdk/mb_intro_top/hw/mb_intro_top.xsa
TRACE::2026-03-12.00:29:26::SCWPlatform::DSA absoulate path C:/Users/willi/Documents/GitHub/ECE385/Lab6/Lab6.1/sdk/mb_intro_top/hw/mb_intro_top.xsa
TRACE::2026-03-12.00:29:26::SCWPlatform::DSA directory C:/Users/willi/Documents/GitHub/ECE385/Lab6/Lab6.1/sdk/mb_intro_top/hw
TRACE::2026-03-12.00:29:26::SCWPlatform:: Platform Path C:/Users/willi/Documents/GitHub/ECE385/Lab6/Lab6.1/sdk/mb_intro_top/hw/mb_intro_top.xsa
TRACE::2026-03-12.00:29:26::SCWPlatform:: Unique name xilinx:::0.0
TRACE::2026-03-12.00:29:26::SCWPlatform::Trying to set the existing hwdb with name mb_intro_top_2
TRACE::2026-03-12.00:29:26::SCWPlatform::Opened existing hwdb mb_intro_top_2
TRACE::2026-03-12.00:29:26::SCWPlatform::Found the Hw Db part of the input DSA
TRACE::2026-03-12.00:29:26::SCWMssOS::Checking the sw design at  C:/Users/willi/Documents/GitHub/ECE385/Lab6/Lab6.1/sdk/mb_intro_top/microblaze_0/standalone_microblaze_0/bsp/system.mss
TRACE::2026-03-12.00:29:26::SCWMssOS::DEBUG:  swdes dump  
TRACE::2026-03-12.00:29:26::SCWMssOS::No sw design opened at  C:/Users/willi/Documents/GitHub/ECE385/Lab6/Lab6.1/sdk/mb_intro_top/microblaze_0/standalone_microblaze_0/bsp/system.mss
TRACE::2026-03-12.00:29:26::SCWMssOS::mss exists loading the mss file  C:/Users/willi/Documents/GitHub/ECE385/Lab6/Lab6.1/sdk/mb_intro_top/microblaze_0/standalone_microblaze_0/bsp/system.mss
TRACE::2026-03-12.00:29:26::SCWMssOS::Opened the sw design from mss  C:/Users/willi/Documents/GitHub/ECE385/Lab6/Lab6.1/sdk/mb_intro_top/microblaze_0/standalone_microblaze_0/bsp/system.mss
TRACE::2026-03-12.00:29:26::SCWMssOS::Adding the swdes entry C:/Users/willi/Documents/GitHub/ECE385/Lab6/Lab6.1/sdk/mb_intro_top/microblaze_0/standalone_microblaze_0/bsp/system.mss with des name system
TRACE::2026-03-12.00:29:26::SCWMssOS::updating the scw layer about changes
TRACE::2026-03-12.00:29:26::SCWMssOS::Opened the sw design.  C:/Users/willi/Documents/GitHub/ECE385/Lab6/Lab6.1/sdk/mb_intro_top/microblaze_0/standalone_microblaze_0/bsp/system.mss
TRACE::2026-03-12.00:29:26::SCWMssOS::Saving the mss changes C:/Users/willi/Documents/GitHub/ECE385/Lab6/Lab6.1/sdk/mb_intro_top/microblaze_0/standalone_microblaze_0/bsp/system.mss
TRACE::2026-03-12.00:29:26::SCWMssOS::Found a swdesign opened with the mssfile.
TRACE::2026-03-12.00:29:26::SCWMssOS::Completed writemss as part of save.
TRACE::2026-03-12.00:29:26::SCWMssOS::Commit changes completed.
TRACE::2026-03-12.00:29:26::SCWReader::Adding prebuilt librarypaths as   
TRACE::2026-03-12.00:29:26::SCWReader::Adding prebuilt incpaths  as   
TRACE::2026-03-12.00:29:26::SCWPlatform::Trying to open the hw design at C:/Users/willi/Documents/GitHub/ECE385/Lab6/Lab6.1/sdk/mb_intro_top/hw/mb_intro_top.xsa
TRACE::2026-03-12.00:29:26::SCWPlatform::DSA given C:/Users/willi/Documents/GitHub/ECE385/Lab6/Lab6.1/sdk/mb_intro_top/hw/mb_intro_top.xsa
TRACE::2026-03-12.00:29:26::SCWPlatform::DSA absoulate path C:/Users/willi/Documents/GitHub/ECE385/Lab6/Lab6.1/sdk/mb_intro_top/hw/mb_intro_top.xsa
TRACE::2026-03-12.00:29:26::SCWPlatform::DSA directory C:/Users/willi/Documents/GitHub/ECE385/Lab6/Lab6.1/sdk/mb_intro_top/hw
TRACE::2026-03-12.00:29:26::SCWPlatform:: Platform Path C:/Users/willi/Documents/GitHub/ECE385/Lab6/Lab6.1/sdk/mb_intro_top/hw/mb_intro_top.xsa
TRACE::2026-03-12.00:29:26::SCWPlatform:: Unique name xilinx:::0.0
TRACE::2026-03-12.00:29:26::SCWPlatform::Trying to set the existing hwdb with name mb_intro_top_2
TRACE::2026-03-12.00:29:26::SCWPlatform::Opened existing hwdb mb_intro_top_2
TRACE::2026-03-12.00:29:26::SCWPlatform::Found the Hw Db part of the input DSA
TRACE::2026-03-12.00:29:26::SCWMssOS::Checking the sw design at  C:/Users/willi/Documents/GitHub/ECE385/Lab6/Lab6.1/sdk/mb_intro_top/microblaze_0/standalone_microblaze_0/bsp/system.mss
TRACE::2026-03-12.00:29:26::SCWMssOS::DEBUG:  swdes dump  C:/Users/willi/Documents/GitHub/ECE385/Lab6/Lab6.1/sdk/mb_intro_top/microblaze_0/standalone_microblaze_0/bsp/system.mss|system||

TRACE::2026-03-12.00:29:26::SCWMssOS::Sw design exists and opened at  C:/Users/willi/Documents/GitHub/ECE385/Lab6/Lab6.1/sdk/mb_intro_top/microblaze_0/standalone_microblaze_0/bsp/system.mss
TRACE::2026-03-12.00:29:26::SCWReader::No isolation master present  
TRACE::2026-03-12.00:29:27::SCWPlatform::Trying to open the hw design at C:/Users/willi/Documents/GitHub/ECE385/Lab6/Lab6.1/sdk/mb_intro_top/hw/mb_intro_top.xsa
TRACE::2026-03-12.00:29:27::SCWPlatform::DSA given C:/Users/willi/Documents/GitHub/ECE385/Lab6/Lab6.1/sdk/mb_intro_top/hw/mb_intro_top.xsa
TRACE::2026-03-12.00:29:27::SCWPlatform::DSA absoulate path C:/Users/willi/Documents/GitHub/ECE385/Lab6/Lab6.1/sdk/mb_intro_top/hw/mb_intro_top.xsa
TRACE::2026-03-12.00:29:27::SCWPlatform::DSA directory C:/Users/willi/Documents/GitHub/ECE385/Lab6/Lab6.1/sdk/mb_intro_top/hw
TRACE::2026-03-12.00:29:27::SCWPlatform:: Platform Path C:/Users/willi/Documents/GitHub/ECE385/Lab6/Lab6.1/sdk/mb_intro_top/hw/mb_intro_top.xsa
TRACE::2026-03-12.00:29:27::SCWPlatform:: Unique name xilinx:::0.0
TRACE::2026-03-12.00:29:27::SCWPlatform::Trying to set the existing hwdb with name mb_intro_top_2
TRACE::2026-03-12.00:29:27::SCWPlatform::Opened existing hwdb mb_intro_top_2
TRACE::2026-03-12.00:29:27::SCWPlatform::Found the Hw Db part of the input DSA
TRACE::2026-03-12.00:29:27::SCWMssOS::Checking the sw design at  C:/Users/willi/Documents/GitHub/ECE385/Lab6/Lab6.1/sdk/mb_intro_top/microblaze_0/standalone_microblaze_0/bsp/system.mss
TRACE::2026-03-12.00:29:27::SCWMssOS::DEBUG:  swdes dump  C:/Users/willi/Documents/GitHub/ECE385/Lab6/Lab6.1/sdk/mb_intro_top/microblaze_0/standalone_microblaze_0/bsp/system.mss|system||

TRACE::2026-03-12.00:29:27::SCWMssOS::Sw design exists and opened at  C:/Users/willi/Documents/GitHub/ECE385/Lab6/Lab6.1/sdk/mb_intro_top/microblaze_0/standalone_microblaze_0/bsp/system.mss
TRACE::2026-03-12.00:29:27::SCWMssOS::In reload Mss file.
TRACE::2026-03-12.00:29:27::SCWPlatform::Trying to open the hw design at C:/Users/willi/Documents/GitHub/ECE385/Lab6/Lab6.1/sdk/mb_intro_top/hw/mb_intro_top.xsa
TRACE::2026-03-12.00:29:27::SCWPlatform::DSA given C:/Users/willi/Documents/GitHub/ECE385/Lab6/Lab6.1/sdk/mb_intro_top/hw/mb_intro_top.xsa
TRACE::2026-03-12.00:29:27::SCWPlatform::DSA absoulate path C:/Users/willi/Documents/GitHub/ECE385/Lab6/Lab6.1/sdk/mb_intro_top/hw/mb_intro_top.xsa
TRACE::2026-03-12.00:29:27::SCWPlatform::DSA directory C:/Users/willi/Documents/GitHub/ECE385/Lab6/Lab6.1/sdk/mb_intro_top/hw
TRACE::2026-03-12.00:29:27::SCWPlatform:: Platform Path C:/Users/willi/Documents/GitHub/ECE385/Lab6/Lab6.1/sdk/mb_intro_top/hw/mb_intro_top.xsa
TRACE::2026-03-12.00:29:27::SCWPlatform:: Unique name xilinx:::0.0
TRACE::2026-03-12.00:29:27::SCWPlatform::Trying to set the existing hwdb with name mb_intro_top_2
TRACE::2026-03-12.00:29:27::SCWPlatform::Opened existing hwdb mb_intro_top_2
TRACE::2026-03-12.00:29:27::SCWPlatform::Found the Hw Db part of the input DSA
TRACE::2026-03-12.00:29:27::SCWMssOS::Checking the sw design at  C:/Users/willi/Documents/GitHub/ECE385/Lab6/Lab6.1/sdk/mb_intro_top/microblaze_0/standalone_microblaze_0/bsp/system.mss
TRACE::2026-03-12.00:29:27::SCWMssOS::DEBUG:  swdes dump  
TRACE::2026-03-12.00:29:27::SCWMssOS::No sw design opened at  C:/Users/willi/Documents/GitHub/ECE385/Lab6/Lab6.1/sdk/mb_intro_top/microblaze_0/standalone_microblaze_0/bsp/system.mss
TRACE::2026-03-12.00:29:27::SCWMssOS::mss exists loading the mss file  C:/Users/willi/Documents/GitHub/ECE385/Lab6/Lab6.1/sdk/mb_intro_top/microblaze_0/standalone_microblaze_0/bsp/system.mss
TRACE::2026-03-12.00:29:27::SCWMssOS::Opened the sw design from mss  C:/Users/willi/Documents/GitHub/ECE385/Lab6/Lab6.1/sdk/mb_intro_top/microblaze_0/standalone_microblaze_0/bsp/system.mss
TRACE::2026-03-12.00:29:27::SCWMssOS::Adding the swdes entry C:/Users/willi/Documents/GitHub/ECE385/Lab6/Lab6.1/sdk/mb_intro_top/microblaze_0/standalone_microblaze_0/bsp/system.mss with des name system
TRACE::2026-03-12.00:29:27::SCWMssOS::updating the scw layer about changes
TRACE::2026-03-12.00:29:27::SCWMssOS::Opened the sw design.  C:/Users/willi/Documents/GitHub/ECE385/Lab6/Lab6.1/sdk/mb_intro_top/microblaze_0/standalone_microblaze_0/bsp/system.mss
TRACE::2026-03-12.00:29:27::SCWMssOS::Saving the mss changes C:/Users/willi/Documents/GitHub/ECE385/Lab6/Lab6.1/sdk/mb_intro_top/microblaze_0/standalone_microblaze_0/bsp/system.mss
TRACE::2026-03-12.00:29:27::SCWMssOS::Found a swdesign opened with the mssfile.
TRACE::2026-03-12.00:29:27::SCWMssOS::Completed writemss as part of save.
TRACE::2026-03-12.00:29:27::SCWMssOS::Commit changes completed.
TRACE::2026-03-12.00:29:27::SCWPlatform::Trying to open the hw design at C:/Users/willi/Documents/GitHub/ECE385/Lab6/Lab6.1/sdk/mb_intro_top/hw/mb_intro_top.xsa
TRACE::2026-03-12.00:29:27::SCWPlatform::DSA given C:/Users/willi/Documents/GitHub/ECE385/Lab6/Lab6.1/sdk/mb_intro_top/hw/mb_intro_top.xsa
TRACE::2026-03-12.00:29:27::SCWPlatform::DSA absoulate path C:/Users/willi/Documents/GitHub/ECE385/Lab6/Lab6.1/sdk/mb_intro_top/hw/mb_intro_top.xsa
TRACE::2026-03-12.00:29:27::SCWPlatform::DSA directory C:/Users/willi/Documents/GitHub/ECE385/Lab6/Lab6.1/sdk/mb_intro_top/hw
TRACE::2026-03-12.00:29:27::SCWPlatform:: Platform Path C:/Users/willi/Documents/GitHub/ECE385/Lab6/Lab6.1/sdk/mb_intro_top/hw/mb_intro_top.xsa
TRACE::2026-03-12.00:29:27::SCWPlatform:: Unique name xilinx:::0.0
TRACE::2026-03-12.00:29:27::SCWPlatform::Trying to set the existing hwdb with name mb_intro_top_2
TRACE::2026-03-12.00:29:27::SCWPlatform::Opened existing hwdb mb_intro_top_2
TRACE::2026-03-12.00:29:27::SCWPlatform::Found the Hw Db part of the input DSA
TRACE::2026-03-12.00:29:27::SCWMssOS::Checking the sw design at  C:/Users/willi/Documents/GitHub/ECE385/Lab6/Lab6.1/sdk/mb_intro_top/microblaze_0/standalone_microblaze_0/bsp/system.mss
TRACE::2026-03-12.00:29:27::SCWMssOS::DEBUG:  swdes dump  C:/Users/willi/Documents/GitHub/ECE385/Lab6/Lab6.1/sdk/mb_intro_top/microblaze_0/standalone_microblaze_0/bsp/system.mss|system||

TRACE::2026-03-12.00:29:27::SCWMssOS::Sw design exists and opened at  C:/Users/willi/Documents/GitHub/ECE385/Lab6/Lab6.1/sdk/mb_intro_top/microblaze_0/standalone_microblaze_0/bsp/system.mss
TRACE::2026-03-12.00:29:27::SCWMssOS::Removing the swdes entry for  C:/Users/willi/Documents/GitHub/ECE385/Lab6/Lab6.1/sdk/mb_intro_top/microblaze_0/standalone_microblaze_0/bsp/system.mss
LOG::2026-03-12.00:30:06::SCWPlatform::Started generating the artifacts platform mb_intro_top
TRACE::2026-03-12.00:30:06::SCWPlatform::Sanity checking of platform is completed
LOG::2026-03-12.00:30:06::SCWPlatform::Started generating the artifacts for system configuration mb_intro_top
LOG::2026-03-12.00:30:06::SCWSystem::Checking the domain standalone_microblaze_0
LOG::2026-03-12.00:30:06::SCWSystem::Not a boot domain 
LOG::2026-03-12.00:30:06::SCWSystem::Started Processing the domain standalone_microblaze_0
TRACE::2026-03-12.00:30:06::SCWDomain::Generating domain artifcats
TRACE::2026-03-12.00:30:06::SCWMssOS::Generating standalone artifcats
TRACE::2026-03-12.00:30:06::SCWMssOS:: Copying the user libraries. 
TRACE::2026-03-12.00:30:06::SCWPlatform::Trying to open the hw design at C:/Users/willi/Documents/GitHub/ECE385/Lab6/Lab6.1/sdk/mb_intro_top/hw/mb_intro_top.xsa
TRACE::2026-03-12.00:30:06::SCWPlatform::DSA given C:/Users/willi/Documents/GitHub/ECE385/Lab6/Lab6.1/sdk/mb_intro_top/hw/mb_intro_top.xsa
TRACE::2026-03-12.00:30:06::SCWPlatform::DSA absoulate path C:/Users/willi/Documents/GitHub/ECE385/Lab6/Lab6.1/sdk/mb_intro_top/hw/mb_intro_top.xsa
TRACE::2026-03-12.00:30:06::SCWPlatform::DSA directory C:/Users/willi/Documents/GitHub/ECE385/Lab6/Lab6.1/sdk/mb_intro_top/hw
TRACE::2026-03-12.00:30:06::SCWPlatform:: Platform Path C:/Users/willi/Documents/GitHub/ECE385/Lab6/Lab6.1/sdk/mb_intro_top/hw/mb_intro_top.xsa
TRACE::2026-03-12.00:30:06::SCWPlatform:: Unique name xilinx:::0.0
TRACE::2026-03-12.00:30:06::SCWPlatform::Trying to set the existing hwdb with name mb_intro_top_2
TRACE::2026-03-12.00:30:06::SCWPlatform::Opened existing hwdb mb_intro_top_2
TRACE::2026-03-12.00:30:06::SCWPlatform::Found the Hw Db part of the input DSA
TRACE::2026-03-12.00:30:06::SCWMssOS::Checking the sw design at  C:/Users/willi/Documents/GitHub/ECE385/Lab6/Lab6.1/sdk/mb_intro_top/microblaze_0/standalone_microblaze_0/bsp/system.mss
TRACE::2026-03-12.00:30:06::SCWMssOS::DEBUG:  swdes dump  
TRACE::2026-03-12.00:30:06::SCWMssOS::No sw design opened at  C:/Users/willi/Documents/GitHub/ECE385/Lab6/Lab6.1/sdk/mb_intro_top/microblaze_0/standalone_microblaze_0/bsp/system.mss
TRACE::2026-03-12.00:30:06::SCWMssOS::mss exists loading the mss file  C:/Users/willi/Documents/GitHub/ECE385/Lab6/Lab6.1/sdk/mb_intro_top/microblaze_0/standalone_microblaze_0/bsp/system.mss
TRACE::2026-03-12.00:30:06::SCWMssOS::Opened the sw design from mss  C:/Users/willi/Documents/GitHub/ECE385/Lab6/Lab6.1/sdk/mb_intro_top/microblaze_0/standalone_microblaze_0/bsp/system.mss
TRACE::2026-03-12.00:30:06::SCWMssOS::Adding the swdes entry C:/Users/willi/Documents/GitHub/ECE385/Lab6/Lab6.1/sdk/mb_intro_top/microblaze_0/standalone_microblaze_0/bsp/system.mss with des name system
TRACE::2026-03-12.00:30:06::SCWMssOS::updating the scw layer about changes
TRACE::2026-03-12.00:30:06::SCWMssOS::Opened the sw design.  C:/Users/willi/Documents/GitHub/ECE385/Lab6/Lab6.1/sdk/mb_intro_top/microblaze_0/standalone_microblaze_0/bsp/system.mss
TRACE::2026-03-12.00:30:06::SCWMssOS::Completed writing the mss file at C:/Users/willi/Documents/GitHub/ECE385/Lab6/Lab6.1/sdk/mb_intro_top/microblaze_0/standalone_microblaze_0/bsp
TRACE::2026-03-12.00:30:06::SCWMssOS::Mss edits present, copying mssfile into export location C:/Users/willi/Documents/GitHub/ECE385/Lab6/Lab6.1/sdk/mb_intro_top/microblaze_0/standalone_microblaze_0/bsp/system.mss
TRACE::2026-03-12.00:30:06::SCWMssOS::bsp generated is upto date with the mss file. Skipping bsp generation.
TRACE::2026-03-12.00:30:06::SCWMssOS::BSP is already built. skipping the bsp build ... 
TRACE::2026-03-12.00:30:06::SCWDomain::Building the domain as part of full build :  standalone_microblaze_0
TRACE::2026-03-12.00:30:06::SCWMssOS::doing bsp build ... 
TRACE::2026-03-12.00:30:06::SCWMssOS::System Command Ran  C: & cd  C:/Users/willi/Documents/GitHub/ECE385/Lab6/Lab6.1/sdk/mb_intro_top/microblaze_0/standalone_microblaze_0/bsp & make 
TRACE::2026-03-12.00:30:06::SCWMssOS::make --no-print-directory seq_libs

TRACE::2026-03-12.00:30:06::SCWMssOS::'Finished building libraries sequentially.'

TRACE::2026-03-12.00:30:06::SCWMssOS::make -j 6 --no-print-directory par_libs

TRACE::2026-03-12.00:30:06::SCWMssOS::"Running Make include in microblaze_0/libsrc/bram_v4_8/src"

TRACE::2026-03-12.00:30:06::SCWMssOS::make -C microblaze_0/libsrc/bram_v4_8/src -s include  "SHELL=CMD" "COMPILER=mb-gcc" "ASSEMBLER=mb-as" "ARCHIVER=mb-ar" "COMPILE
TRACE::2026-03-12.00:30:06::SCWMssOS::R_FLAGS=  -O2 -c -mcpu=v11.0 -mlittle-endian -mno-xl-reorder -mno-xl-soft-mul -mxl-barrel-shift -mxl-pattern-compare" "EXTRA_CO
TRACE::2026-03-12.00:30:06::SCWMssOS::MPILER_FLAGS=-g -ffunction-sections -fdata-sections -Wall -Wextra -fno-tree-loop-distribute-patterns"

TRACE::2026-03-12.00:30:06::SCWMssOS::"Running Make include in microblaze_0/libsrc/cpu_v2_16/src"

TRACE::2026-03-12.00:30:06::SCWMssOS::make -C microblaze_0/libsrc/cpu_v2_16/src -s include  "SHELL=CMD" "COMPILER=mb-gcc" "ASSEMBLER=mb-as" "ARCHIVER=mb-ar" "COMPILE
TRACE::2026-03-12.00:30:06::SCWMssOS::R_FLAGS=  -O2 -c -mcpu=v11.0 -mlittle-endian -mno-xl-reorder -mno-xl-soft-mul -mxl-barrel-shift -mxl-pattern-compare" "EXTRA_CO
TRACE::2026-03-12.00:30:06::SCWMssOS::MPILER_FLAGS=-g -ffunction-sections -fdata-sections -Wall -Wextra -fno-tree-loop-distribute-patterns"

TRACE::2026-03-12.00:30:06::SCWMssOS::"Running Make include in microblaze_0/libsrc/gpio_v4_9/src"

TRACE::2026-03-12.00:30:06::SCWMssOS::make -C microblaze_0/libsrc/gpio_v4_9/src -s include  "SHELL=CMD" "COMPILER=mb-gcc" "ASSEMBLER=mb-as" "ARCHIVER=mb-ar" "COMPILE
TRACE::2026-03-12.00:30:06::SCWMssOS::R_FLAGS=  -O2 -c -mcpu=v11.0 -mlittle-endian -mno-xl-reorder -mno-xl-soft-mul -mxl-barrel-shift -mxl-pattern-compare" "EXTRA_CO
TRACE::2026-03-12.00:30:06::SCWMssOS::MPILER_FLAGS=-g -ffunction-sections -fdata-sections -Wall -Wextra -fno-tree-loop-distribute-patterns"

TRACE::2026-03-12.00:30:06::SCWMssOS::"Running Make include in microblaze_0/libsrc/intc_v3_15/src"

TRACE::2026-03-12.00:30:06::SCWMssOS::make -C microblaze_0/libsrc/intc_v3_15/src -s include  "SHELL=CMD" "COMPILER=mb-gcc" "ASSEMBLER=mb-as" "ARCHIVER=mb-ar" "COMPIL
TRACE::2026-03-12.00:30:06::SCWMssOS::ER_FLAGS=  -O2 -c -mcpu=v11.0 -mlittle-endian -mno-xl-reorder -mno-xl-soft-mul -mxl-barrel-shift -mxl-pattern-compare" "EXTRA_C
TRACE::2026-03-12.00:30:06::SCWMssOS::OMPILER_FLAGS=-g -ffunction-sections -fdata-sections -Wall -Wextra -fno-tree-loop-distribute-patterns"

TRACE::2026-03-12.00:30:06::SCWMssOS::"Running Make include in microblaze_0/libsrc/standalone_v8_0/src"

TRACE::2026-03-12.00:30:06::SCWMssOS::make -C microblaze_0/libsrc/standalone_v8_0/src -s include  "SHELL=CMD" "COMPILER=mb-gcc" "ASSEMBLER=mb-as" "ARCHIVER=mb-ar" "C
TRACE::2026-03-12.00:30:06::SCWMssOS::OMPILER_FLAGS=  -O2 -c -mcpu=v11.0 -mlittle-endian -mno-xl-reorder -mno-xl-soft-mul -mxl-barrel-shift -mxl-pattern-compare" "EX
TRACE::2026-03-12.00:30:06::SCWMssOS::TRA_COMPILER_FLAGS=-g -ffunction-sections -fdata-sections -Wall -Wextra -fno-tree-loop-distribute-patterns"

TRACE::2026-03-12.00:30:06::SCWMssOS::"Running Make include in microblaze_0/libsrc/uartlite_v3_7/src"

TRACE::2026-03-12.00:30:06::SCWMssOS::make -C microblaze_0/libsrc/uartlite_v3_7/src -s include  "SHELL=CMD" "COMPILER=mb-gcc" "ASSEMBLER=mb-as" "ARCHIVER=mb-ar" "COM
TRACE::2026-03-12.00:30:06::SCWMssOS::PILER_FLAGS=  -O2 -c -mcpu=v11.0 -mlittle-endian -mno-xl-reorder -mno-xl-soft-mul -mxl-barrel-shift -mxl-pattern-compare" "EXTR
TRACE::2026-03-12.00:30:06::SCWMssOS::A_COMPILER_FLAGS=-g -ffunction-sections -fdata-sections -Wall -Wextra -fno-tree-loop-distribute-patterns"

TRACE::2026-03-12.00:30:07::SCWMssOS::"Running Make libs in microblaze_0/libsrc/bram_v4_8/src"

TRACE::2026-03-12.00:30:07::SCWMssOS::make -C microblaze_0/libsrc/bram_v4_8/src -s libs  "SHELL=CMD" "COMPILER=mb-gcc" "ASSEMBLER=mb-as" "ARCHIVER=mb-ar" "COMPILER_F
TRACE::2026-03-12.00:30:07::SCWMssOS::LAGS=  -O2 -c -mcpu=v11.0 -mlittle-endian -mno-xl-reorder -mno-xl-soft-mul -mxl-barrel-shift -mxl-pattern-compare" "EXTRA_COMPI
TRACE::2026-03-12.00:30:07::SCWMssOS::LER_FLAGS=-g -ffunction-sections -fdata-sections -Wall -Wextra -fno-tree-loop-distribute-patterns"

TRACE::2026-03-12.00:30:07::SCWMssOS::"Running Make libs in microblaze_0/libsrc/cpu_v2_16/src"

TRACE::2026-03-12.00:30:07::SCWMssOS::make -C microblaze_0/libsrc/cpu_v2_16/src -s libs  "SHELL=CMD" "COMPILER=mb-gcc" "ASSEMBLER=mb-as" "ARCHIVER=mb-ar" "COMPILER_F
TRACE::2026-03-12.00:30:07::SCWMssOS::LAGS=  -O2 -c -mcpu=v11.0 -mlittle-endian -mno-xl-reorder -mno-xl-soft-mul -mxl-barrel-shift -mxl-pattern-compare" "EXTRA_COMPI
TRACE::2026-03-12.00:30:07::SCWMssOS::LER_FLAGS=-g -ffunction-sections -fdata-sections -Wall -Wextra -fno-tree-loop-distribute-patterns"

TRACE::2026-03-12.00:30:07::SCWMssOS::"Running Make libs in microblaze_0/libsrc/gpio_v4_9/src"

TRACE::2026-03-12.00:30:07::SCWMssOS::make -C microblaze_0/libsrc/gpio_v4_9/src -s libs  "SHELL=CMD" "COMPILER=mb-gcc" "ASSEMBLER=mb-as" "ARCHIVER=mb-ar" "COMPILER_F
TRACE::2026-03-12.00:30:07::SCWMssOS::LAGS=  -O2 -c -mcpu=v11.0 -mlittle-endian -mno-xl-reorder -mno-xl-soft-mul -mxl-barrel-shift -mxl-pattern-compare" "EXTRA_COMPI
TRACE::2026-03-12.00:30:07::SCWMssOS::LER_FLAGS=-g -ffunction-sections -fdata-sections -Wall -Wextra -fno-tree-loop-distribute-patterns"

TRACE::2026-03-12.00:30:07::SCWMssOS::"Running Make libs in microblaze_0/libsrc/intc_v3_15/src"

TRACE::2026-03-12.00:30:07::SCWMssOS::make -C microblaze_0/libsrc/intc_v3_15/src -s libs  "SHELL=CMD" "COMPILER=mb-gcc" "ASSEMBLER=mb-as" "ARCHIVER=mb-ar" "COMPILER_
TRACE::2026-03-12.00:30:07::SCWMssOS::FLAGS=  -O2 -c -mcpu=v11.0 -mlittle-endian -mno-xl-reorder -mno-xl-soft-mul -mxl-barrel-shift -mxl-pattern-compare" "EXTRA_COMP
TRACE::2026-03-12.00:30:07::SCWMssOS::ILER_FLAGS=-g -ffunction-sections -fdata-sections -Wall -Wextra -fno-tree-loop-distribute-patterns"

TRACE::2026-03-12.00:30:07::SCWMssOS::"Running Make libs in microblaze_0/libsrc/standalone_v8_0/src"

TRACE::2026-03-12.00:30:07::SCWMssOS::make -C microblaze_0/libsrc/standalone_v8_0/src -s libs  "SHELL=CMD" "COMPILER=mb-gcc" "ASSEMBLER=mb-as" "ARCHIVER=mb-ar" "COMP
TRACE::2026-03-12.00:30:07::SCWMssOS::ILER_FLAGS=  -O2 -c -mcpu=v11.0 -mlittle-endian -mno-xl-reorder -mno-xl-soft-mul -mxl-barrel-shift -mxl-pattern-compare" "EXTRA
TRACE::2026-03-12.00:30:07::SCWMssOS::_COMPILER_FLAGS=-g -ffunction-sections -fdata-sections -Wall -Wextra -fno-tree-loop-distribute-patterns"

TRACE::2026-03-12.00:30:08::SCWMssOS::"Running Make libs in microblaze_0/libsrc/uartlite_v3_7/src"

TRACE::2026-03-12.00:30:08::SCWMssOS::make -C microblaze_0/libsrc/uartlite_v3_7/src -s libs  "SHELL=CMD" "COMPILER=mb-gcc" "ASSEMBLER=mb-as" "ARCHIVER=mb-ar" "COMPIL
TRACE::2026-03-12.00:30:08::SCWMssOS::ER_FLAGS=  -O2 -c -mcpu=v11.0 -mlittle-endian -mno-xl-reorder -mno-xl-soft-mul -mxl-barrel-shift -mxl-pattern-compare" "EXTRA_C
TRACE::2026-03-12.00:30:08::SCWMssOS::OMPILER_FLAGS=-g -ffunction-sections -fdata-sections -Wall -Wextra -fno-tree-loop-distribute-patterns"

TRACE::2026-03-12.00:30:09::SCWMssOS::"DEBUG NON_LTO_OBJECTS is ../../../lib/microblaze_interrupt_handler.o"

TRACE::2026-03-12.00:30:09::SCWMssOS::'Finished building libraries parallelly.'

TRACE::2026-03-12.00:30:09::SCWMssOS::make --no-print-directory archive

TRACE::2026-03-12.00:30:09::SCWMssOS::mb-ar -r  microblaze_0/lib/libxil.a microblaze_0/lib/_exit.o microblaze_0/lib/errno.o microblaze_0/lib/fcntl.o microblaze_0/lib
TRACE::2026-03-12.00:30:09::SCWMssOS::/hw_exception_handler.o microblaze_0/lib/inbyte.o microblaze_0/lib/microblaze_disable_dcache.o microblaze_0/lib/microblaze_disa
TRACE::2026-03-12.00:30:09::SCWMssOS::ble_exceptions.o microblaze_0/lib/microblaze_disable_icache.o microblaze_0/lib/microblaze_disable_interrupts.o microblaze_0/lib
TRACE::2026-03-12.00:30:09::SCWMssOS::/microblaze_enable_dcache.o microblaze_0/lib/microblaze_enable_exceptions.o microblaze_0/lib/microblaze_enable_icache.o microbl
TRACE::2026-03-12.00:30:09::SCWMssOS::aze_0/lib/microblaze_enable_interrupts.o microblaze_0/lib/microblaze_exception_handler.o microblaze_0/lib/microblaze_flush_cach
TRACE::2026-03-12.00:30:09::SCWMssOS::e_ext.o microblaze_0/lib/microblaze_flush_cache_ext_range.o microblaze_0/lib/microblaze_flush_dcache.o microblaze_0/lib/microbl
TRACE::2026-03-12.00:30:09::SCWMssOS::aze_flush_dcache_range.o microblaze_0/lib/microblaze_init_dcache_range.o microblaze_0/lib/microblaze_init_icache_range.o microb
TRACE::2026-03-12.00:30:09::SCWMssOS::laze_0/lib/microblaze_interrupt_handler.o microblaze_0/lib/microblaze_interrupts_g.o microblaze_0/lib/microblaze_invalidate_cac
TRACE::2026-03-12.00:30:09::SCWMssOS::he_ext.o microblaze_0/lib/microblaze_invalidate_cache_ext_range.o microblaze_0/lib/microblaze_invalidate_dcache.o microblaze_0/
TRACE::2026-03-12.00:30:09::SCWMssOS::lib/microblaze_invalidate_dcache_range.o microblaze_0/lib/microblaze_invalidate_icache.o microblaze_0/lib/microblaze_invalidate
TRACE::2026-03-12.00:30:09::SCWMssOS::_icache_range.o microblaze_0/lib/microblaze_scrub.o microblaze_0/lib/microblaze_selftest.o microblaze_0/lib/microblaze_sleep.o 
TRACE::2026-03-12.00:30:09::SCWMssOS::microblaze_0/lib/microblaze_update_dcache.o microblaze_0/lib/microblaze_update_icache.o microblaze_0/lib/outbyte.o microblaze_0
TRACE::2026-03-12.00:30:09::SCWMssOS::/lib/print.o microblaze_0/lib/pvr.o microblaze_0/lib/xbram.o microblaze_0/lib/xbram_g.o microblaze_0/lib/xbram_intr.o microblaz
TRACE::2026-03-12.00:30:09::SCWMssOS::e_0/lib/xbram_selftest.o microblaze_0/lib/xbram_sinit.o microblaze_0/lib/xgpio.o microblaze_0/lib/xgpio_extra.o microblaze_0/li
TRACE::2026-03-12.00:30:09::SCWMssOS::b/xgpio_g.o microblaze_0/lib/xgpio_intr.o microblaze_0/lib/xgpio_selftest.o microblaze_0/lib/xgpio_sinit.o microblaze_0/lib/xil
TRACE::2026-03-12.00:30:09::SCWMssOS::_assert.o microblaze_0/lib/xil_cache.o microblaze_0/lib/xil_clocking.o microblaze_0/lib/xil_exception.o microblaze_0/lib/xil_me
TRACE::2026-03-12.00:30:09::SCWMssOS::m.o microblaze_0/lib/xil_misc_psreset_api.o microblaze_0/lib/xil_printf.o microblaze_0/lib/xil_sleepcommon.o microblaze_0/lib/x
TRACE::2026-03-12.00:30:09::SCWMssOS::il_testcache.o microblaze_0/lib/xil_testio.o microblaze_0/lib/xil_testmem.o microblaze_0/lib/xil_util.o microblaze_0/lib/xintc.
TRACE::2026-03-12.00:30:09::SCWMssOS::o microblaze_0/lib/xintc_g.o microblaze_0/lib/xintc_intr.o microblaze_0/lib/xintc_l.o microblaze_0/lib/xintc_options.o microbla
TRACE::2026-03-12.00:30:09::SCWMssOS::ze_0/lib/xintc_selftest.o microblaze_0/lib/xinterrupt_wrap.o microblaze_0/lib/xio.o microblaze_0/lib/xplatform_info.o microblaz
TRACE::2026-03-12.00:30:09::SCWMssOS::e_0/lib/xuartlite.o microblaze_0/lib/xuartlite_g.o microblaze_0/lib/xuartlite_intr.o microblaze_0/lib/xuartlite_l.o microblaze_
TRACE::2026-03-12.00:30:09::SCWMssOS::0/lib/xuartlite_selftest.o microblaze_0/lib/xuartlite_sinit.o microblaze_0/lib/xuartlite_stats.o

TRACE::2026-03-12.00:30:09::SCWMssOS::'Finished building libraries'

TRACE::2026-03-12.00:30:09::SCWMssOS::Copying to export directory.
TRACE::2026-03-12.00:30:09::SCWMssOS:: Checking if to create the Supporting Applications
TRACE::2026-03-12.00:30:09::SCWMssOS:: No Linux domain exists, trying to generate FSBL 
LOG::2026-03-12.00:30:09::SCWSystem::Completed Processing the domain standalone_microblaze_0
LOG::2026-03-12.00:30:09::SCWSystem::Completed Processing the sysconfig mb_intro_top
LOG::2026-03-12.00:30:09::SCWPlatform::Completed generating the artifacts for system configuration mb_intro_top
TRACE::2026-03-12.00:30:09::SCWPlatform::Started preparing the platform 
TRACE::2026-03-12.00:30:09::SCWSystem::Writing the bif file for system config mb_intro_top
TRACE::2026-03-12.00:30:09::SCWSystem::dir created 
TRACE::2026-03-12.00:30:09::SCWSystem::Writing the bif 
TRACE::2026-03-12.00:30:09::SCWPlatform::Started writing the spfm file 
TRACE::2026-03-12.00:30:09::SCWPlatform::Started writing the xpfm file 
TRACE::2026-03-12.00:30:09::SCWPlatform::Completed generating the platform
TRACE::2026-03-12.00:30:09::SCWMssOS::Saving the mss changes C:/Users/willi/Documents/GitHub/ECE385/Lab6/Lab6.1/sdk/mb_intro_top/microblaze_0/standalone_microblaze_0/bsp/system.mss
TRACE::2026-03-12.00:30:09::SCWMssOS::Found a swdesign opened with the mssfile.
TRACE::2026-03-12.00:30:09::SCWMssOS::Completed writemss as part of save.
TRACE::2026-03-12.00:30:09::SCWMssOS::Commit changes completed.
TRACE::2026-03-12.00:30:09::SCWPlatform::Trying to open the hw design at C:/Users/willi/Documents/GitHub/ECE385/Lab6/Lab6.1/sdk/mb_intro_top/hw/mb_intro_top.xsa
TRACE::2026-03-12.00:30:09::SCWPlatform::DSA given C:/Users/willi/Documents/GitHub/ECE385/Lab6/Lab6.1/sdk/mb_intro_top/hw/mb_intro_top.xsa
TRACE::2026-03-12.00:30:09::SCWPlatform::DSA absoulate path C:/Users/willi/Documents/GitHub/ECE385/Lab6/Lab6.1/sdk/mb_intro_top/hw/mb_intro_top.xsa
TRACE::2026-03-12.00:30:09::SCWPlatform::DSA directory C:/Users/willi/Documents/GitHub/ECE385/Lab6/Lab6.1/sdk/mb_intro_top/hw
TRACE::2026-03-12.00:30:09::SCWPlatform:: Platform Path C:/Users/willi/Documents/GitHub/ECE385/Lab6/Lab6.1/sdk/mb_intro_top/hw/mb_intro_top.xsa
TRACE::2026-03-12.00:30:09::SCWPlatform:: Unique name xilinx:::0.0
TRACE::2026-03-12.00:30:09::SCWPlatform::Trying to set the existing hwdb with name mb_intro_top_2
TRACE::2026-03-12.00:30:09::SCWPlatform::Opened existing hwdb mb_intro_top_2
TRACE::2026-03-12.00:30:09::SCWPlatform::Found the Hw Db part of the input DSA
TRACE::2026-03-12.00:30:09::SCWMssOS::Checking the sw design at  C:/Users/willi/Documents/GitHub/ECE385/Lab6/Lab6.1/sdk/mb_intro_top/microblaze_0/standalone_microblaze_0/bsp/system.mss
TRACE::2026-03-12.00:30:09::SCWMssOS::DEBUG:  swdes dump  C:/Users/willi/Documents/GitHub/ECE385/Lab6/Lab6.1/sdk/mb_intro_top/microblaze_0/standalone_microblaze_0/bsp/system.mss|system||

TRACE::2026-03-12.00:30:09::SCWMssOS::Sw design exists and opened at  C:/Users/willi/Documents/GitHub/ECE385/Lab6/Lab6.1/sdk/mb_intro_top/microblaze_0/standalone_microblaze_0/bsp/system.mss
TRACE::2026-03-12.00:30:09::SCWWriter::formatted JSON is {
	"platformName":	"mb_intro_top",
	"sprVersion":	"2.0",
	"mode":	"gui",
	"dsaType":	"Fixed",
	"platformDesc":	"mb_intro_top",
	"platHandOff":	"C:/Users/willi/Documents/GitHub/ECE385/Lab6/Lab6.1/mb_intro_top.xsa",
	"platIntHandOff":	"<platformDir>/hw/mb_intro_top.xsa",
	"deviceType":	"FPGA",
	"platIsPrebuiltAutogen":	"false",
	"platIsNoBootBsp":	"false",
	"hasFsblMakeHasChanges":	"false",
	"hasPmufwMakeHasChanges":	"false",
	"platPreBuiltFlag":	false,
	"platformSamplesDir":	"",
	"platActiveSys":	"mb_intro_top",
	"systems":	[{
			"systemName":	"mb_intro_top",
			"systemDesc":	"mb_intro_top",
			"sysIsBootAutoGen":	"true",
			"systemDispName":	"mb_intro_top",
			"sysActiveDom":	"standalone_microblaze_0",
			"sysDefaultDom":	"standalone_microblaze_0",
			"domains":	[{
					"domainName":	"standalone_microblaze_0",
					"domainDispName":	"standalone_microblaze_0",
					"domainDesc":	"standalone_microblaze_0",
					"processors":	"microblaze_0",
					"os":	"standalone",
					"sdxOs":	"standalone",
					"debugEnable":	"False",
					"domRuntimes":	["cpp"],
					"swRepo":	"",
					"mssOsVer":	"8.0",
					"mssFile":	"",
					"md5Digest":	"c1850e17529c9e31e281c5dbe0d47e56",
					"compatibleApp":	"",
					"domType":	"mssDomain",
					"arch":	"32-bit",
					"appSettings":	{
						"appCompilerFlags":	"",
						"appLinkerFlags":	""
					},
					"addedLibs":	[],
					"libOptions":	{
						"libsContainingOptions":	[]
					},
					"prebuiltLibs":	{
						"prebuiltIncPath":	[],
						"prebuiltLibPath":	[]
					},
					"isolation":	{
					}
				}]
		}]
}
KEYINFO::2026-03-12.00:30:09::SCWPlatform::updated the xpfm file.
TRACE::2026-03-12.00:30:09::SCWPlatform::Trying to open the hw design at C:/Users/willi/Documents/GitHub/ECE385/Lab6/Lab6.1/sdk/mb_intro_top/hw/mb_intro_top.xsa
TRACE::2026-03-12.00:30:09::SCWPlatform::DSA given C:/Users/willi/Documents/GitHub/ECE385/Lab6/Lab6.1/sdk/mb_intro_top/hw/mb_intro_top.xsa
TRACE::2026-03-12.00:30:09::SCWPlatform::DSA absoulate path C:/Users/willi/Documents/GitHub/ECE385/Lab6/Lab6.1/sdk/mb_intro_top/hw/mb_intro_top.xsa
TRACE::2026-03-12.00:30:09::SCWPlatform::DSA directory C:/Users/willi/Documents/GitHub/ECE385/Lab6/Lab6.1/sdk/mb_intro_top/hw
TRACE::2026-03-12.00:30:09::SCWPlatform:: Platform Path C:/Users/willi/Documents/GitHub/ECE385/Lab6/Lab6.1/sdk/mb_intro_top/hw/mb_intro_top.xsa
TRACE::2026-03-12.00:30:09::SCWPlatform:: Unique name xilinx:::0.0
TRACE::2026-03-12.00:30:09::SCWPlatform::Trying to set the existing hwdb with name mb_intro_top_2
TRACE::2026-03-12.00:30:09::SCWPlatform::Opened existing hwdb mb_intro_top_2
TRACE::2026-03-12.00:30:09::SCWPlatform::Found the Hw Db part of the input DSA
TRACE::2026-03-12.00:30:09::SCWMssOS::Checking the sw design at  C:/Users/willi/Documents/GitHub/ECE385/Lab6/Lab6.1/sdk/mb_intro_top/microblaze_0/standalone_microblaze_0/bsp/system.mss
TRACE::2026-03-12.00:30:09::SCWMssOS::DEBUG:  swdes dump  C:/Users/willi/Documents/GitHub/ECE385/Lab6/Lab6.1/sdk/mb_intro_top/microblaze_0/standalone_microblaze_0/bsp/system.mss|system||

TRACE::2026-03-12.00:30:09::SCWMssOS::Sw design exists and opened at  C:/Users/willi/Documents/GitHub/ECE385/Lab6/Lab6.1/sdk/mb_intro_top/microblaze_0/standalone_microblaze_0/bsp/system.mss
