#-----------------------------------------------------------
# Vivado v2022.2 (64-bit)
# SW Build 3671981 on Fri Oct 14 05:00:03 MDT 2022
# IP Build 3669848 on Fri Oct 14 08:30:02 MDT 2022
# Start of session at: Sat Feb  7 15:47:28 2026
# Process ID: 39376
# Current directory: D:/ECE385/Lab2/registerUnit
# Command line: vivado.exe -gui_launcher_event rodinguilauncherevent23644 D:\ECE385\Lab2\registerUnit\registerUnit.xpr
# Log file: D:/ECE385/Lab2/registerUnit/vivado.log
# Journal file: D:/ECE385/Lab2/registerUnit\vivado.jou
# Running On: DESKTOP-DBM6BK3, OS: Windows, CPU Frequency: 3893 MHz, CPU Physical cores: 12, Host memory: 33408 MB
#-----------------------------------------------------------
start_gui
open_project D:/ECE385/Lab2/registerUnit/registerUnit.xpr
WARNING: [Board 49-26] cannot add Board Part xilinx.com:ac701:part0:1.4 available at C:/Xilinx/Vivado/2022.2/data/xhub/boards/XilinxBoardStore/boards/Xilinx/ac701/1.4/board.xml as part xc7a200tfbg676-2 specified in board_part file is either invalid or not available
WARNING: [Board 49-26] cannot add Board Part xilinx.com:k26c:part0:1.2 available at C:/Xilinx/Vivado/2022.2/data/xhub/boards/XilinxBoardStore/boards/Xilinx/k26c/1.2/board.xml as part xck26-sfvc784-2lv-c specified in board_part file is either invalid or not available
WARNING: [Board 49-26] cannot add Board Part xilinx.com:k26c:part0:1.3 available at C:/Xilinx/Vivado/2022.2/data/xhub/boards/XilinxBoardStore/boards/Xilinx/k26c/1.3/board.xml as part xck26-sfvc784-2lv-c specified in board_part file is either invalid or not available
WARNING: [Board 49-26] cannot add Board Part xilinx.com:k26c:part0:1.4 available at C:/Xilinx/Vivado/2022.2/data/xhub/boards/XilinxBoardStore/boards/Xilinx/k26c/1.4/board.xml as part xck26-sfvc784-2lv-c specified in board_part file is either invalid or not available
WARNING: [Board 49-26] cannot add Board Part xilinx.com:k26i:part0:1.2 available at C:/Xilinx/Vivado/2022.2/data/xhub/boards/XilinxBoardStore/boards/Xilinx/k26i/1.2/board.xml as part xck26-sfvc784-2lvi-i specified in board_part file is either invalid or not available
WARNING: [Board 49-26] cannot add Board Part xilinx.com:k26i:part0:1.3 available at C:/Xilinx/Vivado/2022.2/data/xhub/boards/XilinxBoardStore/boards/Xilinx/k26i/1.3/board.xml as part xck26-sfvc784-2lvi-i specified in board_part file is either invalid or not available
WARNING: [Board 49-26] cannot add Board Part xilinx.com:k26i:part0:1.4 available at C:/Xilinx/Vivado/2022.2/data/xhub/boards/XilinxBoardStore/boards/Xilinx/k26i/1.4/board.xml as part xck26-sfvc784-2lvi-i specified in board_part file is either invalid or not available
WARNING: [Board 49-26] cannot add Board Part xilinx.com:kc705:part0:1.6 available at C:/Xilinx/Vivado/2022.2/data/xhub/boards/XilinxBoardStore/boards/Xilinx/kc705/1.6/board.xml as part xc7k325tffg900-2 specified in board_part file is either invalid or not available
WARNING: [Board 49-26] cannot add Board Part xilinx.com:kcu105:part0:1.6 available at C:/Xilinx/Vivado/2022.2/data/xhub/boards/XilinxBoardStore/boards/Xilinx/kcu105/1.6/board.xml as part xcku040-ffva1156-2-e specified in board_part file is either invalid or not available
WARNING: [Board 49-26] cannot add Board Part xilinx.com:kcu105:part0:1.7 available at C:/Xilinx/Vivado/2022.2/data/xhub/boards/XilinxBoardStore/boards/Xilinx/kcu105/1.7/board.xml as part xcku040-ffva1156-2-e specified in board_part file is either invalid or not available
WARNING: [Board 49-26] cannot add Board Part xilinx.com:kcu116:part0:1.4 available at C:/Xilinx/Vivado/2022.2/data/xhub/boards/XilinxBoardStore/boards/Xilinx/kcu116/1.4/board.xml as part xcku5p-ffvb676-2-e specified in board_part file is either invalid or not available
WARNING: [Board 49-26] cannot add Board Part xilinx.com:kcu116:part0:1.5 available at C:/Xilinx/Vivado/2022.2/data/xhub/boards/XilinxBoardStore/boards/Xilinx/kcu116/1.5/board.xml as part xcku5p-ffvb676-2-e specified in board_part file is either invalid or not available
WARNING: [Board 49-26] cannot add Board Part xilinx.com:kcu1500:part0:1.2 available at C:/Xilinx/Vivado/2022.2/data/xhub/boards/XilinxBoardStore/boards/Xilinx/kcu1500/1.2/board.xml as part xcku115-flvb2104-2-e specified in board_part file is either invalid or not available
WARNING: [Board 49-26] cannot add Board Part xilinx.com:kr260_som:part0:1.0 available at C:/Xilinx/Vivado/2022.2/data/xhub/boards/XilinxBoardStore/boards/Xilinx/kr260_som/1.0/board.xml as part xck26-sfvc784-2lv-c specified in board_part file is either invalid or not available
WARNING: [Board 49-26] cannot add Board Part xilinx.com:kr260_som:part0:1.1 available at C:/Xilinx/Vivado/2022.2/data/xhub/boards/XilinxBoardStore/boards/Xilinx/kr260_som/1.1/board.xml as part xck26-sfvc784-2lv-c specified in board_part file is either invalid or not available
WARNING: [Board 49-26] cannot add Board Part xilinx.com:kv260_som:part0:1.2 available at C:/Xilinx/Vivado/2022.2/data/xhub/boards/XilinxBoardStore/boards/Xilinx/kv260_som/1.2/board.xml as part xck26-sfvc784-2lv-c specified in board_part file is either invalid or not available
WARNING: [Board 49-26] cannot add Board Part xilinx.com:kv260_som:part0:1.3 available at C:/Xilinx/Vivado/2022.2/data/xhub/boards/XilinxBoardStore/boards/Xilinx/kv260_som/1.3/board.xml as part xck26-sfvc784-2lv-c specified in board_part file is either invalid or not available
WARNING: [Board 49-26] cannot add Board Part xilinx.com:kv260_som:part0:1.4 available at C:/Xilinx/Vivado/2022.2/data/xhub/boards/XilinxBoardStore/boards/Xilinx/kv260_som/1.4/board.xml as part xck26-sfvc784-2lv-c specified in board_part file is either invalid or not available
WARNING: [Board 49-26] cannot add Board Part xilinx.com:vc707:part0:1.4 available at C:/Xilinx/Vivado/2022.2/data/xhub/boards/XilinxBoardStore/boards/Xilinx/vc707/1.4/board.xml as part xc7vx485tffg1761-2 specified in board_part file is either invalid or not available
WARNING: [Board 49-26] cannot add Board Part xilinx.com:vc709:part0:1.8 available at C:/Xilinx/Vivado/2022.2/data/xhub/boards/XilinxBoardStore/boards/Xilinx/vc709/1.8/board.xml as part xc7vx690tffg1761-2 specified in board_part file is either invalid or not available
WARNING: [Board 49-26] cannot add Board Part xilinx.com:vck190:part0:2.2 available at C:/Xilinx/Vivado/2022.2/data/xhub/boards/XilinxBoardStore/boards/Xilinx/vck190/production/2.2/board.xml as part xcvc1902-vsva2197-2mp-e-s specified in board_part file is either invalid or not available
WARNING: [Board 49-26] cannot add Board Part xilinx.com:vck190:part0:3.0 available at C:/Xilinx/Vivado/2022.2/data/xhub/boards/XilinxBoardStore/boards/Xilinx/vck190/production/3.0/board.xml as part xcvc1902-vsva2197-2mp-e-s specified in board_part file is either invalid or not available
WARNING: [Board 49-26] cannot add Board Part xilinx.com:vck190:part0:3.1 available at C:/Xilinx/Vivado/2022.2/data/xhub/boards/XilinxBoardStore/boards/Xilinx/vck190/production/3.1/board.xml as part xcvc1902-vsva2197-2mp-e-s specified in board_part file is either invalid or not available
WARNING: [Board 49-26] cannot add Board Part xilinx.com:vck190_newl:part0:1.0 available at C:/Xilinx/Vivado/2022.2/data/xhub/boards/XilinxBoardStore/boards/Xilinx/vck190_newl/production/1.0/board.xml as part xcvc1902-vsva2197-2mp-e-s specified in board_part file is either invalid or not available
WARNING: [Board 49-26] cannot add Board Part xilinx.com:vcu108:part0:1.6 available at C:/Xilinx/Vivado/2022.2/data/xhub/boards/XilinxBoardStore/boards/Xilinx/vcu108/1.6/board.xml as part xcvu095-ffva2104-2-e specified in board_part file is either invalid or not available
WARNING: [Board 49-26] cannot add Board Part xilinx.com:vcu108:part0:1.7 available at C:/Xilinx/Vivado/2022.2/data/xhub/boards/XilinxBoardStore/boards/Xilinx/vcu108/1.7/board.xml as part xcvu095-ffva2104-2-e specified in board_part file is either invalid or not available
WARNING: [Board 49-26] cannot add Board Part xilinx.com:vcu110:part0:1.4 available at C:/Xilinx/Vivado/2022.2/data/xhub/boards/XilinxBoardStore/boards/Xilinx/vcu110/1.4/board.xml as part xcvu190-flgc2104-2-e specified in board_part file is either invalid or not available
WARNING: [Board 49-26] cannot add Board Part xilinx.com:vcu118:part0:2.0 available at C:/Xilinx/Vivado/2022.2/data/xhub/boards/XilinxBoardStore/boards/Xilinx/vcu118/2.0/board.xml as part xcvu9p-flga2104-2l-e specified in board_part file is either invalid or not available
WARNING: [Board 49-26] cannot add Board Part xilinx.com:vcu118:part0:2.3 available at C:/Xilinx/Vivado/2022.2/data/xhub/boards/XilinxBoardStore/boards/Xilinx/vcu118/2.3/board.xml as part xcvu9p-flga2104-2l-e specified in board_part file is either invalid or not available
WARNING: [Board 49-26] cannot add Board Part xilinx.com:vcu118:part0:2.4 available at C:/Xilinx/Vivado/2022.2/data/xhub/boards/XilinxBoardStore/boards/Xilinx/vcu118/2.4/board.xml as part xcvu9p-flga2104-2l-e specified in board_part file is either invalid or not available
WARNING: [Board 49-26] cannot add Board Part xilinx.com:vcu128:part0:1.0 available at C:/Xilinx/Vivado/2022.2/data/xhub/boards/XilinxBoardStore/boards/Xilinx/vcu128/production/1.0/board.xml as part xcvu37p-fsvh2892-2l-e specified in board_part file is either invalid or not available
WARNING: [Board 49-26] cannot add Board Part xilinx.com:vcu129:part0:1.0 available at C:/Xilinx/Vivado/2022.2/data/xhub/boards/XilinxBoardStore/boards/Xilinx/vcu129/production/1.0/board.xml as part xcvu29p-fsga2577-2l-e specified in board_part file is either invalid or not available
WARNING: [Board 49-26] cannot add Board Part xilinx.com:vcu1525:part0:1.3 available at C:/Xilinx/Vivado/2022.2/data/xhub/boards/XilinxBoardStore/boards/Xilinx/vcu1525/1.3/board.xml as part xcvu9p-fsgd2104-2l-e specified in board_part file is either invalid or not available
WARNING: [Board 49-26] cannot add Board Part xilinx.com:vek280_es:part0:1.0 available at C:/Xilinx/Vivado/2022.2/data/xhub/boards/XilinxBoardStore/boards/Xilinx/vek280/es/1.0/board.xml as part xcve2802-vsvh1760-2lp-e-s-es1 specified in board_part file is either invalid or not available
WARNING: [Board 49-26] cannot add Board Part xilinx.com:vermeo_t1_mpsoc:part0:1.0 available at C:/Xilinx/Vivado/2022.2/data/xhub/boards/XilinxBoardStore/boards/Xilinx/vermeo_t1_mpsoc/1.0/board.xml as part xczu19eg-ffvd1760-2l-e specified in board_part file is either invalid or not available
WARNING: [Board 49-26] cannot add Board Part xilinx.com:vermeo_t1_rfsoc:part0:1.0 available at C:/Xilinx/Vivado/2022.2/data/xhub/boards/XilinxBoardStore/boards/Xilinx/vermeo_t1_rfsoc/1.0/board.xml as part xczu21dr-ffvd1156-2l-e specified in board_part file is either invalid or not available
WARNING: [Board 49-26] cannot add Board Part xilinx.com:vhk158_es:part0:1.0 available at C:/Xilinx/Vivado/2022.2/data/xhub/boards/XilinxBoardStore/boards/Xilinx/vhk158/es/1.0/board.xml as part xcvh1582-vsva3697-2mp-e-s-es1 specified in board_part file is either invalid or not available
WARNING: [Board 49-26] cannot add Board Part xilinx.com:vmk180:part0:2.2 available at C:/Xilinx/Vivado/2022.2/data/xhub/boards/XilinxBoardStore/boards/Xilinx/vmk180/production/2.2/board.xml as part xcvm1802-vsva2197-2mp-e-s specified in board_part file is either invalid or not available
WARNING: [Board 49-26] cannot add Board Part xilinx.com:vmk180:part0:3.0 available at C:/Xilinx/Vivado/2022.2/data/xhub/boards/XilinxBoardStore/boards/Xilinx/vmk180/production/3.0/board.xml as part xcvm1802-vsva2197-2mp-e-s specified in board_part file is either invalid or not available
WARNING: [Board 49-26] cannot add Board Part xilinx.com:vmk180:part0:3.1 available at C:/Xilinx/Vivado/2022.2/data/xhub/boards/XilinxBoardStore/boards/Xilinx/vmk180/production/3.1/board.xml as part xcvm1802-vsva2197-2mp-e-s specified in board_part file is either invalid or not available
WARNING: [Board 49-26] cannot add Board Part xilinx.com:vmk180_newl:part0:1.0 available at C:/Xilinx/Vivado/2022.2/data/xhub/boards/XilinxBoardStore/boards/Xilinx/vmk180_newl/production/1.0/board.xml as part xcvm1802-vsva2197-2mp-e-s specified in board_part file is either invalid or not available
WARNING: [Board 49-26] cannot add Board Part xilinx.com:vpk120:part0:1.0 available at C:/Xilinx/Vivado/2022.2/data/xhub/boards/XilinxBoardStore/boards/Xilinx/vpk120/production/1.0/board.xml as part xcvp1202-vsva2785-2mp-e-s specified in board_part file is either invalid or not available
WARNING: [Board 49-26] cannot add Board Part xilinx.com:vpk120_es:part0:1.2 available at C:/Xilinx/Vivado/2022.2/data/xhub/boards/XilinxBoardStore/boards/Xilinx/vpk120/es/1.2/board.xml as part xcvp1202-vsva2785-2mp-e-s-es1 specified in board_part file is either invalid or not available
WARNING: [Board 49-26] cannot add Board Part xilinx.com:vpk120_es_revb:part0:1.0 available at C:/Xilinx/Vivado/2022.2/data/xhub/boards/XilinxBoardStore/boards/Xilinx/vpk120_revb/es/1.0/board.xml as part xcvp1202-vsva2785-2mp-e-s-es1 specified in board_part file is either invalid or not available
WARNING: [Board 49-26] cannot add Board Part xilinx.com:vpk180_es:part0:1.0 available at C:/Xilinx/Vivado/2022.2/data/xhub/boards/XilinxBoardStore/boards/Xilinx/vpk180/es/1.0/board.xml as part xcvp1802-lsvc4072-2mp-e-s-es1 specified in board_part file is either invalid or not available
WARNING: [Board 49-26] cannot add Board Part xilinx.com:zc702:part0:1.4 available at C:/Xilinx/Vivado/2022.2/data/xhub/boards/XilinxBoardStore/boards/Xilinx/zc702/1.4/board.xml as part xc7z020clg484-1 specified in board_part file is either invalid or not available
WARNING: [Board 49-26] cannot add Board Part xilinx.com:zc706:part0:1.4 available at C:/Xilinx/Vivado/2022.2/data/xhub/boards/XilinxBoardStore/boards/Xilinx/zc706/1.4/board.xml as part xc7z045ffg900-2 specified in board_part file is either invalid or not available
WARNING: [Board 49-26] cannot add Board Part xilinx.com:zcu102:part0:3.3 available at C:/Xilinx/Vivado/2022.2/data/xhub/boards/XilinxBoardStore/boards/Xilinx/zcu102/3.3/board.xml as part xczu9eg-ffvb1156-2-e specified in board_part file is either invalid or not available
WARNING: [Board 49-26] cannot add Board Part xilinx.com:zcu102:part0:3.4 available at C:/Xilinx/Vivado/2022.2/data/xhub/boards/XilinxBoardStore/boards/Xilinx/zcu102/3.4/board.xml as part xczu9eg-ffvb1156-2-e specified in board_part file is either invalid or not available
WARNING: [Board 49-26] cannot add Board Part xilinx.com:zcu104:part0:1.1 available at C:/Xilinx/Vivado/2022.2/data/xhub/boards/XilinxBoardStore/boards/Xilinx/zcu104/1.1/board.xml as part xczu7ev-ffvc1156-2-e specified in board_part file is either invalid or not available
WARNING: [Board 49-26] cannot add Board Part xilinx.com:zcu106:part0:2.4 available at C:/Xilinx/Vivado/2022.2/data/xhub/boards/XilinxBoardStore/boards/Xilinx/zcu106/2.4/board.xml as part xczu7ev-ffvc1156-2-e specified in board_part file is either invalid or not available
WARNING: [Board 49-26] cannot add Board Part xilinx.com:zcu106:part0:2.5 available at C:/Xilinx/Vivado/2022.2/data/xhub/boards/XilinxBoardStore/boards/Xilinx/zcu106/2.5/board.xml as part xczu7ev-ffvc1156-2-e specified in board_part file is either invalid or not available
WARNING: [Board 49-26] cannot add Board Part xilinx.com:zcu106:part0:2.6 available at C:/Xilinx/Vivado/2022.2/data/xhub/boards/XilinxBoardStore/boards/Xilinx/zcu106/2.6/board.xml as part xczu7ev-ffvc1156-2-e specified in board_part file is either invalid or not available
WARNING: [Board 49-26] cannot add Board Part xilinx.com:zcu111:part0:1.2 available at C:/Xilinx/Vivado/2022.2/data/xhub/boards/XilinxBoardStore/boards/Xilinx/zcu111/1.2/board.xml as part xczu28dr-ffvg1517-2-e specified in board_part file is either invalid or not available
WARNING: [Board 49-26] cannot add Board Part xilinx.com:zcu111:part0:1.3 available at C:/Xilinx/Vivado/2022.2/data/xhub/boards/XilinxBoardStore/boards/Xilinx/zcu111/1.3/board.xml as part xczu28dr-ffvg1517-2-e specified in board_part file is either invalid or not available
WARNING: [Board 49-26] cannot add Board Part xilinx.com:zcu111:part0:1.4 available at C:/Xilinx/Vivado/2022.2/data/xhub/boards/XilinxBoardStore/boards/Xilinx/zcu111/1.4/board.xml as part xczu28dr-ffvg1517-2-e specified in board_part file is either invalid or not available
WARNING: [Board 49-26] cannot add Board Part xilinx.com:zcu1275:part0:1.0 available at C:/Xilinx/Vivado/2022.2/data/xhub/boards/XilinxBoardStore/boards/Xilinx/zcu1275/1.0/board.xml as part xczu29dr-ffvf1760-2-e specified in board_part file is either invalid or not available
WARNING: [Board 49-26] cannot add Board Part xilinx.com:zcu1285:part0:1.0 available at C:/Xilinx/Vivado/2022.2/data/xhub/boards/XilinxBoardStore/boards/Xilinx/zcu1285/1.0/board.xml as part xczu39dr-ffvf1760-2-i specified in board_part file is either invalid or not available
WARNING: [Board 49-26] cannot add Board Part xilinx.com:zcu208:part0:2.0 available at C:/Xilinx/Vivado/2022.2/data/xhub/boards/XilinxBoardStore/boards/Xilinx/zcu208/production/2.0/board.xml as part xczu48dr-fsvg1517-2-e specified in board_part file is either invalid or not available
WARNING: [Board 49-26] cannot add Board Part xilinx.com:zcu208ld:part0:2.0 available at C:/Xilinx/Vivado/2022.2/data/xhub/boards/XilinxBoardStore/boards/Xilinx/zcu208ld/production/2.0/board.xml as part xczu58dr-fsvg1517-2-i specified in board_part file is either invalid or not available
WARNING: [Board 49-26] cannot add Board Part xilinx.com:zcu216:part0:2.0 available at C:/Xilinx/Vivado/2022.2/data/xhub/boards/XilinxBoardStore/boards/Xilinx/zcu216/production/2.0/board.xml as part xczu49dr-ffvf1760-2-e specified in board_part file is either invalid or not available
WARNING: [Board 49-26] cannot add Board Part xilinx.com:zcu216ld:part0:2.0 available at C:/Xilinx/Vivado/2022.2/data/xhub/boards/XilinxBoardStore/boards/Xilinx/zcu216ld/production/2.0/board.xml as part xczu59dr-ffvf1760-2-i specified in board_part file is either invalid or not available
WARNING: [Board 49-26] cannot add Board Part xilinx.com:zcu670:part0:2.0 available at C:/Xilinx/Vivado/2022.2/data/xhub/boards/XilinxBoardStore/boards/Xilinx/zcu670/2.0/board.xml as part xczu67dr-fsve1156-2-i specified in board_part file is either invalid or not available
WARNING: [Board 49-26] cannot add Board Part xilinx.com:zcu670ld:part0:1.0 available at C:/Xilinx/Vivado/2022.2/data/xhub/boards/XilinxBoardStore/boards/Xilinx/zcu670ld/1.0/board.xml as part xczu57dr-fsve1156-2-i specified in board_part file is either invalid or not available
INFO: [Project 1-313] Project file moved from 'C:/Users/William Wei/Documents/ECE385/Lab 2/registerUnit' since last save.
WARNING: [filemgmt 56-3] IPUserFilesDir: Could not find the directory 'D:/ECE385/Lab2/registerUnit/registerUnit.ip_user_files'.
Scanning sources...
Finished scanning sources
INFO: [IP_Flow 19-234] Refreshing IP repositories
INFO: [IP_Flow 19-1700] Loaded user IP repository 'd:/ECE385/Lab2/registerUnit/IP'.
INFO: [IP_Flow 19-2313] Loaded Vivado IP repository 'C:/Xilinx/Vivado/2022.2/data/ip'.
open_project: Time (s): cpu = 00:00:08 ; elapsed = 00:00:06 . Memory (MB): peak = 1080.074 ; gain = 317.992
open_bd_design {D:/ECE385/Lab2/registerUnit/registerUnit.srcs/sources_1/bd/computationUnit/computationUnit.bd}
Reading block design file <D:/ECE385/Lab2/registerUnit/registerUnit.srcs/sources_1/bd/computationUnit/computationUnit.bd>...
Adding component instance block -- ece.illinois.edu:user:ece385_74151:1.0 - ece385_74151_0
Adding component instance block -- ece.illinois.edu:ece385:ece385_nand_2:1.0 - ece385_nand_2_0
Adding component instance block -- ece.illinois.edu:ece385:ece385_not:1.0 - ece385_not_0
Adding component instance block -- ece.illinois.edu:ece385:ece385_nor_2:1.0 - ece385_nor_2_0
Adding component instance block -- ece.illinois.edu:ece385:ece385_not:1.0 - ece385_not_1
Adding component instance block -- ece.illinois.edu:ece385:ece385_xor_2:1.0 - ece385_xor_2_0
Adding component instance block -- ece.illinois.edu:ece385:ece385_not:1.0 - ece385_not_2
Adding component instance block -- ece.illinois.edu:ece385:ece385_vcc:1.0 - ece385_vcc_0
Adding component instance block -- ece.illinois.edu:ece385:ece385_gnd:1.0 - ece385_gnd_0
Successfully read diagram <computationUnit> from block design file <D:/ECE385/Lab2/registerUnit/registerUnit.srcs/sources_1/bd/computationUnit/computationUnit.bd>
update_compile_order -fileset sources_1
open_bd_design {D:/ECE385/Lab2/registerUnit/registerUnit.srcs/sources_1/bd/controlUnit/controlUnit.bd}
Reading block design file <D:/ECE385/Lab2/registerUnit/registerUnit.srcs/sources_1/bd/controlUnit/controlUnit.bd>...
Adding component instance block -- ece.illinois.edu:ece385:ece385_74161:1.0 - ece385_74161_0
Adding component instance block -- ece.illinois.edu:ece385:ece385_7474:1.0 - ece385_7474_0
Adding component instance block -- ece.illinois.edu:ece385:ece385_vcc:1.0 - ece385_vcc_0
Adding component instance block -- ece.illinois.edu:ece385:ece385_nand_3:1.0 - ece385_nand_3_0
Adding component instance block -- ece.illinois.edu:ece385:ece385_nand_3:1.0 - ece385_nand_3_1
Adding component instance block -- ece.illinois.edu:ece385:ece385_not:1.0 - ece385_not_1
Adding component instance block -- ece.illinois.edu:ece385:ece385_not:1.0 - ece385_not_2
Adding component instance block -- ece.illinois.edu:ece385:ece385_nand_2:1.0 - ece385_nand_2_0
Adding component instance block -- ece.illinois.edu:ece385:ece385_not:1.0 - ece385_not_3
Adding component instance block -- ece.illinois.edu:ece385:ece385_nand_2:1.0 - ece385_nand_2_1
Adding component instance block -- ece.illinois.edu:ece385:ece385_nand_2:1.0 - ece385_nand_2_2
Adding component instance block -- ece.illinois.edu:ece385:ece385_nor_2:1.0 - ece385_nor_2_0
Adding component instance block -- ece.illinois.edu:ece385:ece385_nor_2:1.0 - ece385_nor_2_1
Adding component instance block -- ece.illinois.edu:ece385:ece385_not:1.0 - ece385_not_4
Adding component instance block -- ece.illinois.edu:ece385:ece385_not:1.0 - ece385_not_5
Adding component instance block -- ece.illinois.edu:ece385:ece385_not:1.0 - ece385_not_6
Adding component instance block -- ece.illinois.edu:ece385:ece385_not:1.0 - ece385_not_7
Adding component instance block -- ece.illinois.edu:ece385:ece385_not:1.0 - ece385_not_8
Successfully read diagram <controlUnit> from block design file <D:/ECE385/Lab2/registerUnit/registerUnit.srcs/sources_1/bd/controlUnit/controlUnit.bd>
current_bd_design [get_bd_designs computationUnit]
close_bd_design [get_bd_designs computationUnit]
Wrote  : <D:/ECE385/Lab2/registerUnit/registerUnit.srcs/sources_1/bd/computationUnit/ui/bd_5b54edab.ui> 
open_bd_design {D:/ECE385/Lab2/registerUnit/registerUnit.srcs/sources_1/bd/registerUnit/registerUnit.bd}
Reading block design file <D:/ECE385/Lab2/registerUnit/registerUnit.srcs/sources_1/bd/registerUnit/registerUnit.bd>...
Adding component instance block -- ece.illinois.edu:ece385:ece385_74194:1.0 - ece385_74194_0
Adding component instance block -- ece.illinois.edu:ece385:ece385_74194:1.0 - ece385_74194_1
Adding component instance block -- ece.illinois.edu:ece385:ece385_vcc:1.0 - ece385_vcc_0
Successfully read diagram <registerUnit> from block design file <D:/ECE385/Lab2/registerUnit/registerUnit.srcs/sources_1/bd/registerUnit/registerUnit.bd>
open_bd_design {D:/ECE385/Lab2/registerUnit/registerUnit.srcs/sources_1/bd/computationUnit/computationUnit.bd}
Reading block design file <D:/ECE385/Lab2/registerUnit/registerUnit.srcs/sources_1/bd/computationUnit/computationUnit.bd>...
Adding component instance block -- ece.illinois.edu:user:ece385_74151:1.0 - ece385_74151_0
Adding component instance block -- ece.illinois.edu:ece385:ece385_nand_2:1.0 - ece385_nand_2_0
Adding component instance block -- ece.illinois.edu:ece385:ece385_not:1.0 - ece385_not_0
Adding component instance block -- ece.illinois.edu:ece385:ece385_nor_2:1.0 - ece385_nor_2_0
Adding component instance block -- ece.illinois.edu:ece385:ece385_not:1.0 - ece385_not_1
Adding component instance block -- ece.illinois.edu:ece385:ece385_xor_2:1.0 - ece385_xor_2_0
Adding component instance block -- ece.illinois.edu:ece385:ece385_not:1.0 - ece385_not_2
Adding component instance block -- ece.illinois.edu:ece385:ece385_vcc:1.0 - ece385_vcc_0
Adding component instance block -- ece.illinois.edu:ece385:ece385_gnd:1.0 - ece385_gnd_0
Successfully read diagram <computationUnit> from block design file <D:/ECE385/Lab2/registerUnit/registerUnit.srcs/sources_1/bd/computationUnit/computationUnit.bd>
open_bd_design {D:/ECE385/Lab2/registerUnit/registerUnit.srcs/sources_1/bd/registerUnit/registerUnit.bd}
set_property location {-88 241} [get_bd_ports S0_0]
current_bd_design [get_bd_designs controlUnit]
current_bd_design [get_bd_designs registerUnit]
set_property name S0B [get_bd_ports S0_1]
set_property name S1B [get_bd_ports S1_1]
set_property location {10 378} [get_bd_ports SR_1]
delete_bd_objs [get_bd_nets SR_1_1] [get_bd_ports SR_1]
delete_bd_objs [get_bd_nets SR_0_1] [get_bd_ports SR_0]
set_property name S1A [get_bd_ports S1_0]
set_property name S0A [get_bd_ports S0_0]
current_bd_design [get_bd_designs controlUnit]
startgroup
make_bd_pins_external  [get_bd_pins ece385_7474_0/Q1]
endgroup
set_property name S [get_bd_ports Q1_0]
save_bd_design
Wrote  : <D:\ECE385\Lab2\registerUnit\registerUnit.srcs\sources_1\bd\controlUnit\controlUnit.bd> 
Wrote  : <D:/ECE385/Lab2/registerUnit/registerUnit.srcs/sources_1/bd/controlUnit/ui/bd_23b643c1.ui> 
current_bd_design [get_bd_designs registerUnit]
startgroup
make_bd_pins_external  [get_bd_pins ece385_74194_0/SR]
endgroup
set_property name S [get_bd_ports SR_0]
connect_bd_net [get_bd_ports S] [get_bd_pins ece385_74194_1/SR]
set_property location {-44 82} [get_bd_ports A_0]
set_property name DIN0 [get_bd_ports A_0]
set_property name DIN2 [get_bd_ports B_0]
set_property name DIN1 [get_bd_ports DIN2]
set_property name DIN2 [get_bd_ports C_0]
set_property name DIN3 [get_bd_ports D_0]
delete_bd_objs [get_bd_nets A_1_1] [get_bd_ports A_1]
delete_bd_objs [get_bd_nets B_1_1] [get_bd_ports B_1]
delete_bd_objs [get_bd_nets C_1_1] [get_bd_ports C_1]
delete_bd_objs [get_bd_nets D_1_1] [get_bd_ports D_1]
set_property location {-40 95} [get_bd_ports DIN0]
connect_bd_net [get_bd_ports DIN0] [get_bd_pins ece385_74194_1/A]
connect_bd_net [get_bd_ports DIN1] [get_bd_pins ece385_74194_1/B]
connect_bd_net [get_bd_ports DIN2] [get_bd_pins ece385_74194_1/C]
connect_bd_net [get_bd_ports DIN3] [get_bd_pins ece385_74194_1/D]
save_bd_design
Wrote  : <D:\ECE385\Lab2\registerUnit\registerUnit.srcs\sources_1\bd\registerUnit\registerUnit.bd> 
Wrote  : <D:/ECE385/Lab2/registerUnit/registerUnit.srcs/sources_1/bd/registerUnit/ui/bd_eb2af5a7.ui> 
open_bd_design {D:/ECE385/Lab2/registerUnit/registerUnit.srcs/sources_1/bd/routingUnit/routingUnit.bd}
Reading block design file <D:/ECE385/Lab2/registerUnit/registerUnit.srcs/sources_1/bd/routingUnit/routingUnit.bd>...
Adding component instance block -- ece.illinois.edu:ece385:ece385_74153:1.0 - ece385_74153_0
Adding component instance block -- ece.illinois.edu:ece385:ece385_gnd:1.0 - ece385_gnd_0
Successfully read diagram <routingUnit> from block design file <D:/ECE385/Lab2/registerUnit/registerUnit.srcs/sources_1/bd/routingUnit/routingUnit.bd>
set_property name Aout [get_bd_ports Aroutingout]
set_property name Bout [get_bd_ports Broutingout]
save_bd_design
Wrote  : <D:\ECE385\Lab2\registerUnit\registerUnit.srcs\sources_1\bd\routingUnit\routingUnit.bd> 
Wrote  : <D:/ECE385/Lab2/registerUnit/registerUnit.srcs/sources_1/bd/routingUnit/ui/bd_b00d8d0a.ui> 
current_bd_design [get_bd_designs registerUnit]
current_bd_design [get_bd_designs controlUnit]
delete_bd_objs [get_bd_nets ece385_7474_0_Q1] [get_bd_ports S]
save_bd_design
Wrote  : <D:\ECE385\Lab2\registerUnit\registerUnit.srcs\sources_1\bd\controlUnit\controlUnit.bd> 
Wrote  : <D:/ECE385/Lab2/registerUnit/registerUnit.srcs/sources_1/bd/controlUnit/ui/bd_23b643c1.ui> 
current_bd_design [get_bd_designs registerUnit]
set_property name Ain [get_bd_ports S]
delete_bd_objs [get_bd_nets SR_0_1]
connect_bd_net [get_bd_ports Ain] [get_bd_pins ece385_74194_0/SR]
startgroup
make_bd_pins_external  [get_bd_pins ece385_74194_1/SR]
endgroup
set_property name Bin [get_bd_ports SR_0]
regenerate_bd_layout
delete_bd_objs [get_bd_nets SR_0_1]
delete_bd_objs [get_bd_nets Ain_1]
set_property location {362 90} [get_bd_ports Ain]
set_property location {-25 324} [get_bd_ports Ain]
connect_bd_net [get_bd_ports Ain] [get_bd_pins ece385_74194_1/SR]
connect_bd_net [get_bd_ports Bin] [get_bd_pins ece385_74194_0/SR]
regenerate_bd_layout
set_property name Aout0 [get_bd_ports QA_1]
set_property name DIN [get_bd_ports DIN0]
set_property name DIN0 [get_bd_ports DIN3]
set_property name DIN3 [get_bd_ports DIN]
set_property name DIN [get_bd_ports DIN1]
set_property name DIN1 [get_bd_ports DIN2]
set_property name DIN2 [get_bd_ports DIN]
regenerate_bd_layout
set_property name Aout3 [get_bd_ports Aout0]
set_property name Aout2 [get_bd_ports QB_1]
set_property name Aout1 [get_bd_ports QC_1]
set_property name Aout0 [get_bd_ports QD_1]
set_property name Bout0 [get_bd_ports QD_0]
set_property name Bout1 [get_bd_ports QC_0]
set_property name Bout2 [get_bd_ports QB_0]
set_property name Bout3 [get_bd_ports QA_0]
save_bd_design
Wrote  : <D:\ECE385\Lab2\registerUnit\registerUnit.srcs\sources_1\bd\registerUnit\registerUnit.bd> 
Wrote  : <D:/ECE385/Lab2/registerUnit/registerUnit.srcs/sources_1/bd/registerUnit/ui/bd_eb2af5a7.ui> 
current_bd_design [get_bd_designs routingUnit]
current_bd_design [get_bd_designs computationUnit]
set_property name Fout [get_bd_ports f]
save_bd_design
Wrote  : <D:\ECE385\Lab2\registerUnit\registerUnit.srcs\sources_1\bd\computationUnit\computationUnit.bd> 
Wrote  : <D:/ECE385/Lab2/registerUnit/registerUnit.srcs/sources_1/bd/computationUnit/ui/bd_5b54edab.ui> 
exit
INFO: [Common 17-206] Exiting Vivado at Sat Feb  7 16:08:04 2026...
